mode: atomic
sentinel-hub-api/handlers/api_version.go:20.92,24.2 1 0
sentinel-hub-api/handlers/api_version.go:27.86,29.61 2 0
sentinel-hub-api/handlers/api_version.go:29.61,35.3 2 0
sentinel-hub-api/handlers/api_version.go:37.2,38.16 2 0
sentinel-hub-api/handlers/api_version.go:38.16,41.3 2 0
sentinel-hub-api/handlers/api_version.go:43.2,43.53 1 0
sentinel-hub-api/handlers/api_version.go:47.83,49.14 2 0
sentinel-hub-api/handlers/api_version.go:49.14,55.3 2 0
sentinel-hub-api/handlers/api_version.go:57.2,58.16 2 0
sentinel-hub-api/handlers/api_version.go:58.16,61.3 2 0
sentinel-hub-api/handlers/api_version.go:62.2,62.20 1 0
sentinel-hub-api/handlers/api_version.go:62.20,68.3 2 0
sentinel-hub-api/handlers/api_version.go:70.2,70.48 1 0
sentinel-hub-api/handlers/api_version.go:74.85,76.16 2 0
sentinel-hub-api/handlers/api_version.go:76.16,79.3 2 0
sentinel-hub-api/handlers/api_version.go:81.2,84.4 1 0
sentinel-hub-api/handlers/api_version.go:88.93,92.42 3 0
sentinel-hub-api/handlers/api_version.go:92.42,98.3 2 0
sentinel-hub-api/handlers/api_version.go:100.2,101.16 2 0
sentinel-hub-api/handlers/api_version.go:101.16,104.3 2 0
sentinel-hub-api/handlers/api_version.go:106.2,106.47 1 0
sentinel-hub-api/handlers/api_version.go:110.95,112.61 2 0
sentinel-hub-api/handlers/api_version.go:112.61,118.3 2 0
sentinel-hub-api/handlers/api_version.go:120.2,121.16 2 0
sentinel-hub-api/handlers/api_version.go:121.16,124.3 2 0
sentinel-hub-api/handlers/api_version.go:126.2,126.55 1 0
sentinel-hub-api/handlers/ast_handler.go:20.64,24.2 1 11
sentinel-hub-api/handlers/ast_handler.go:27.73,29.61 2 9
sentinel-hub-api/handlers/ast_handler.go:29.61,35.3 2 1
sentinel-hub-api/handlers/ast_handler.go:37.2,37.20 1 8
sentinel-hub-api/handlers/ast_handler.go:37.20,43.3 2 2
sentinel-hub-api/handlers/ast_handler.go:45.2,45.24 1 6
sentinel-hub-api/handlers/ast_handler.go:45.24,51.3 2 1
sentinel-hub-api/handlers/ast_handler.go:53.2,54.16 2 5
sentinel-hub-api/handlers/ast_handler.go:54.16,57.3 2 0
sentinel-hub-api/handlers/ast_handler.go:59.2,59.47 1 5
sentinel-hub-api/handlers/ast_handler.go:63.79,65.61 2 6
sentinel-hub-api/handlers/ast_handler.go:65.61,71.3 2 0
sentinel-hub-api/handlers/ast_handler.go:73.2,73.25 1 6
sentinel-hub-api/handlers/ast_handler.go:73.25,79.3 2 2
sentinel-hub-api/handlers/ast_handler.go:81.2,82.16 2 4
sentinel-hub-api/handlers/ast_handler.go:82.16,85.3 2 1
sentinel-hub-api/handlers/ast_handler.go:87.2,87.47 1 3
sentinel-hub-api/handlers/ast_handler.go:91.78,93.61 2 5
sentinel-hub-api/handlers/ast_handler.go:93.61,99.3 2 0
sentinel-hub-api/handlers/ast_handler.go:101.2,101.20 1 5
sentinel-hub-api/handlers/ast_handler.go:101.20,107.3 2 1
sentinel-hub-api/handlers/ast_handler.go:109.2,109.24 1 4
sentinel-hub-api/handlers/ast_handler.go:109.24,115.3 2 0
sentinel-hub-api/handlers/ast_handler.go:117.2,118.16 2 4
sentinel-hub-api/handlers/ast_handler.go:118.16,121.3 2 0
sentinel-hub-api/handlers/ast_handler.go:123.2,123.47 1 4
sentinel-hub-api/handlers/ast_handler.go:127.79,129.61 2 3
sentinel-hub-api/handlers/ast_handler.go:129.61,135.3 2 0
sentinel-hub-api/handlers/ast_handler.go:137.2,137.25 1 3
sentinel-hub-api/handlers/ast_handler.go:137.25,143.3 2 1
sentinel-hub-api/handlers/ast_handler.go:145.2,146.16 2 2
sentinel-hub-api/handlers/ast_handler.go:146.16,149.3 2 0
sentinel-hub-api/handlers/ast_handler.go:151.2,151.47 1 2
sentinel-hub-api/handlers/ast_handler.go:155.83,157.16 2 2
sentinel-hub-api/handlers/ast_handler.go:157.16,160.3 2 0
sentinel-hub-api/handlers/ast_handler.go:162.2,162.47 1 2
sentinel-hub-api/handlers/base.go:20.98,23.56 3 16
sentinel-hub-api/handlers/base.go:23.56,25.3 1 0
sentinel-hub-api/handlers/base.go:29.92,37.46 4 9
sentinel-hub-api/handlers/base.go:37.46,40.25 3 0
sentinel-hub-api/handlers/base.go:40.25,42.4 1 0
sentinel-hub-api/handlers/base.go:45.2,45.42 1 9
sentinel-hub-api/handlers/base.go:49.91,51.18 2 0
sentinel-hub-api/handlers/base.go:51.18,53.3 1 0
sentinel-hub-api/handlers/base.go:54.2,55.27 2 0
sentinel-hub-api/handlers/base.go:55.27,57.3 1 0
sentinel-hub-api/handlers/base.go:58.2,58.21 1 0
sentinel-hub-api/handlers/base.go:62.92,64.18 2 0
sentinel-hub-api/handlers/base.go:64.18,66.3 1 0
sentinel-hub-api/handlers/base.go:67.2,70.8 1 0
sentinel-hub-api/handlers/code_analysis.go:20.100,24.2 1 0
sentinel-hub-api/handlers/code_analysis.go:27.83,29.61 2 0
sentinel-hub-api/handlers/code_analysis.go:29.61,35.3 2 0
sentinel-hub-api/handlers/code_analysis.go:37.2,37.20 1 0
sentinel-hub-api/handlers/code_analysis.go:37.20,43.3 2 0
sentinel-hub-api/handlers/code_analysis.go:45.2,46.16 2 0
sentinel-hub-api/handlers/code_analysis.go:46.16,49.3 2 0
sentinel-hub-api/handlers/code_analysis.go:51.2,51.47 1 0
sentinel-hub-api/handlers/code_analysis.go:55.80,57.61 2 0
sentinel-hub-api/handlers/code_analysis.go:57.61,63.3 2 0
sentinel-hub-api/handlers/code_analysis.go:65.2,65.20 1 0
sentinel-hub-api/handlers/code_analysis.go:65.20,71.3 2 0
sentinel-hub-api/handlers/code_analysis.go:73.2,74.16 2 0
sentinel-hub-api/handlers/code_analysis.go:74.16,77.3 2 0
sentinel-hub-api/handlers/code_analysis.go:79.2,79.47 1 0
sentinel-hub-api/handlers/code_analysis.go:83.84,85.61 2 0
sentinel-hub-api/handlers/code_analysis.go:85.61,91.3 2 0
sentinel-hub-api/handlers/code_analysis.go:93.2,93.20 1 0
sentinel-hub-api/handlers/code_analysis.go:93.20,99.3 2 0
sentinel-hub-api/handlers/code_analysis.go:101.2,102.16 2 0
sentinel-hub-api/handlers/code_analysis.go:102.16,105.3 2 0
sentinel-hub-api/handlers/code_analysis.go:107.2,107.47 1 0
sentinel-hub-api/handlers/code_analysis.go:111.84,113.61 2 0
sentinel-hub-api/handlers/code_analysis.go:113.61,119.3 2 0
sentinel-hub-api/handlers/code_analysis.go:121.2,121.20 1 0
sentinel-hub-api/handlers/code_analysis.go:121.20,127.3 2 0
sentinel-hub-api/handlers/code_analysis.go:129.2,130.16 2 0
sentinel-hub-api/handlers/code_analysis.go:130.16,133.3 2 0
sentinel-hub-api/handlers/code_analysis.go:135.2,135.45 1 0
sentinel-hub-api/handlers/code_analysis.go:139.84,141.61 2 0
sentinel-hub-api/handlers/code_analysis.go:141.61,147.3 2 0
sentinel-hub-api/handlers/code_analysis.go:149.2,149.20 1 0
sentinel-hub-api/handlers/code_analysis.go:149.20,155.3 2 0
sentinel-hub-api/handlers/code_analysis.go:157.2,158.16 2 0
sentinel-hub-api/handlers/code_analysis.go:158.16,161.3 2 0
sentinel-hub-api/handlers/code_analysis.go:163.2,163.47 1 0
sentinel-hub-api/handlers/code_analysis.go:167.87,169.61 2 0
sentinel-hub-api/handlers/code_analysis.go:169.61,175.3 2 0
sentinel-hub-api/handlers/code_analysis.go:177.2,177.20 1 0
sentinel-hub-api/handlers/code_analysis.go:177.20,183.3 2 0
sentinel-hub-api/handlers/code_analysis.go:185.2,186.16 2 0
sentinel-hub-api/handlers/code_analysis.go:186.16,189.3 2 0
sentinel-hub-api/handlers/code_analysis.go:191.2,191.47 1 0
sentinel-hub-api/handlers/code_analysis.go:195.83,197.61 2 0
sentinel-hub-api/handlers/code_analysis.go:197.61,203.3 2 0
sentinel-hub-api/handlers/code_analysis.go:205.2,205.20 1 0
sentinel-hub-api/handlers/code_analysis.go:205.20,211.3 2 0
sentinel-hub-api/handlers/code_analysis.go:213.2,214.16 2 0
sentinel-hub-api/handlers/code_analysis.go:214.16,217.3 2 0
sentinel-hub-api/handlers/code_analysis.go:219.2,219.47 1 0
sentinel-hub-api/handlers/code_analysis.go:223.92,225.61 2 0
sentinel-hub-api/handlers/code_analysis.go:225.61,231.3 2 0
sentinel-hub-api/handlers/code_analysis.go:233.2,233.25 1 0
sentinel-hub-api/handlers/code_analysis.go:233.25,239.3 2 0
sentinel-hub-api/handlers/code_analysis.go:241.2,242.16 2 0
sentinel-hub-api/handlers/code_analysis.go:242.16,245.3 2 0
sentinel-hub-api/handlers/code_analysis.go:247.2,247.47 1 0
sentinel-hub-api/handlers/code_analysis.go:251.85,253.61 2 0
sentinel-hub-api/handlers/code_analysis.go:253.61,259.3 2 0
sentinel-hub-api/handlers/code_analysis.go:261.2,261.22 1 0
sentinel-hub-api/handlers/code_analysis.go:261.22,267.3 2 0
sentinel-hub-api/handlers/code_analysis.go:269.2,270.16 2 0
sentinel-hub-api/handlers/code_analysis.go:270.16,273.3 2 0
sentinel-hub-api/handlers/code_analysis.go:275.2,275.47 1 0
sentinel-hub-api/handlers/code_analysis.go:279.86,281.61 2 0
sentinel-hub-api/handlers/code_analysis.go:281.61,287.3 2 0
sentinel-hub-api/handlers/code_analysis.go:289.2,289.25 1 0
sentinel-hub-api/handlers/code_analysis.go:289.25,295.3 2 0
sentinel-hub-api/handlers/code_analysis.go:298.2,299.16 2 0
sentinel-hub-api/handlers/code_analysis.go:299.16,302.3 2 0
sentinel-hub-api/handlers/code_analysis.go:304.2,304.47 1 0
sentinel-hub-api/handlers/code_analysis.go:308.92,310.61 2 0
sentinel-hub-api/handlers/code_analysis.go:310.61,316.3 2 0
sentinel-hub-api/handlers/code_analysis.go:318.2,318.25 1 0
sentinel-hub-api/handlers/code_analysis.go:318.25,324.3 2 0
sentinel-hub-api/handlers/code_analysis.go:326.2,326.28 1 0
sentinel-hub-api/handlers/code_analysis.go:326.28,332.3 2 0
sentinel-hub-api/handlers/code_analysis.go:334.2,335.16 2 0
sentinel-hub-api/handlers/code_analysis.go:335.16,338.3 2 0
sentinel-hub-api/handlers/code_analysis.go:340.2,340.47 1 0
sentinel-hub-api/handlers/dependencies.go:30.48,86.2 27 0
sentinel-hub-api/handlers/dependencies.go:89.53,90.17 1 0
sentinel-hub-api/handlers/dependencies.go:90.17,92.3 1 0
sentinel-hub-api/handlers/document.go:21.84,25.2 1 0
sentinel-hub-api/handlers/document.go:28.82,31.16 2 0
sentinel-hub-api/handlers/document.go:31.16,34.3 2 0
sentinel-hub-api/handlers/document.go:36.2,37.16 2 0
sentinel-hub-api/handlers/document.go:37.16,40.3 2 0
sentinel-hub-api/handlers/document.go:41.2,45.21 3 0
sentinel-hub-api/handlers/document.go:45.21,47.17 2 0
sentinel-hub-api/handlers/document.go:47.17,50.4 2 0
sentinel-hub-api/handlers/document.go:51.3,51.25 1 0
sentinel-hub-api/handlers/document.go:55.2,56.16 2 0
sentinel-hub-api/handlers/document.go:56.16,59.3 2 0
sentinel-hub-api/handlers/document.go:60.2,60.15 1 0
sentinel-hub-api/handlers/document.go:60.15,62.21 1 0
sentinel-hub-api/handlers/document.go:62.21,64.4 1 0
sentinel-hub-api/handlers/document.go:68.2,76.20 3 0
sentinel-hub-api/handlers/document.go:76.20,78.3 1 0
sentinel-hub-api/handlers/document.go:81.2,82.16 2 0
sentinel-hub-api/handlers/document.go:82.16,85.3 2 0
sentinel-hub-api/handlers/document.go:88.2,90.49 2 0
sentinel-hub-api/handlers/document.go:94.79,96.14 2 0
sentinel-hub-api/handlers/document.go:96.14,102.3 2 0
sentinel-hub-api/handlers/document.go:104.2,105.16 2 0
sentinel-hub-api/handlers/document.go:105.16,108.3 2 0
sentinel-hub-api/handlers/document.go:110.2,110.44 1 0
sentinel-hub-api/handlers/document.go:114.81,116.21 2 0
sentinel-hub-api/handlers/document.go:116.21,122.3 2 0
sentinel-hub-api/handlers/document.go:124.2,125.16 2 0
sentinel-hub-api/handlers/document.go:125.16,128.3 2 0
sentinel-hub-api/handlers/document.go:130.2,133.4 1 0
sentinel-hub-api/handlers/document.go:137.85,139.14 2 0
sentinel-hub-api/handlers/document.go:139.14,145.3 2 0
sentinel-hub-api/handlers/document.go:147.2,148.16 2 0
sentinel-hub-api/handlers/document.go:148.16,151.3 2 0
sentinel-hub-api/handlers/document.go:153.2,159.47 2 0
sentinel-hub-api/handlers/error_handler.go:16.69,18.2 1 0
sentinel-hub-api/handlers/error_handler.go:27.42,29.2 1 0
sentinel-hub-api/handlers/error_handler.go:32.44,34.2 1 0
sentinel-hub-api/handlers/error_handler.go:43.40,44.21 1 0
sentinel-hub-api/handlers/error_handler.go:44.21,46.3 1 0
sentinel-hub-api/handlers/error_handler.go:47.2,47.67 1 0
sentinel-hub-api/handlers/error_handler.go:51.42,53.2 1 0
sentinel-hub-api/handlers/error_handler.go:69.40,71.2 1 0
sentinel-hub-api/handlers/error_handler.go:73.42,75.2 1 0
sentinel-hub-api/handlers/error_handler.go:77.40,78.28 1 0
sentinel-hub-api/handlers/error_handler.go:78.28,80.3 1 0
sentinel-hub-api/handlers/error_handler.go:81.2,81.72 1 0
sentinel-hub-api/handlers/error_handler.go:85.42,87.2 1 0
sentinel-hub-api/handlers/error_handler.go:96.47,98.2 1 0
sentinel-hub-api/handlers/error_handler.go:101.49,102.22 1 0
sentinel-hub-api/handlers/error_handler.go:102.22,104.3 1 0
sentinel-hub-api/handlers/error_handler.go:105.2,105.30 1 0
sentinel-hub-api/handlers/error_handler.go:109.75,115.25 4 0
sentinel-hub-api/handlers/error_handler.go:116.24,124.4 4 0
sentinel-hub-api/handlers/error_handler.go:125.22,132.4 4 0
sentinel-hub-api/handlers/error_handler.go:133.22,139.4 4 0
sentinel-hub-api/handlers/error_handler.go:140.29,146.4 4 0
sentinel-hub-api/handlers/error_handler.go:147.22,153.4 4 0
sentinel-hub-api/handlers/error_handler.go:154.10,157.22 3 0
sentinel-hub-api/handlers/error_handler.go:157.22,159.4 1 0
sentinel-hub-api/handlers/error_handler.go:163.2,171.25 2 0
sentinel-hub-api/handlers/error_handler.go:171.25,173.3 1 0
sentinel-hub-api/handlers/error_handler.go:176.2,178.37 3 0
sentinel-hub-api/handlers/error_handler.go:182.81,186.2 3 0
sentinel-hub-api/handlers/error_handler.go:189.108,192.52 2 0
sentinel-hub-api/handlers/error_handler.go:192.52,194.3 1 0
sentinel-hub-api/handlers/error_handler.go:197.2,198.49 2 0
sentinel-hub-api/handlers/error_handler.go:198.49,200.3 1 0
sentinel-hub-api/handlers/error_handler.go:203.2,207.32 3 0
sentinel-hub-api/handlers/error_handler.go:207.32,208.74 1 0
sentinel-hub-api/handlers/error_handler.go:208.74,209.33 1 0
sentinel-hub-api/handlers/error_handler.go:209.33,211.5 1 0
sentinel-hub-api/handlers/error_handler.go:216.2,216.122 1 0
sentinel-hub-api/handlers/error_handler.go:220.29,224.2 3 0
sentinel-hub-api/handlers/error_handler.go:227.63,228.34 1 0
sentinel-hub-api/handlers/error_handler.go:228.34,235.3 3 0
sentinel-hub-api/handlers/health.go:20.50,24.2 1 0
sentinel-hub-api/handlers/health.go:27.72,29.26 1 0
sentinel-hub-api/handlers/health.go:29.26,36.3 3 0
sentinel-hub-api/handlers/health.go:38.2,66.36 2 0
sentinel-hub-api/handlers/health.go:66.36,68.70 2 0
sentinel-hub-api/handlers/health.go:68.70,69.73 1 0
sentinel-hub-api/handlers/health.go:69.73,72.5 2 0
sentinel-hub-api/handlers/health.go:74.3,74.47 1 0
sentinel-hub-api/handlers/health.go:75.8,77.3 1 0
sentinel-hub-api/handlers/health.go:79.2,80.35 2 0
sentinel-hub-api/handlers/health.go:84.74,85.36 1 0
sentinel-hub-api/handlers/health.go:85.36,88.3 2 0
sentinel-hub-api/handlers/health.go:89.2,92.4 1 0
sentinel-hub-api/handlers/health.go:96.77,97.26 1 0
sentinel-hub-api/handlers/health.go:97.26,104.3 3 0
sentinel-hub-api/handlers/health.go:107.2,107.36 1 0
sentinel-hub-api/handlers/health.go:107.36,110.3 2 0
sentinel-hub-api/handlers/health.go:111.2,113.4 1 0
sentinel-hub-api/handlers/helpers.go:26.67,28.27 2 0
sentinel-hub-api/handlers/helpers.go:28.27,30.3 1 0
sentinel-hub-api/handlers/helpers.go:31.2,31.21 1 0
sentinel-hub-api/handlers/helpers.go:35.50,37.36 2 0
sentinel-hub-api/handlers/helpers.go:37.36,38.52 1 0
sentinel-hub-api/handlers/helpers.go:38.52,40.4 1 0
sentinel-hub-api/handlers/helpers.go:41.3,41.11 1 0
sentinel-hub-api/handlers/helpers.go:43.2,43.21 1 0
sentinel-hub-api/handlers/helpers.go:43.21,45.3 1 0
sentinel-hub-api/handlers/helpers.go:46.2,46.10 1 0
sentinel-hub-api/handlers/helpers.go:50.41,51.19 1 0
sentinel-hub-api/handlers/helpers.go:51.19,53.3 1 0
sentinel-hub-api/handlers/helpers.go:54.2,55.14 2 0
sentinel-hub-api/handlers/helpers.go:55.14,57.3 1 0
sentinel-hub-api/handlers/helpers.go:58.2,59.16 2 0
sentinel-hub-api/handlers/helpers.go:59.16,61.3 1 0
sentinel-hub-api/handlers/helpers.go:62.2,62.12 1 0
sentinel-hub-api/handlers/helpers.go:66.42,71.27 2 0
sentinel-hub-api/handlers/helpers.go:71.27,73.3 1 0
sentinel-hub-api/handlers/helpers.go:74.2,74.12 1 0
sentinel-hub-api/handlers/helpers.go:78.39,79.39 1 0
sentinel-hub-api/handlers/helpers.go:79.39,80.13 1 0
sentinel-hub-api/handlers/helpers.go:80.13,82.4 1 0
sentinel-hub-api/handlers/helpers.go:83.3,83.11 1 0
sentinel-hub-api/handlers/helpers.go:85.2,86.13 2 0
sentinel-hub-api/handlers/helpers.go:90.36,91.34 1 0
sentinel-hub-api/handlers/helpers.go:91.34,93.3 1 0
sentinel-hub-api/handlers/helpers.go:94.2,94.71 1 0
sentinel-hub-api/handlers/helpers.go:94.71,96.3 1 0
sentinel-hub-api/handlers/helpers.go:97.2,97.13 1 0
sentinel-hub-api/handlers/helpers.go:101.36,102.19 1 0
sentinel-hub-api/handlers/helpers.go:102.19,104.3 1 0
sentinel-hub-api/handlers/helpers.go:105.2,106.14 2 0
sentinel-hub-api/handlers/helpers.go:106.14,108.3 1 0
sentinel-hub-api/handlers/helpers.go:109.2,109.12 1 0
sentinel-hub-api/handlers/helpers.go:113.60,117.2 3 0
sentinel-hub-api/handlers/helpers.go:119.62,120.15 1 0
sentinel-hub-api/handlers/helpers.go:120.15,121.35 1 0
sentinel-hub-api/handlers/helpers.go:121.35,126.4 4 0
sentinel-hub-api/handlers/helpers.go:128.2,130.59 3 0
sentinel-hub-api/handlers/helpers.go:133.65,136.15 3 0
sentinel-hub-api/handlers/helpers.go:136.15,137.35 1 0
sentinel-hub-api/handlers/helpers.go:137.35,140.4 2 0
sentinel-hub-api/handlers/helpers.go:142.2,143.11 2 0
sentinel-hub-api/handlers/helpers.go:143.11,146.3 2 0
sentinel-hub-api/handlers/helpers.go:146.8,149.3 2 0
sentinel-hub-api/handlers/helpers.go:153.72,157.53 3 0
sentinel-hub-api/handlers/helpers.go:157.53,159.3 1 0
sentinel-hub-api/handlers/helpers.go:162.2,168.16 5 0
sentinel-hub-api/handlers/helpers.go:168.16,170.3 1 0
sentinel-hub-api/handlers/helpers.go:171.2,175.16 3 0
sentinel-hub-api/handlers/helpers.go:175.16,178.3 2 0
sentinel-hub-api/handlers/helpers.go:180.2,180.22 1 0
sentinel-hub-api/handlers/helpers.go:184.45,206.40 3 0
sentinel-hub-api/handlers/helpers.go:206.40,208.3 1 0
sentinel-hub-api/handlers/helpers.go:211.2,211.35 1 0
sentinel-hub-api/handlers/hook.go:17.46,21.2 1 0
sentinel-hub-api/handlers/hook.go:24.83,28.2 2 0
sentinel-hub-api/handlers/hook.go:31.78,34.2 2 0
sentinel-hub-api/handlers/hook.go:37.82,41.2 2 0
sentinel-hub-api/handlers/hook.go:44.79,47.2 2 0
sentinel-hub-api/handlers/hook.go:50.82,54.2 2 0
sentinel-hub-api/handlers/hook.go:57.77,60.2 2 0
sentinel-hub-api/handlers/hook.go:63.82,66.2 2 0
sentinel-hub-api/handlers/hook.go:69.82,72.2 2 0
sentinel-hub-api/handlers/hook_handler_baseline.go:19.66,20.33 1 0
sentinel-hub-api/handlers/hook_handler_baseline.go:20.33,23.3 2 0
sentinel-hub-api/handlers/hook_handler_baseline.go:25.2,39.63 2 0
sentinel-hub-api/handlers/hook_handler_baseline.go:39.63,43.3 3 0
sentinel-hub-api/handlers/hook_handler_baseline.go:46.2,46.68 1 0
sentinel-hub-api/handlers/hook_handler_baseline.go:46.68,49.3 2 0
sentinel-hub-api/handlers/hook_handler_baseline.go:50.2,50.64 1 0
sentinel-hub-api/handlers/hook_handler_baseline.go:50.64,53.3 2 0
sentinel-hub-api/handlers/hook_handler_baseline.go:54.2,54.61 1 0
sentinel-hub-api/handlers/hook_handler_baseline.go:54.61,57.3 2 0
sentinel-hub-api/handlers/hook_handler_baseline.go:58.2,58.70 1 0
sentinel-hub-api/handlers/hook_handler_baseline.go:58.70,61.3 2 0
sentinel-hub-api/handlers/hook_handler_baseline.go:64.2,64.50 1 0
sentinel-hub-api/handlers/hook_handler_baseline.go:64.50,67.3 2 0
sentinel-hub-api/handlers/hook_handler_baseline.go:68.2,68.24 1 0
sentinel-hub-api/handlers/hook_handler_baseline.go:68.24,69.52 1 0
sentinel-hub-api/handlers/hook_handler_baseline.go:69.52,72.4 2 0
sentinel-hub-api/handlers/hook_handler_baseline.go:76.2,76.57 1 0
sentinel-hub-api/handlers/hook_handler_baseline.go:76.57,79.3 2 0
sentinel-hub-api/handlers/hook_handler_baseline.go:82.2,86.24 3 0
sentinel-hub-api/handlers/hook_handler_baseline.go:86.24,88.3 1 0
sentinel-hub-api/handlers/hook_handler_baseline.go:88.8,90.3 1 0
sentinel-hub-api/handlers/hook_handler_baseline.go:92.2,98.16 3 0
sentinel-hub-api/handlers/hook_handler_baseline.go:98.16,102.3 3 0
sentinel-hub-api/handlers/hook_handler_baseline.go:104.2,109.4 2 0
sentinel-hub-api/handlers/hook_handler_baseline.go:113.72,114.33 1 0
sentinel-hub-api/handlers/hook_handler_baseline.go:114.33,117.3 2 0
sentinel-hub-api/handlers/hook_handler_baseline.go:120.2,121.54 2 0
sentinel-hub-api/handlers/hook_handler_baseline.go:121.54,123.3 1 0
sentinel-hub-api/handlers/hook_handler_baseline.go:125.2,125.68 1 0
sentinel-hub-api/handlers/hook_handler_baseline.go:125.68,128.3 2 0
sentinel-hub-api/handlers/hook_handler_baseline.go:129.2,129.49 1 0
sentinel-hub-api/handlers/hook_handler_baseline.go:129.49,132.3 2 0
sentinel-hub-api/handlers/hook_handler_baseline.go:134.2,139.64 2 0
sentinel-hub-api/handlers/hook_handler_baseline.go:139.64,143.3 3 0
sentinel-hub-api/handlers/hook_handler_baseline.go:145.2,145.66 1 0
sentinel-hub-api/handlers/hook_handler_baseline.go:145.66,148.3 2 0
sentinel-hub-api/handlers/hook_handler_baseline.go:149.2,149.54 1 0
sentinel-hub-api/handlers/hook_handler_baseline.go:149.54,152.3 2 0
sentinel-hub-api/handlers/hook_handler_baseline.go:153.2,153.75 1 0
sentinel-hub-api/handlers/hook_handler_baseline.go:153.75,156.3 2 0
sentinel-hub-api/handlers/hook_handler_baseline.go:157.2,157.56 1 0
sentinel-hub-api/handlers/hook_handler_baseline.go:157.56,160.3 2 0
sentinel-hub-api/handlers/hook_handler_baseline.go:163.2,164.32 2 0
sentinel-hub-api/handlers/hook_handler_baseline.go:164.32,168.3 1 0
sentinel-hub-api/handlers/hook_handler_baseline.go:168.8,172.3 1 0
sentinel-hub-api/handlers/hook_handler_baseline.go:174.2,175.16 2 0
sentinel-hub-api/handlers/hook_handler_baseline.go:175.16,179.3 3 0
sentinel-hub-api/handlers/hook_handler_baseline.go:181.2,182.23 2 0
sentinel-hub-api/handlers/hook_handler_baseline.go:182.23,185.3 2 0
sentinel-hub-api/handlers/hook_handler_baseline.go:188.2,197.16 3 0
sentinel-hub-api/handlers/hook_handler_baseline.go:197.16,201.3 3 0
sentinel-hub-api/handlers/hook_handler_baseline.go:203.2,204.37 2 0
sentinel-hub-api/handlers/hook_handler_core.go:20.67,21.33 1 0
sentinel-hub-api/handlers/hook_handler_core.go:21.33,24.3 2 0
sentinel-hub-api/handlers/hook_handler_core.go:26.2,39.63 2 0
sentinel-hub-api/handlers/hook_handler_core.go:39.63,43.3 3 0
sentinel-hub-api/handlers/hook_handler_core.go:46.2,46.68 1 0
sentinel-hub-api/handlers/hook_handler_core.go:46.68,49.3 2 0
sentinel-hub-api/handlers/hook_handler_core.go:50.2,50.70 1 0
sentinel-hub-api/handlers/hook_handler_core.go:50.70,53.3 2 0
sentinel-hub-api/handlers/hook_handler_core.go:54.2,54.65 1 0
sentinel-hub-api/handlers/hook_handler_core.go:54.65,57.3 2 0
sentinel-hub-api/handlers/hook_handler_core.go:60.2,60.57 1 0
sentinel-hub-api/handlers/hook_handler_core.go:60.57,63.3 2 0
sentinel-hub-api/handlers/hook_handler_core.go:66.2,66.53 1 0
sentinel-hub-api/handlers/hook_handler_core.go:66.53,69.3 2 0
sentinel-hub-api/handlers/hook_handler_core.go:72.2,72.23 1 0
sentinel-hub-api/handlers/hook_handler_core.go:72.23,73.51 1 0
sentinel-hub-api/handlers/hook_handler_core.go:73.51,76.4 2 0
sentinel-hub-api/handlers/hook_handler_core.go:78.2,78.24 1 0
sentinel-hub-api/handlers/hook_handler_core.go:78.24,79.52 1 0
sentinel-hub-api/handlers/hook_handler_core.go:79.52,82.4 2 0
sentinel-hub-api/handlers/hook_handler_core.go:86.2,88.16 3 0
sentinel-hub-api/handlers/hook_handler_core.go:88.16,92.3 3 0
sentinel-hub-api/handlers/hook_handler_core.go:93.2,94.16 2 0
sentinel-hub-api/handlers/hook_handler_core.go:94.16,98.3 3 0
sentinel-hub-api/handlers/hook_handler_core.go:101.2,103.23 3 0
sentinel-hub-api/handlers/hook_handler_core.go:103.23,105.3 1 0
sentinel-hub-api/handlers/hook_handler_core.go:105.8,107.3 1 0
sentinel-hub-api/handlers/hook_handler_core.go:108.2,108.24 1 0
sentinel-hub-api/handlers/hook_handler_core.go:108.24,110.3 1 0
sentinel-hub-api/handlers/hook_handler_core.go:110.8,112.3 1 0
sentinel-hub-api/handlers/hook_handler_core.go:114.2,120.16 3 0
sentinel-hub-api/handlers/hook_handler_core.go:120.16,124.3 3 0
sentinel-hub-api/handlers/hook_handler_core.go:126.2,131.4 2 0
sentinel-hub-api/handlers/hook_handler_core.go:136.65,137.32 1 0
sentinel-hub-api/handlers/hook_handler_core.go:137.32,140.3 2 0
sentinel-hub-api/handlers/hook_handler_core.go:143.2,149.17 5 0
sentinel-hub-api/handlers/hook_handler_core.go:149.17,150.45 1 0
sentinel-hub-api/handlers/hook_handler_core.go:150.45,153.4 2 0
sentinel-hub-api/handlers/hook_handler_core.go:155.2,155.18 1 0
sentinel-hub-api/handlers/hook_handler_core.go:155.18,156.46 1 0
sentinel-hub-api/handlers/hook_handler_core.go:156.46,159.4 2 0
sentinel-hub-api/handlers/hook_handler_core.go:163.2,163.21 1 0
sentinel-hub-api/handlers/hook_handler_core.go:163.21,164.49 1 0
sentinel-hub-api/handlers/hook_handler_core.go:164.49,167.4 2 0
sentinel-hub-api/handlers/hook_handler_core.go:169.2,169.19 1 0
sentinel-hub-api/handlers/hook_handler_core.go:169.19,170.47 1 0
sentinel-hub-api/handlers/hook_handler_core.go:170.47,173.4 2 0
sentinel-hub-api/handlers/hook_handler_core.go:177.2,189.17 4 0
sentinel-hub-api/handlers/hook_handler_core.go:189.17,193.3 3 0
sentinel-hub-api/handlers/hook_handler_core.go:194.2,194.18 1 0
sentinel-hub-api/handlers/hook_handler_core.go:194.18,198.3 3 0
sentinel-hub-api/handlers/hook_handler_core.go:199.2,199.21 1 0
sentinel-hub-api/handlers/hook_handler_core.go:199.21,203.3 3 0
sentinel-hub-api/handlers/hook_handler_core.go:204.2,204.19 1 0
sentinel-hub-api/handlers/hook_handler_core.go:204.19,208.3 3 0
sentinel-hub-api/handlers/hook_handler_core.go:210.2,218.40 3 0
sentinel-hub-api/handlers/hook_handler_core.go:218.40,222.3 3 0
sentinel-hub-api/handlers/hook_handler_core.go:225.2,225.33 1 0
sentinel-hub-api/handlers/hook_handler_core.go:225.33,227.3 1 0
sentinel-hub-api/handlers/hook_handler_core.go:230.2,237.17 6 0
sentinel-hub-api/handlers/hook_handler_core.go:237.17,241.3 3 0
sentinel-hub-api/handlers/hook_handler_core.go:242.2,242.21 1 0
sentinel-hub-api/handlers/hook_handler_core.go:242.21,246.3 3 0
sentinel-hub-api/handlers/hook_handler_core.go:247.2,247.19 1 0
sentinel-hub-api/handlers/hook_handler_core.go:247.19,250.3 2 0
sentinel-hub-api/handlers/hook_handler_core.go:252.2,252.16 1 0
sentinel-hub-api/handlers/hook_handler_core.go:252.16,254.17 2 0
sentinel-hub-api/handlers/hook_handler_core.go:254.17,257.4 2 0
sentinel-hub-api/handlers/hook_handler_core.go:257.9,259.20 2 0
sentinel-hub-api/handlers/hook_handler_core.go:259.20,261.52 2 0
sentinel-hub-api/handlers/hook_handler_core.go:261.52,263.14 2 0
sentinel-hub-api/handlers/hook_handler_core.go:266.5,267.67 2 0
sentinel-hub-api/handlers/hook_handler_core.go:267.67,269.14 2 0
sentinel-hub-api/handlers/hook_handler_core.go:273.5,276.69 2 0
sentinel-hub-api/handlers/hook_handler_core.go:276.69,277.37 1 0
sentinel-hub-api/handlers/hook_handler_core.go:277.37,278.56 1 0
sentinel-hub-api/handlers/hook_handler_core.go:278.56,279.75 1 0
sentinel-hub-api/handlers/hook_handler_core.go:279.75,282.9 2 0
sentinel-hub-api/handlers/hook_handler_core.go:288.5,288.23 1 0
sentinel-hub-api/handlers/hook_handler_core.go:288.23,289.70 1 0
sentinel-hub-api/handlers/hook_handler_core.go:289.70,290.38 1 0
sentinel-hub-api/handlers/hook_handler_core.go:290.38,291.58 1 0
sentinel-hub-api/handlers/hook_handler_core.go:291.58,294.9 2 0
sentinel-hub-api/handlers/hook_handler_core.go:300.5,300.23 1 0
sentinel-hub-api/handlers/hook_handler_core.go:300.23,302.63 1 0
sentinel-hub-api/handlers/hook_handler_core.go:302.63,303.39 1 0
sentinel-hub-api/handlers/hook_handler_core.go:303.39,304.57 1 0
sentinel-hub-api/handlers/hook_handler_core.go:304.57,305.76 1 0
sentinel-hub-api/handlers/hook_handler_core.go:305.76,308.10 2 0
sentinel-hub-api/handlers/hook_handler_core.go:314.5,314.23 1 0
sentinel-hub-api/handlers/hook_handler_core.go:314.23,316.6 1 0
sentinel-hub-api/handlers/hook_handler_core.go:320.4,320.37 1 0
sentinel-hub-api/handlers/hook_handler_core.go:320.37,324.5 2 0
sentinel-hub-api/handlers/hook_handler_core.go:329.2,330.44 2 0
sentinel-hub-api/handlers/hook_handler_core.go:330.44,332.3 1 0
sentinel-hub-api/handlers/hook_handler_core.go:334.2,334.42 1 0
sentinel-hub-api/handlers/hook_handler_core.go:334.42,335.45 1 0
sentinel-hub-api/handlers/hook_handler_core.go:335.45,336.51 1 0
sentinel-hub-api/handlers/hook_handler_core.go:336.51,338.5 1 0
sentinel-hub-api/handlers/hook_handler_core.go:342.2,342.27 1 0
sentinel-hub-api/handlers/hook_handler_core.go:342.27,344.3 1 0
sentinel-hub-api/handlers/hook_handler_core.go:345.2,348.34 2 0
sentinel-hub-api/handlers/hook_handler_core.go:348.34,349.28 1 0
sentinel-hub-api/handlers/hook_handler_core.go:349.28,351.4 1 0
sentinel-hub-api/handlers/hook_handler_core.go:352.3,352.64 1 0
sentinel-hub-api/handlers/hook_handler_core.go:355.2,356.36 2 0
sentinel-hub-api/handlers/hook_handler_core.go:360.64,361.32 1 0
sentinel-hub-api/handlers/hook_handler_core.go:361.32,364.3 2 0
sentinel-hub-api/handlers/hook_handler_core.go:366.2,369.62 3 0
sentinel-hub-api/handlers/hook_handler_core.go:369.62,372.3 2 0
sentinel-hub-api/handlers/hook_handler_core.go:373.2,373.58 1 0
sentinel-hub-api/handlers/hook_handler_core.go:373.58,376.3 2 0
sentinel-hub-api/handlers/hook_handler_core.go:377.2,377.44 1 0
sentinel-hub-api/handlers/hook_handler_core.go:377.44,380.3 2 0
sentinel-hub-api/handlers/hook_handler_core.go:383.2,392.40 5 0
sentinel-hub-api/handlers/hook_handler_core.go:392.40,396.3 3 0
sentinel-hub-api/handlers/hook_handler_core.go:399.2,408.40 5 0
sentinel-hub-api/handlers/hook_handler_core.go:408.40,412.3 3 0
sentinel-hub-api/handlers/hook_handler_core.go:414.2,418.4 2 0
sentinel-hub-api/handlers/hook_handler_core.go:422.66,423.32 1 0
sentinel-hub-api/handlers/hook_handler_core.go:423.32,426.3 2 0
sentinel-hub-api/handlers/hook_handler_core.go:428.2,429.17 2 0
sentinel-hub-api/handlers/hook_handler_core.go:429.17,432.3 2 0
sentinel-hub-api/handlers/hook_handler_core.go:434.2,451.26 5 0
sentinel-hub-api/handlers/hook_handler_core.go:451.26,478.3 4 0
sentinel-hub-api/handlers/hook_handler_core.go:480.2,480.16 1 0
sentinel-hub-api/handlers/hook_handler_core.go:480.16,484.3 3 0
sentinel-hub-api/handlers/hook_handler_core.go:486.2,487.72 2 0
sentinel-hub-api/handlers/hook_handler_core.go:487.72,491.3 3 0
sentinel-hub-api/handlers/hook_handler_core.go:493.2,494.41 2 0
sentinel-hub-api/handlers/hook_handler_types.go:76.30,78.2 1 0
sentinel-hub-api/handlers/hook_handler_types.go:81.50,82.36 1 0
sentinel-hub-api/handlers/hook_handler_types.go:82.36,84.3 1 0
sentinel-hub-api/handlers/hook_handler_types.go:85.2,85.12 1 0
sentinel-hub-api/handlers/hook_handler_types.go:89.46,91.27 2 0
sentinel-hub-api/handlers/hook_handler_types.go:91.27,93.3 1 0
sentinel-hub-api/handlers/hook_handler_types.go:94.2,94.12 1 0
sentinel-hub-api/handlers/hook_handler_types.go:98.42,100.27 2 0
sentinel-hub-api/handlers/hook_handler_types.go:100.27,102.3 1 0
sentinel-hub-api/handlers/hook_handler_types.go:103.2,103.12 1 0
sentinel-hub-api/handlers/hook_handler_types.go:107.36,109.16 2 0
sentinel-hub-api/handlers/hook_handler_types.go:109.16,111.3 1 0
sentinel-hub-api/handlers/hook_handler_types.go:112.2,112.12 1 0
sentinel-hub-api/handlers/hook_handler_types.go:118.89,123.17 4 0
sentinel-hub-api/handlers/hook_handler_types.go:123.17,127.3 3 0
sentinel-hub-api/handlers/hook_handler_types.go:128.2,128.21 1 0
sentinel-hub-api/handlers/hook_handler_types.go:128.21,132.3 3 0
sentinel-hub-api/handlers/hook_handler_types.go:133.2,133.19 1 0
sentinel-hub-api/handlers/hook_handler_types.go:133.19,137.3 3 0
sentinel-hub-api/handlers/hook_handler_types.go:140.2,141.33 2 0
sentinel-hub-api/handlers/hook_handler_types.go:141.33,143.3 1 0
sentinel-hub-api/handlers/hook_handler_types.go:145.2,145.25 1 0
sentinel-hub-api/handlers/hook_handler_types.go:149.52,151.19 2 0
sentinel-hub-api/handlers/hook_handler_types.go:151.19,153.3 1 0
sentinel-hub-api/handlers/hook_handler_types.go:154.2,154.13 1 0
sentinel-hub-api/handlers/knowledge.go:24.88,28.2 1 0
sentinel-hub-api/handlers/knowledge.go:31.80,33.61 2 0
sentinel-hub-api/handlers/knowledge.go:33.61,39.3 2 0
sentinel-hub-api/handlers/knowledge.go:42.2,42.25 1 0
sentinel-hub-api/handlers/knowledge.go:42.25,48.3 2 0
sentinel-hub-api/handlers/knowledge.go:50.2,50.28 1 0
sentinel-hub-api/handlers/knowledge.go:50.28,56.3 2 0
sentinel-hub-api/handlers/knowledge.go:58.2,59.16 2 0
sentinel-hub-api/handlers/knowledge.go:59.16,62.3 2 0
sentinel-hub-api/handlers/knowledge.go:64.2,64.47 1 0
sentinel-hub-api/handlers/knowledge.go:68.87,76.60 5 0
sentinel-hub-api/handlers/knowledge.go:76.60,77.55 1 0
sentinel-hub-api/handlers/knowledge.go:77.55,79.4 1 0
sentinel-hub-api/handlers/knowledge.go:82.2,82.63 1 0
sentinel-hub-api/handlers/knowledge.go:82.63,83.57 1 0
sentinel-hub-api/handlers/knowledge.go:83.57,85.4 1 0
sentinel-hub-api/handlers/knowledge.go:88.2,88.25 1 0
sentinel-hub-api/handlers/knowledge.go:88.25,94.3 2 0
sentinel-hub-api/handlers/knowledge.go:96.2,97.16 2 0
sentinel-hub-api/handlers/knowledge.go:97.16,100.3 2 0
sentinel-hub-api/handlers/knowledge.go:102.2,102.46 1 0
sentinel-hub-api/handlers/knowledge.go:106.88,108.62 2 0
sentinel-hub-api/handlers/knowledge.go:108.62,114.3 2 0
sentinel-hub-api/handlers/knowledge.go:116.2,117.16 2 0
sentinel-hub-api/handlers/knowledge.go:117.16,120.3 2 0
sentinel-hub-api/handlers/knowledge.go:122.2,122.53 1 0
sentinel-hub-api/handlers/knowledge.go:126.85,128.14 2 0
sentinel-hub-api/handlers/knowledge.go:128.14,134.3 2 0
sentinel-hub-api/handlers/knowledge.go:136.2,137.16 2 0
sentinel-hub-api/handlers/knowledge.go:137.16,138.53 1 0
sentinel-hub-api/handlers/knowledge.go:138.53,141.4 2 0
sentinel-hub-api/handlers/knowledge.go:142.3,143.9 2 0
sentinel-hub-api/handlers/knowledge.go:146.2,146.45 1 0
sentinel-hub-api/handlers/knowledge.go:150.88,152.14 2 0
sentinel-hub-api/handlers/knowledge.go:152.14,158.3 2 0
sentinel-hub-api/handlers/knowledge.go:160.2,161.62 2 0
sentinel-hub-api/handlers/knowledge.go:161.62,167.3 2 0
sentinel-hub-api/handlers/knowledge.go:169.2,170.16 2 0
sentinel-hub-api/handlers/knowledge.go:170.16,171.53 1 0
sentinel-hub-api/handlers/knowledge.go:171.53,174.4 2 0
sentinel-hub-api/handlers/knowledge.go:175.3,176.9 2 0
sentinel-hub-api/handlers/knowledge.go:179.2,179.48 1 0
sentinel-hub-api/handlers/knowledge.go:183.88,185.14 2 0
sentinel-hub-api/handlers/knowledge.go:185.14,191.3 2 0
sentinel-hub-api/handlers/knowledge.go:193.2,194.16 2 0
sentinel-hub-api/handlers/knowledge.go:194.16,195.53 1 0
sentinel-hub-api/handlers/knowledge.go:195.53,198.4 2 0
sentinel-hub-api/handlers/knowledge.go:199.3,200.9 2 0
sentinel-hub-api/handlers/knowledge.go:203.2,203.51 1 0
sentinel-hub-api/handlers/knowledge.go:207.87,215.69 5 0
sentinel-hub-api/handlers/knowledge.go:215.69,218.27 2 0
sentinel-hub-api/handlers/knowledge.go:218.27,220.4 1 0
sentinel-hub-api/handlers/knowledge.go:221.3,221.26 1 0
sentinel-hub-api/handlers/knowledge.go:224.2,224.25 1 0
sentinel-hub-api/handlers/knowledge.go:224.25,230.3 2 0
sentinel-hub-api/handlers/knowledge.go:232.2,233.16 2 0
sentinel-hub-api/handlers/knowledge.go:233.16,236.3 2 0
sentinel-hub-api/handlers/knowledge.go:238.2,238.48 1 0
sentinel-hub-api/handlers/knowledge.go:242.82,244.61 2 0
sentinel-hub-api/handlers/knowledge.go:244.61,250.3 2 0
sentinel-hub-api/handlers/knowledge.go:252.2,252.25 1 0
sentinel-hub-api/handlers/knowledge.go:252.25,258.3 2 0
sentinel-hub-api/handlers/knowledge.go:260.2,261.16 2 0
sentinel-hub-api/handlers/knowledge.go:261.16,264.3 2 0
sentinel-hub-api/handlers/knowledge.go:266.2,266.47 1 0
sentinel-hub-api/handlers/monitoring.go:20.92,24.2 1 0
sentinel-hub-api/handlers/monitoring.go:27.87,29.16 2 0
sentinel-hub-api/handlers/monitoring.go:29.16,32.3 2 0
sentinel-hub-api/handlers/monitoring.go:34.2,34.50 1 0
sentinel-hub-api/handlers/monitoring.go:38.86,40.16 2 0
sentinel-hub-api/handlers/monitoring.go:40.16,43.3 2 0
sentinel-hub-api/handlers/monitoring.go:45.2,45.49 1 0
sentinel-hub-api/handlers/monitoring.go:49.83,51.61 2 0
sentinel-hub-api/handlers/monitoring.go:51.61,57.3 2 0
sentinel-hub-api/handlers/monitoring.go:59.2,60.16 2 0
sentinel-hub-api/handlers/monitoring.go:60.16,63.3 2 0
sentinel-hub-api/handlers/monitoring.go:65.2,65.55 1 0
sentinel-hub-api/handlers/monitoring.go:69.83,71.16 2 0
sentinel-hub-api/handlers/monitoring.go:71.16,74.3 2 0
sentinel-hub-api/handlers/monitoring.go:76.2,76.46 1 0
sentinel-hub-api/handlers/monitoring.go:80.81,82.61 2 0
sentinel-hub-api/handlers/monitoring.go:82.61,88.3 2 0
sentinel-hub-api/handlers/monitoring.go:90.2,91.16 2 0
sentinel-hub-api/handlers/monitoring.go:91.16,94.3 2 0
sentinel-hub-api/handlers/monitoring.go:96.2,98.4 1 0
sentinel-hub-api/handlers/monitoring.go:102.86,104.16 2 0
sentinel-hub-api/handlers/monitoring.go:104.16,107.3 2 0
sentinel-hub-api/handlers/monitoring.go:109.2,109.48 1 0
sentinel-hub-api/handlers/monitoring.go:113.91,115.16 2 0
sentinel-hub-api/handlers/monitoring.go:115.16,118.3 2 0
sentinel-hub-api/handlers/monitoring.go:120.2,120.48 1 0
sentinel-hub-api/handlers/organization.go:21.91,25.2 1 0
sentinel-hub-api/handlers/organization.go:28.90,30.61 2 0
sentinel-hub-api/handlers/organization.go:30.61,36.3 2 0
sentinel-hub-api/handlers/organization.go:38.2,39.16 2 0
sentinel-hub-api/handlers/organization.go:39.16,42.3 2 0
sentinel-hub-api/handlers/organization.go:44.2,44.49 1 0
sentinel-hub-api/handlers/organization.go:48.87,50.14 2 0
sentinel-hub-api/handlers/organization.go:50.14,56.3 2 0
sentinel-hub-api/handlers/organization.go:58.2,59.16 2 0
sentinel-hub-api/handlers/organization.go:59.16,62.3 2 0
sentinel-hub-api/handlers/organization.go:63.2,63.16 1 0
sentinel-hub-api/handlers/organization.go:63.16,69.3 2 0
sentinel-hub-api/handlers/organization.go:71.2,71.44 1 0
sentinel-hub-api/handlers/organization.go:75.85,77.61 2 0
sentinel-hub-api/handlers/organization.go:77.61,83.3 2 0
sentinel-hub-api/handlers/organization.go:86.2,88.16 3 0
sentinel-hub-api/handlers/organization.go:88.16,91.3 2 0
sentinel-hub-api/handlers/organization.go:93.2,93.53 1 0
sentinel-hub-api/handlers/organization.go:97.82,99.14 2 0
sentinel-hub-api/handlers/organization.go:99.14,105.3 2 0
sentinel-hub-api/handlers/organization.go:107.2,108.16 2 0
sentinel-hub-api/handlers/organization.go:108.16,111.3 2 0
sentinel-hub-api/handlers/organization.go:112.2,112.20 1 0
sentinel-hub-api/handlers/organization.go:112.20,118.3 2 0
sentinel-hub-api/handlers/organization.go:120.2,120.48 1 0
sentinel-hub-api/handlers/organization.go:124.84,126.17 2 0
sentinel-hub-api/handlers/organization.go:126.17,132.3 2 0
sentinel-hub-api/handlers/organization.go:134.2,135.16 2 0
sentinel-hub-api/handlers/organization.go:135.16,138.3 2 0
sentinel-hub-api/handlers/organization.go:140.2,143.4 1 0
sentinel-hub-api/handlers/organization.go:148.86,150.21 2 0
sentinel-hub-api/handlers/organization.go:150.21,156.3 2 0
sentinel-hub-api/handlers/organization.go:158.2,159.16 2 0
sentinel-hub-api/handlers/organization.go:159.16,161.103 1 0
sentinel-hub-api/handlers/organization.go:161.103,167.4 2 0
sentinel-hub-api/handlers/organization.go:168.3,169.9 2 0
sentinel-hub-api/handlers/organization.go:173.2,174.22 2 0
sentinel-hub-api/handlers/organization.go:174.22,176.3 1 0
sentinel-hub-api/handlers/organization.go:178.2,183.4 1 0
sentinel-hub-api/handlers/organization.go:188.84,190.21 2 0
sentinel-hub-api/handlers/organization.go:190.21,196.3 2 0
sentinel-hub-api/handlers/organization.go:198.2,199.16 2 0
sentinel-hub-api/handlers/organization.go:199.16,201.41 1 0
sentinel-hub-api/handlers/organization.go:201.41,207.4 2 0
sentinel-hub-api/handlers/organization.go:208.3,209.9 2 0
sentinel-hub-api/handlers/organization.go:212.2,214.4 1 0
sentinel-hub-api/handlers/organization.go:219.85,221.21 2 0
sentinel-hub-api/handlers/organization.go:221.21,227.3 2 0
sentinel-hub-api/handlers/organization.go:229.2,230.16 2 0
sentinel-hub-api/handlers/organization.go:230.16,233.3 2 0
sentinel-hub-api/handlers/organization.go:234.2,234.20 1 0
sentinel-hub-api/handlers/organization.go:234.20,240.3 2 0
sentinel-hub-api/handlers/organization.go:242.2,248.4 2 0
sentinel-hub-api/handlers/registration.go:15.42,20.15 2 0
sentinel-hub-api/handlers/registration.go:20.15,24.3 2 0
sentinel-hub-api/handlers/registration.go:27.2,32.40 4 0
sentinel-hub-api/handlers/registration.go:32.41,35.3 0 0
sentinel-hub-api/handlers/repository.go:20.92,24.2 1 0
sentinel-hub-api/handlers/repository.go:27.86,31.60 3 0
sentinel-hub-api/handlers/repository.go:31.60,33.23 1 0
sentinel-hub-api/handlers/repository.go:33.23,35.4 1 0
sentinel-hub-api/handlers/repository.go:35.9,35.31 1 0
sentinel-hub-api/handlers/repository.go:35.31,37.4 1 0
sentinel-hub-api/handlers/repository.go:40.2,41.16 2 0
sentinel-hub-api/handlers/repository.go:41.16,44.3 2 0
sentinel-hub-api/handlers/repository.go:46.2,51.4 1 0
sentinel-hub-api/handlers/repository.go:55.89,57.14 2 0
sentinel-hub-api/handlers/repository.go:57.14,63.3 2 0
sentinel-hub-api/handlers/repository.go:65.2,66.16 2 0
sentinel-hub-api/handlers/repository.go:66.16,69.3 2 0
sentinel-hub-api/handlers/repository.go:71.2,71.47 1 0
sentinel-hub-api/handlers/repository.go:75.90,77.16 2 0
sentinel-hub-api/handlers/repository.go:77.16,80.3 2 0
sentinel-hub-api/handlers/repository.go:82.2,82.48 1 0
sentinel-hub-api/handlers/repository.go:86.92,88.61 2 0
sentinel-hub-api/handlers/repository.go:88.61,94.3 2 0
sentinel-hub-api/handlers/repository.go:96.2,97.16 2 0
sentinel-hub-api/handlers/repository.go:97.16,100.3 2 0
sentinel-hub-api/handlers/repository.go:102.2,102.47 1 0
sentinel-hub-api/handlers/repository.go:106.93,108.14 2 0
sentinel-hub-api/handlers/repository.go:108.14,114.3 2 0
sentinel-hub-api/handlers/repository.go:116.2,117.16 2 0
sentinel-hub-api/handlers/repository.go:117.16,120.3 2 0
sentinel-hub-api/handlers/repository.go:122.2,122.51 1 0
sentinel-hub-api/handlers/repository.go:126.91,128.16 2 0
sentinel-hub-api/handlers/repository.go:128.16,131.3 2 0
sentinel-hub-api/handlers/repository.go:133.2,133.49 1 0
sentinel-hub-api/handlers/task.go:24.68,28.2 1 0
sentinel-hub-api/handlers/task.go:31.74,33.61 2 0
sentinel-hub-api/handlers/task.go:33.61,39.3 2 0
sentinel-hub-api/handlers/task.go:41.2,42.16 2 0
sentinel-hub-api/handlers/task.go:42.16,45.3 2 0
sentinel-hub-api/handlers/task.go:47.2,47.50 1 0
sentinel-hub-api/handlers/task.go:51.71,53.14 2 0
sentinel-hub-api/handlers/task.go:53.14,59.3 2 0
sentinel-hub-api/handlers/task.go:61.2,62.16 2 0
sentinel-hub-api/handlers/task.go:62.16,65.3 2 0
sentinel-hub-api/handlers/task.go:66.2,66.17 1 0
sentinel-hub-api/handlers/task.go:66.17,72.3 2 0
sentinel-hub-api/handlers/task.go:74.2,74.45 1 0
sentinel-hub-api/handlers/task.go:78.73,80.21 2 0
sentinel-hub-api/handlers/task.go:80.21,86.3 2 0
sentinel-hub-api/handlers/task.go:89.2,95.60 2 0
sentinel-hub-api/handlers/task.go:95.60,96.84 1 0
sentinel-hub-api/handlers/task.go:96.84,98.4 1 0
sentinel-hub-api/handlers/task.go:101.2,101.63 1 0
sentinel-hub-api/handlers/task.go:101.63,102.72 1 0
sentinel-hub-api/handlers/task.go:102.72,104.4 1 0
sentinel-hub-api/handlers/task.go:108.2,108.63 1 0
sentinel-hub-api/handlers/task.go:108.63,110.24 2 0
sentinel-hub-api/handlers/task.go:110.24,113.4 2 0
sentinel-hub-api/handlers/task.go:114.3,114.25 1 0
sentinel-hub-api/handlers/task.go:117.2,118.16 2 0
sentinel-hub-api/handlers/task.go:118.16,121.3 2 0
sentinel-hub-api/handlers/task.go:123.2,123.49 1 0
sentinel-hub-api/handlers/task.go:127.74,129.14 2 0
sentinel-hub-api/handlers/task.go:129.14,135.3 2 0
sentinel-hub-api/handlers/task.go:137.2,138.61 2 0
sentinel-hub-api/handlers/task.go:138.61,144.3 2 0
sentinel-hub-api/handlers/task.go:146.2,147.16 2 0
sentinel-hub-api/handlers/task.go:147.16,150.3 2 0
sentinel-hub-api/handlers/task.go:152.2,152.45 1 0
sentinel-hub-api/handlers/task.go:156.74,158.14 2 0
sentinel-hub-api/handlers/task.go:158.14,164.3 2 0
sentinel-hub-api/handlers/task.go:166.2,167.16 2 0
sentinel-hub-api/handlers/task.go:167.16,170.3 2 0
sentinel-hub-api/handlers/task.go:172.2,172.86 1 0
sentinel-hub-api/handlers/task.go:176.74,178.14 2 0
sentinel-hub-api/handlers/task.go:178.14,184.3 2 0
sentinel-hub-api/handlers/task.go:186.2,187.61 2 0
sentinel-hub-api/handlers/task.go:187.61,193.3 2 0
sentinel-hub-api/handlers/task.go:195.2,196.16 2 0
sentinel-hub-api/handlers/task.go:196.16,199.3 2 0
sentinel-hub-api/handlers/task.go:201.2,201.47 1 0
sentinel-hub-api/handlers/task.go:205.83,207.14 2 0
sentinel-hub-api/handlers/task.go:207.14,213.3 2 0
sentinel-hub-api/handlers/task.go:215.2,216.16 2 0
sentinel-hub-api/handlers/task.go:216.16,219.3 2 0
sentinel-hub-api/handlers/task.go:221.2,221.47 1 0
sentinel-hub-api/handlers/task.go:225.81,227.14 2 0
sentinel-hub-api/handlers/task.go:227.14,233.3 2 0
sentinel-hub-api/handlers/task.go:235.2,236.61 2 0
sentinel-hub-api/handlers/task.go:236.61,242.3 2 0
sentinel-hub-api/handlers/task.go:244.2,245.16 2 0
sentinel-hub-api/handlers/task.go:245.16,248.3 2 0
sentinel-hub-api/handlers/task.go:250.2,250.52 1 0
sentinel-hub-api/handlers/test.go:22.68,26.2 1 0
sentinel-hub-api/handlers/test.go:29.88,31.61 2 0
sentinel-hub-api/handlers/test.go:31.61,37.3 2 0
sentinel-hub-api/handlers/test.go:39.2,39.25 1 0
sentinel-hub-api/handlers/test.go:39.25,45.3 2 0
sentinel-hub-api/handlers/test.go:47.2,48.16 2 0
sentinel-hub-api/handlers/test.go:48.16,51.3 2 0
sentinel-hub-api/handlers/test.go:53.2,53.47 1 0
sentinel-hub-api/handlers/test.go:57.83,59.61 2 0
sentinel-hub-api/handlers/test.go:59.61,65.3 2 0
sentinel-hub-api/handlers/test.go:67.2,67.25 1 0
sentinel-hub-api/handlers/test.go:67.25,73.3 2 0
sentinel-hub-api/handlers/test.go:75.2,75.29 1 0
sentinel-hub-api/handlers/test.go:75.29,81.3 2 0
sentinel-hub-api/handlers/test.go:83.2,84.16 2 0
sentinel-hub-api/handlers/test.go:84.16,87.3 2 0
sentinel-hub-api/handlers/test.go:89.2,89.47 1 0
sentinel-hub-api/handlers/test.go:93.79,95.27 2 0
sentinel-hub-api/handlers/test.go:95.27,101.3 2 0
sentinel-hub-api/handlers/test.go:103.2,104.16 2 0
sentinel-hub-api/handlers/test.go:104.16,105.84 1 0
sentinel-hub-api/handlers/test.go:105.84,108.4 2 0
sentinel-hub-api/handlers/test.go:109.3,110.9 2 0
sentinel-hub-api/handlers/test.go:113.2,113.49 1 0
sentinel-hub-api/handlers/test.go:117.77,119.61 2 0
sentinel-hub-api/handlers/test.go:119.61,125.3 2 0
sentinel-hub-api/handlers/test.go:127.2,127.25 1 0
sentinel-hub-api/handlers/test.go:127.25,133.3 2 0
sentinel-hub-api/handlers/test.go:135.2,135.24 1 0
sentinel-hub-api/handlers/test.go:135.24,141.3 2 0
sentinel-hub-api/handlers/test.go:143.2,144.16 2 0
sentinel-hub-api/handlers/test.go:144.16,147.3 2 0
sentinel-hub-api/handlers/test.go:149.2,149.47 1 0
sentinel-hub-api/handlers/test.go:153.84,155.29 2 0
sentinel-hub-api/handlers/test.go:155.29,161.3 2 0
sentinel-hub-api/handlers/test.go:163.2,164.16 2 0
sentinel-hub-api/handlers/test.go:164.16,165.85 1 0
sentinel-hub-api/handlers/test.go:165.85,168.4 2 0
sentinel-hub-api/handlers/test.go:169.3,170.9 2 0
sentinel-hub-api/handlers/test.go:173.2,173.47 1 0
sentinel-hub-api/handlers/test.go:177.72,179.61 2 0
sentinel-hub-api/handlers/test.go:179.61,185.3 2 0
sentinel-hub-api/handlers/test.go:187.2,187.25 1 0
sentinel-hub-api/handlers/test.go:187.25,193.3 2 0
sentinel-hub-api/handlers/test.go:195.2,195.29 1 0
sentinel-hub-api/handlers/test.go:195.29,201.3 2 0
sentinel-hub-api/handlers/test.go:203.2,204.16 2 0
sentinel-hub-api/handlers/test.go:204.16,207.3 2 0
sentinel-hub-api/handlers/test.go:209.2,209.53 1 0
sentinel-hub-api/handlers/test.go:213.86,215.23 2 0
sentinel-hub-api/handlers/test.go:215.23,221.3 2 0
sentinel-hub-api/handlers/test.go:223.2,224.16 2 0
sentinel-hub-api/handlers/test.go:224.16,225.62 1 0
sentinel-hub-api/handlers/test.go:225.62,228.4 2 0
sentinel-hub-api/handlers/test.go:229.3,230.9 2 0
sentinel-hub-api/handlers/test.go:233.2,233.47 1 0
sentinel-hub-api/handlers/types.go:102.33,104.2 1 0
sentinel-hub-api/handlers/workflow.go:21.84,25.2 1 0
sentinel-hub-api/handlers/workflow.go:28.82,30.61 2 0
sentinel-hub-api/handlers/workflow.go:30.61,36.3 2 0
sentinel-hub-api/handlers/workflow.go:38.2,39.16 2 0
sentinel-hub-api/handlers/workflow.go:39.16,42.3 2 0
sentinel-hub-api/handlers/workflow.go:44.2,44.54 1 0
sentinel-hub-api/handlers/workflow.go:48.79,50.14 2 0
sentinel-hub-api/handlers/workflow.go:50.14,56.3 2 0
sentinel-hub-api/handlers/workflow.go:58.2,59.16 2 0
sentinel-hub-api/handlers/workflow.go:59.16,62.3 2 0
sentinel-hub-api/handlers/workflow.go:63.2,63.21 1 0
sentinel-hub-api/handlers/workflow.go:63.21,69.3 2 0
sentinel-hub-api/handlers/workflow.go:71.2,71.49 1 0
sentinel-hub-api/handlers/workflow.go:75.81,80.60 3 0
sentinel-hub-api/handlers/workflow.go:80.60,81.72 1 0
sentinel-hub-api/handlers/workflow.go:81.72,83.4 1 0
sentinel-hub-api/handlers/workflow.go:86.2,86.63 1 0
sentinel-hub-api/handlers/workflow.go:86.63,87.62 1 0
sentinel-hub-api/handlers/workflow.go:87.62,89.4 1 0
sentinel-hub-api/handlers/workflow.go:92.2,93.16 2 0
sentinel-hub-api/handlers/workflow.go:93.16,96.3 2 0
sentinel-hub-api/handlers/workflow.go:98.2,103.4 1 0
sentinel-hub-api/handlers/workflow.go:107.83,109.14 2 0
sentinel-hub-api/handlers/workflow.go:109.14,115.3 2 0
sentinel-hub-api/handlers/workflow.go:117.2,118.16 2 0
sentinel-hub-api/handlers/workflow.go:118.16,121.3 2 0
sentinel-hub-api/handlers/workflow.go:123.2,123.56 1 0
sentinel-hub-api/handlers/workflow.go:127.88,129.14 2 0
sentinel-hub-api/handlers/workflow.go:129.14,135.3 2 0
sentinel-hub-api/handlers/workflow.go:137.2,138.16 2 0
sentinel-hub-api/handlers/workflow.go:138.16,141.3 2 0
sentinel-hub-api/handlers/workflow.go:142.2,142.22 1 0
sentinel-hub-api/handlers/workflow.go:142.22,148.3 2 0
sentinel-hub-api/handlers/workflow.go:150.2,150.50 1 0
