mode: set
github.com/divyang-garg/sentinel-hub-api/internal/api/handlers/user_handler.go:22.68,26.2 1 1
github.com/divyang-garg/sentinel-hub-api/internal/api/handlers/user_handler.go:30.74,34.61 3 1
github.com/divyang-garg/sentinel-hub-api/internal/api/handlers/user_handler.go:34.61,37.3 2 1
github.com/divyang-garg/sentinel-hub-api/internal/api/handlers/user_handler.go:39.2,40.16 2 1
github.com/divyang-garg/sentinel-hub-api/internal/api/handlers/user_handler.go:40.16,43.3 2 1
github.com/divyang-garg/sentinel-hub-api/internal/api/handlers/user_handler.go:45.2,45.44 1 1
github.com/divyang-garg/sentinel-hub-api/internal/api/handlers/user_handler.go:50.71,55.16 4 1
github.com/divyang-garg/sentinel-hub-api/internal/api/handlers/user_handler.go:55.16,58.3 2 1
github.com/divyang-garg/sentinel-hub-api/internal/api/handlers/user_handler.go:60.2,61.16 2 1
github.com/divyang-garg/sentinel-hub-api/internal/api/handlers/user_handler.go:61.16,64.3 2 1
github.com/divyang-garg/sentinel-hub-api/internal/api/handlers/user_handler.go:66.2,66.39 1 1
github.com/divyang-garg/sentinel-hub-api/internal/api/handlers/user_handler.go:71.74,76.16 4 1
github.com/divyang-garg/sentinel-hub-api/internal/api/handlers/user_handler.go:76.16,79.3 2 1
github.com/divyang-garg/sentinel-hub-api/internal/api/handlers/user_handler.go:81.2,82.61 2 1
github.com/divyang-garg/sentinel-hub-api/internal/api/handlers/user_handler.go:82.61,85.3 2 1
github.com/divyang-garg/sentinel-hub-api/internal/api/handlers/user_handler.go:87.2,88.16 2 1
github.com/divyang-garg/sentinel-hub-api/internal/api/handlers/user_handler.go:88.16,91.3 2 1
github.com/divyang-garg/sentinel-hub-api/internal/api/handlers/user_handler.go:93.2,93.39 1 1
github.com/divyang-garg/sentinel-hub-api/internal/api/handlers/user_handler.go:98.74,103.16 4 1
github.com/divyang-garg/sentinel-hub-api/internal/api/handlers/user_handler.go:103.16,106.3 2 1
github.com/divyang-garg/sentinel-hub-api/internal/api/handlers/user_handler.go:108.2,108.58 1 1
github.com/divyang-garg/sentinel-hub-api/internal/api/handlers/user_handler.go:108.58,111.3 2 1
github.com/divyang-garg/sentinel-hub-api/internal/api/handlers/user_handler.go:113.2,113.37 1 1
github.com/divyang-garg/sentinel-hub-api/internal/api/handlers/user_handler.go:118.88,122.2 3 1
github.com/divyang-garg/sentinel-hub-api/internal/api/handlers/user_handler.go:124.87,126.2 1 1
github.com/divyang-garg/sentinel-hub-api/internal/api/handlers/user_handler.go:128.76,129.25 1 1
github.com/divyang-garg/sentinel-hub-api/internal/api/handlers/user_handler.go:130.31,135.5 1 1
github.com/divyang-garg/sentinel-hub-api/internal/api/handlers/user_handler.go:136.29,137.52 1 1
github.com/divyang-garg/sentinel-hub-api/internal/api/handlers/user_handler.go:138.35,139.56 1 1
github.com/divyang-garg/sentinel-hub-api/internal/api/handlers/user_handler.go:140.34,141.53 1 1
github.com/divyang-garg/sentinel-hub-api/internal/api/handlers/user_handler.go:142.10,143.77 1 1
github.com/divyang-garg/sentinel-hub-api/internal/services/security.go:15.62,16.15 1 1
github.com/divyang-garg/sentinel-hub-api/internal/services/security.go:16.15,18.3 1 1
github.com/divyang-garg/sentinel-hub-api/internal/services/security.go:19.2,19.42 1 1
github.com/divyang-garg/sentinel-hub-api/internal/services/security.go:23.70,26.2 2 1
github.com/divyang-garg/sentinel-hub-api/internal/services/security.go:29.68,31.2 1 1
github.com/divyang-garg/sentinel-hub-api/internal/services/user_service.go:24.24,29.2 1 1
github.com/divyang-garg/sentinel-hub-api/internal/services/user_service.go:32.109,34.57 1 1
github.com/divyang-garg/sentinel-hub-api/internal/services/user_service.go:34.57,36.3 1 1
github.com/divyang-garg/sentinel-hub-api/internal/services/user_service.go:39.2,40.41 2 1
github.com/divyang-garg/sentinel-hub-api/internal/services/user_service.go:40.41,42.3 1 1
github.com/divyang-garg/sentinel-hub-api/internal/services/user_service.go:43.2,43.21 1 1
github.com/divyang-garg/sentinel-hub-api/internal/services/user_service.go:43.21,45.3 1 1
github.com/divyang-garg/sentinel-hub-api/internal/services/user_service.go:48.2,49.16 2 1
github.com/divyang-garg/sentinel-hub-api/internal/services/user_service.go:49.16,51.3 1 0
github.com/divyang-garg/sentinel-hub-api/internal/services/user_service.go:54.2,66.16 3 1
github.com/divyang-garg/sentinel-hub-api/internal/services/user_service.go:66.16,68.3 1 0
github.com/divyang-garg/sentinel-hub-api/internal/services/user_service.go:71.2,73.21 2 1
github.com/divyang-garg/sentinel-hub-api/internal/services/user_service.go:77.90,79.16 2 1
github.com/divyang-garg/sentinel-hub-api/internal/services/user_service.go:79.16,81.3 1 1
github.com/divyang-garg/sentinel-hub-api/internal/services/user_service.go:84.2,86.18 2 1
github.com/divyang-garg/sentinel-hub-api/internal/services/user_service.go:90.117,93.16 2 1
github.com/divyang-garg/sentinel-hub-api/internal/services/user_service.go:93.16,95.3 1 1
github.com/divyang-garg/sentinel-hub-api/internal/services/user_service.go:98.2,98.21 1 1
github.com/divyang-garg/sentinel-hub-api/internal/services/user_service.go:98.21,100.3 1 1
github.com/divyang-garg/sentinel-hub-api/internal/services/user_service.go:101.2,101.22 1 1
github.com/divyang-garg/sentinel-hub-api/internal/services/user_service.go:101.22,104.42 2 1
github.com/divyang-garg/sentinel-hub-api/internal/services/user_service.go:104.42,106.4 1 1
github.com/divyang-garg/sentinel-hub-api/internal/services/user_service.go:107.3,107.43 1 1
github.com/divyang-garg/sentinel-hub-api/internal/services/user_service.go:107.43,109.4 1 1
github.com/divyang-garg/sentinel-hub-api/internal/services/user_service.go:110.3,110.26 1 1
github.com/divyang-garg/sentinel-hub-api/internal/services/user_service.go:113.2,116.53 2 1
github.com/divyang-garg/sentinel-hub-api/internal/services/user_service.go:116.53,118.3 1 1
github.com/divyang-garg/sentinel-hub-api/internal/services/user_service.go:121.2,123.18 2 1
github.com/divyang-garg/sentinel-hub-api/internal/services/user_service.go:127.77,129.2 1 1
github.com/divyang-garg/sentinel-hub-api/internal/services/user_service.go:132.115,135.16 2 1
github.com/divyang-garg/sentinel-hub-api/internal/services/user_service.go:135.16,136.27 1 1
github.com/divyang-garg/sentinel-hub-api/internal/services/user_service.go:136.27,138.4 1 1
github.com/divyang-garg/sentinel-hub-api/internal/services/user_service.go:139.3,139.56 1 1
github.com/divyang-garg/sentinel-hub-api/internal/services/user_service.go:143.2,143.20 1 1
github.com/divyang-garg/sentinel-hub-api/internal/services/user_service.go:143.20,145.3 1 1
github.com/divyang-garg/sentinel-hub-api/internal/services/user_service.go:148.2,148.65 1 1
github.com/divyang-garg/sentinel-hub-api/internal/services/user_service.go:148.65,150.3 1 1
github.com/divyang-garg/sentinel-hub-api/internal/services/user_service.go:153.2,155.18 2 1
github.com/divyang-garg/sentinel-hub-api/internal/services/user_service.go:159.87,160.21 1 1
github.com/divyang-garg/sentinel-hub-api/internal/services/user_service.go:160.21,162.3 1 1
github.com/divyang-garg/sentinel-hub-api/internal/services/user_service.go:163.2,163.20 1 1
github.com/divyang-garg/sentinel-hub-api/internal/services/user_service.go:163.20,165.3 1 0
github.com/divyang-garg/sentinel-hub-api/internal/services/user_service.go:166.2,166.24 1 1
github.com/divyang-garg/sentinel-hub-api/internal/services/user_service.go:166.24,168.3 1 0
github.com/divyang-garg/sentinel-hub-api/internal/services/user_service.go:169.2,169.27 1 1
github.com/divyang-garg/sentinel-hub-api/internal/services/user_service.go:169.27,171.3 1 1
github.com/divyang-garg/sentinel-hub-api/internal/services/user_service.go:172.2,172.12 1 1
github.com/divyang-garg/sentinel-hub-api/internal/services/user_service.go:176.38,179.2 2 1
github.com/divyang-garg/sentinel-hub-api/internal/repository/database.go:13.57,15.16 2 1
github.com/divyang-garg/sentinel-hub-api/internal/repository/database.go:15.16,17.3 1 0
github.com/divyang-garg/sentinel-hub-api/internal/repository/database.go:20.2,25.34 4 1
github.com/divyang-garg/sentinel-hub-api/internal/repository/database.go:25.34,27.3 1 1
github.com/divyang-garg/sentinel-hub-api/internal/repository/database.go:29.2,29.16 1 0
github.com/divyang-garg/sentinel-hub-api/internal/repository/user_repository.go:20.68,22.2 1 1
github.com/divyang-garg/sentinel-hub-api/internal/repository/user_repository.go:25.103,39.16 6 1
github.com/divyang-garg/sentinel-hub-api/internal/repository/user_repository.go:39.16,41.3 1 1
github.com/divyang-garg/sentinel-hub-api/internal/repository/user_repository.go:43.2,43.18 1 1
github.com/divyang-garg/sentinel-hub-api/internal/repository/user_repository.go:47.93,58.16 4 1
github.com/divyang-garg/sentinel-hub-api/internal/repository/user_repository.go:58.16,59.27 1 1
github.com/divyang-garg/sentinel-hub-api/internal/repository/user_repository.go:59.27,61.4 1 1
github.com/divyang-garg/sentinel-hub-api/internal/repository/user_repository.go:62.3,62.56 1 0
github.com/divyang-garg/sentinel-hub-api/internal/repository/user_repository.go:65.2,65.19 1 1
github.com/divyang-garg/sentinel-hub-api/internal/repository/user_repository.go:69.102,80.16 4 1
github.com/divyang-garg/sentinel-hub-api/internal/repository/user_repository.go:80.16,81.27 1 1
github.com/divyang-garg/sentinel-hub-api/internal/repository/user_repository.go:81.27,83.4 1 0
github.com/divyang-garg/sentinel-hub-api/internal/repository/user_repository.go:84.3,84.65 1 1
github.com/divyang-garg/sentinel-hub-api/internal/repository/user_repository.go:87.2,87.19 1 1
github.com/divyang-garg/sentinel-hub-api/internal/repository/user_repository.go:91.87,102.16 4 1
github.com/divyang-garg/sentinel-hub-api/internal/repository/user_repository.go:102.16,104.3 1 1
github.com/divyang-garg/sentinel-hub-api/internal/repository/user_repository.go:106.2,107.16 2 1
github.com/divyang-garg/sentinel-hub-api/internal/repository/user_repository.go:107.16,109.3 1 1
github.com/divyang-garg/sentinel-hub-api/internal/repository/user_repository.go:111.2,111.23 1 1
github.com/divyang-garg/sentinel-hub-api/internal/repository/user_repository.go:111.23,113.3 1 1
github.com/divyang-garg/sentinel-hub-api/internal/repository/user_repository.go:115.2,115.12 1 1
github.com/divyang-garg/sentinel-hub-api/internal/repository/user_repository.go:119.76,123.16 3 1
github.com/divyang-garg/sentinel-hub-api/internal/repository/user_repository.go:123.16,125.3 1 1
github.com/divyang-garg/sentinel-hub-api/internal/repository/user_repository.go:127.2,128.16 2 1
github.com/divyang-garg/sentinel-hub-api/internal/repository/user_repository.go:128.16,130.3 1 1
github.com/divyang-garg/sentinel-hub-api/internal/repository/user_repository.go:132.2,132.23 1 1
github.com/divyang-garg/sentinel-hub-api/internal/repository/user_repository.go:132.23,134.3 1 1
github.com/divyang-garg/sentinel-hub-api/internal/repository/user_repository.go:136.2,136.12 1 1
github.com/divyang-garg/sentinel-hub-api/internal/repository/user_repository.go:140.103,148.16 3 1
github.com/divyang-garg/sentinel-hub-api/internal/repository/user_repository.go:148.16,150.3 1 1
github.com/divyang-garg/sentinel-hub-api/internal/repository/user_repository.go:151.2,154.18 3 1
github.com/divyang-garg/sentinel-hub-api/internal/repository/user_repository.go:154.18,159.17 3 1
github.com/divyang-garg/sentinel-hub-api/internal/repository/user_repository.go:159.17,161.4 1 1
github.com/divyang-garg/sentinel-hub-api/internal/repository/user_repository.go:162.3,162.31 1 1
github.com/divyang-garg/sentinel-hub-api/internal/repository/user_repository.go:165.2,165.35 1 1
github.com/divyang-garg/sentinel-hub-api/internal/repository/user_repository.go:165.35,167.3 1 1
github.com/divyang-garg/sentinel-hub-api/internal/repository/user_repository.go:169.2,169.19 1 1
github.com/divyang-garg/sentinel-hub-api/internal/mcp/audit_helper.go:10.86,20.16 3 1
github.com/divyang-garg/sentinel-hub-api/internal/mcp/audit_helper.go:20.16,22.3 1 0
github.com/divyang-garg/sentinel-hub-api/internal/mcp/audit_helper.go:25.2,33.8 1 1
github.com/divyang-garg/sentinel-hub-api/internal/mcp/audit_helper.go:37.64,47.16 3 1
github.com/divyang-garg/sentinel-hub-api/internal/mcp/audit_helper.go:47.16,49.3 1 0
github.com/divyang-garg/sentinel-hub-api/internal/mcp/audit_helper.go:52.2,53.42 2 1
github.com/divyang-garg/sentinel-hub-api/internal/mcp/audit_helper.go:53.42,55.32 1 0
github.com/divyang-garg/sentinel-hub-api/internal/mcp/audit_helper.go:55.32,57.4 1 0
github.com/divyang-garg/sentinel-hub-api/internal/mcp/audit_helper.go:60.2,65.8 1 1
github.com/divyang-garg/sentinel-hub-api/internal/mcp/audit_helper.go:69.43,78.2 2 0
github.com/divyang-garg/sentinel-hub-api/internal/mcp/audit_helper.go:81.37,82.13 1 1
github.com/divyang-garg/sentinel-hub-api/internal/mcp/audit_helper.go:82.13,84.3 1 1
github.com/divyang-garg/sentinel-hub-api/internal/mcp/audit_helper.go:85.2,85.17 1 1
github.com/divyang-garg/sentinel-hub-api/internal/mcp/baseline_helper.go:31.68,36.39 3 1
github.com/divyang-garg/sentinel-hub-api/internal/mcp/baseline_helper.go:36.39,38.3 1 0
github.com/divyang-garg/sentinel-hub-api/internal/mcp/baseline_helper.go:41.2,42.16 2 1
github.com/divyang-garg/sentinel-hub-api/internal/mcp/baseline_helper.go:42.16,44.3 1 0
github.com/divyang-garg/sentinel-hub-api/internal/mcp/baseline_helper.go:47.2,61.61 3 1
github.com/divyang-garg/sentinel-hub-api/internal/mcp/baseline_helper.go:61.61,63.3 1 0
github.com/divyang-garg/sentinel-hub-api/internal/mcp/baseline_helper.go:65.2,65.12 1 1
github.com/divyang-garg/sentinel-hub-api/internal/mcp/baseline_helper.go:69.51,71.16 2 1
github.com/divyang-garg/sentinel-hub-api/internal/mcp/baseline_helper.go:71.16,73.3 1 1
github.com/divyang-garg/sentinel-hub-api/internal/mcp/baseline_helper.go:75.2,76.56 2 1
github.com/divyang-garg/sentinel-hub-api/internal/mcp/baseline_helper.go:76.56,78.3 1 1
github.com/divyang-garg/sentinel-hub-api/internal/mcp/baseline_helper.go:80.2,80.23 1 1
github.com/divyang-garg/sentinel-hub-api/internal/mcp/baseline_helper.go:84.58,86.62 1 1
github.com/divyang-garg/sentinel-hub-api/internal/mcp/baseline_helper.go:86.62,88.3 1 0
github.com/divyang-garg/sentinel-hub-api/internal/mcp/baseline_helper.go:90.2,91.16 2 1
github.com/divyang-garg/sentinel-hub-api/internal/mcp/baseline_helper.go:91.16,93.3 1 0
github.com/divyang-garg/sentinel-hub-api/internal/mcp/baseline_helper.go:95.2,95.39 1 1
github.com/divyang-garg/sentinel-hub-api/internal/mcp/handlers.go:14.58,16.25 2 1
github.com/divyang-garg/sentinel-hub-api/internal/mcp/handlers.go:16.25,17.61 1 1
github.com/divyang-garg/sentinel-hub-api/internal/mcp/handlers.go:17.61,19.4 1 1
github.com/divyang-garg/sentinel-hub-api/internal/mcp/handlers.go:22.2,40.3 2 1
github.com/divyang-garg/sentinel-hub-api/internal/mcp/handlers.go:44.57,52.2 1 1
github.com/divyang-garg/sentinel-hub-api/internal/mcp/handlers.go:55.57,57.26 2 1
github.com/divyang-garg/sentinel-hub-api/internal/mcp/handlers.go:57.26,60.3 1 1
github.com/divyang-garg/sentinel-hub-api/internal/mcp/handlers.go:62.2,62.60 1 1
github.com/divyang-garg/sentinel-hub-api/internal/mcp/handlers.go:62.60,64.3 1 1
github.com/divyang-garg/sentinel-hub-api/internal/mcp/handlers.go:66.2,66.23 1 1
github.com/divyang-garg/sentinel-hub-api/internal/mcp/handlers.go:66.23,69.3 1 1
github.com/divyang-garg/sentinel-hub-api/internal/mcp/handlers.go:72.2,73.25 2 1
github.com/divyang-garg/sentinel-hub-api/internal/mcp/handlers.go:73.25,74.37 1 1
github.com/divyang-garg/sentinel-hub-api/internal/mcp/handlers.go:74.37,76.9 2 1
github.com/divyang-garg/sentinel-hub-api/internal/mcp/handlers.go:80.2,80.17 1 1
github.com/divyang-garg/sentinel-hub-api/internal/mcp/handlers.go:80.17,83.3 1 1
github.com/divyang-garg/sentinel-hub-api/internal/mcp/handlers.go:86.2,87.16 2 1
github.com/divyang-garg/sentinel-hub-api/internal/mcp/handlers.go:87.16,89.3 1 1
github.com/divyang-garg/sentinel-hub-api/internal/mcp/handlers.go:91.2,95.3 1 1
github.com/divyang-garg/sentinel-hub-api/internal/mcp/handlers.go:99.52,114.2 2 1
github.com/divyang-garg/sentinel-hub-api/internal/mcp/handlers.go:117.93,118.14 1 1
github.com/divyang-garg/sentinel-hub-api/internal/mcp/handlers.go:119.30,120.34 1 0
github.com/divyang-garg/sentinel-hub-api/internal/mcp/handlers.go:121.31,122.35 1 0
github.com/divyang-garg/sentinel-hub-api/internal/mcp/handlers.go:123.34,124.37 1 1
github.com/divyang-garg/sentinel-hub-api/internal/mcp/handlers.go:125.24,126.29 1 1
github.com/divyang-garg/sentinel-hub-api/internal/mcp/handlers.go:127.29,128.33 1 0
github.com/divyang-garg/sentinel-hub-api/internal/mcp/handlers.go:129.31,130.35 1 0
github.com/divyang-garg/sentinel-hub-api/internal/mcp/handlers.go:131.35,132.39 1 0
github.com/divyang-garg/sentinel-hub-api/internal/mcp/handlers.go:133.10,134.59 1 1
github.com/divyang-garg/sentinel-hub-api/internal/mcp/handlers.go:139.85,141.59 2 1
github.com/divyang-garg/sentinel-hub-api/internal/mcp/handlers.go:141.59,143.3 1 0
github.com/divyang-garg/sentinel-hub-api/internal/mcp/handlers.go:145.2,151.72 2 1
github.com/divyang-garg/sentinel-hub-api/internal/mcp/handlers.go:151.72,153.3 1 1
github.com/divyang-garg/sentinel-hub-api/internal/mcp/handlers.go:156.2,156.79 1 1
github.com/divyang-garg/sentinel-hub-api/internal/mcp/handlers.go:156.79,158.3 1 1
github.com/divyang-garg/sentinel-hub-api/internal/mcp/handlers.go:161.2,161.81 1 1
github.com/divyang-garg/sentinel-hub-api/internal/mcp/handlers.go:161.81,163.3 1 1
github.com/divyang-garg/sentinel-hub-api/internal/mcp/handlers.go:166.2,166.101 1 1
github.com/divyang-garg/sentinel-hub-api/internal/mcp/handlers.go:166.101,168.45 2 1
github.com/divyang-garg/sentinel-hub-api/internal/mcp/handlers.go:168.45,169.62 1 1
github.com/divyang-garg/sentinel-hub-api/internal/mcp/handlers.go:169.62,171.5 1 1
github.com/divyang-garg/sentinel-hub-api/internal/mcp/handlers.go:176.2,176.102 1 1
github.com/divyang-garg/sentinel-hub-api/internal/mcp/handlers.go:176.102,178.39 2 1
github.com/divyang-garg/sentinel-hub-api/internal/mcp/handlers.go:178.39,179.56 1 1
github.com/divyang-garg/sentinel-hub-api/internal/mcp/handlers.go:179.56,181.5 1 1
github.com/divyang-garg/sentinel-hub-api/internal/mcp/handlers.go:185.2,185.21 1 1
github.com/divyang-garg/sentinel-hub-api/internal/mcp/handlers.go:189.86,193.16 3 1
github.com/divyang-garg/sentinel-hub-api/internal/mcp/handlers.go:193.16,200.3 1 1
github.com/divyang-garg/sentinel-hub-api/internal/mcp/handlers.go:203.2,204.56 2 1
github.com/divyang-garg/sentinel-hub-api/internal/mcp/handlers.go:204.56,206.3 1 1
github.com/divyang-garg/sentinel-hub-api/internal/mcp/handlers.go:209.2,212.64 2 1
github.com/divyang-garg/sentinel-hub-api/internal/mcp/handlers.go:212.64,213.34 1 1
github.com/divyang-garg/sentinel-hub-api/internal/mcp/handlers.go:213.34,218.4 1 1
github.com/divyang-garg/sentinel-hub-api/internal/mcp/handlers.go:222.2,222.66 1 1
github.com/divyang-garg/sentinel-hub-api/internal/mcp/handlers.go:222.66,223.33 1 1
github.com/divyang-garg/sentinel-hub-api/internal/mcp/handlers.go:223.33,228.4 1 1
github.com/divyang-garg/sentinel-hub-api/internal/mcp/handlers.go:232.2,232.67 1 1
github.com/divyang-garg/sentinel-hub-api/internal/mcp/handlers.go:232.67,233.34 1 1
github.com/divyang-garg/sentinel-hub-api/internal/mcp/handlers.go:233.34,239.4 1 1
github.com/divyang-garg/sentinel-hub-api/internal/mcp/handlers.go:242.2,246.8 1 1
github.com/divyang-garg/sentinel-hub-api/internal/mcp/knowledge_helper.go:32.74,37.16 3 1
github.com/divyang-garg/sentinel-hub-api/internal/mcp/knowledge_helper.go:37.16,39.3 1 1
github.com/divyang-garg/sentinel-hub-api/internal/mcp/knowledge_helper.go:41.2,42.50 2 1
github.com/divyang-garg/sentinel-hub-api/internal/mcp/knowledge_helper.go:42.50,44.3 1 1
github.com/divyang-garg/sentinel-hub-api/internal/mcp/knowledge_helper.go:47.2,50.35 3 1
github.com/divyang-garg/sentinel-hub-api/internal/mcp/knowledge_helper.go:50.35,54.40 1 1
github.com/divyang-garg/sentinel-hub-api/internal/mcp/knowledge_helper.go:54.40,64.4 1 1
github.com/divyang-garg/sentinel-hub-api/internal/mcp/knowledge_helper.go:67.2,67.21 1 1
github.com/divyang-garg/sentinel-hub-api/internal/mcp/knowledge_helper.go:71.52,72.27 1 1
github.com/divyang-garg/sentinel-hub-api/internal/mcp/knowledge_helper.go:72.27,73.52 1 1
github.com/divyang-garg/sentinel-hub-api/internal/mcp/knowledge_helper.go:73.52,75.4 1 1
github.com/divyang-garg/sentinel-hub-api/internal/mcp/knowledge_helper.go:77.2,77.14 1 1
github.com/divyang-garg/sentinel-hub-api/internal/mcp/knowledge_helper.go:81.57,82.28 1 1
github.com/divyang-garg/sentinel-hub-api/internal/mcp/knowledge_helper.go:82.28,84.3 1 1
github.com/divyang-garg/sentinel-hub-api/internal/mcp/knowledge_helper.go:85.2,85.33 1 1
github.com/divyang-garg/sentinel-hub-api/internal/mcp/server.go:31.26,37.2 1 1
github.com/divyang-garg/sentinel-hub-api/internal/mcp/server.go:40.32,51.21 6 0
github.com/divyang-garg/sentinel-hub-api/internal/mcp/server.go:51.21,55.41 2 0
github.com/divyang-garg/sentinel-hub-api/internal/mcp/server.go:55.41,59.12 3 0
github.com/divyang-garg/sentinel-hub-api/internal/mcp/server.go:63.3,68.18 4 0
github.com/divyang-garg/sentinel-hub-api/internal/mcp/server.go:68.18,69.47 1 0
github.com/divyang-garg/sentinel-hub-api/internal/mcp/server.go:69.47,73.5 2 0
github.com/divyang-garg/sentinel-hub-api/internal/mcp/server.go:77.2,77.38 1 0
github.com/divyang-garg/sentinel-hub-api/internal/mcp/server.go:77.38,79.3 1 0
github.com/divyang-garg/sentinel-hub-api/internal/mcp/server.go:81.2,81.12 1 0
github.com/divyang-garg/sentinel-hub-api/internal/mcp/server.go:85.64,87.31 1 0
github.com/divyang-garg/sentinel-hub-api/internal/mcp/server.go:87.31,89.3 1 0
github.com/divyang-garg/sentinel-hub-api/internal/mcp/server.go:92.2,93.66 2 0
github.com/divyang-garg/sentinel-hub-api/internal/mcp/server.go:93.66,95.3 1 0
github.com/divyang-garg/sentinel-hub-api/internal/mcp/server.go:98.2,98.60 1 0
github.com/divyang-garg/sentinel-hub-api/internal/mcp/server.go:98.60,100.3 1 0
github.com/divyang-garg/sentinel-hub-api/internal/mcp/server.go:103.2,104.59 2 0
github.com/divyang-garg/sentinel-hub-api/internal/mcp/server.go:104.59,106.3 1 0
github.com/divyang-garg/sentinel-hub-api/internal/mcp/server.go:109.2,109.29 1 0
github.com/divyang-garg/sentinel-hub-api/internal/mcp/server.go:113.75,115.60 1 0
github.com/divyang-garg/sentinel-hub-api/internal/mcp/server.go:115.60,121.3 1 0
github.com/divyang-garg/sentinel-hub-api/internal/mcp/server.go:124.2,124.45 1 0
github.com/divyang-garg/sentinel-hub-api/internal/mcp/server.go:124.45,125.63 1 0
github.com/divyang-garg/sentinel-hub-api/internal/mcp/server.go:125.63,131.4 1 0
github.com/divyang-garg/sentinel-hub-api/internal/mcp/server.go:134.2,134.12 1 0
github.com/divyang-garg/sentinel-hub-api/internal/mcp/server.go:138.55,142.20 3 0
github.com/divyang-garg/sentinel-hub-api/internal/mcp/server.go:143.20,144.33 1 0
github.com/divyang-garg/sentinel-hub-api/internal/mcp/server.go:145.20,146.32 1 0
github.com/divyang-garg/sentinel-hub-api/internal/mcp/server.go:147.20,148.32 1 0
github.com/divyang-garg/sentinel-hub-api/internal/mcp/server.go:149.14,150.27 1 0
github.com/divyang-garg/sentinel-hub-api/internal/mcp/server.go:151.10,153.50 1 0
github.com/divyang-garg/sentinel-hub-api/internal/mcp/server.go:158.108,168.2 1 1
github.com/divyang-garg/sentinel-hub-api/internal/mcp/tool_handlers.go:12.88,14.27 2 1
github.com/divyang-garg/sentinel-hub-api/internal/mcp/tool_handlers.go:14.27,16.3 1 1
github.com/divyang-garg/sentinel-hub-api/internal/mcp/tool_handlers.go:19.2,20.16 2 1
github.com/divyang-garg/sentinel-hub-api/internal/mcp/tool_handlers.go:20.16,22.3 1 1
github.com/divyang-garg/sentinel-hub-api/internal/mcp/tool_handlers.go:25.2,26.16 2 1
github.com/divyang-garg/sentinel-hub-api/internal/mcp/tool_handlers.go:26.16,28.3 1 0
github.com/divyang-garg/sentinel-hub-api/internal/mcp/tool_handlers.go:30.2,31.28 2 1
github.com/divyang-garg/sentinel-hub-api/internal/mcp/tool_handlers.go:31.28,32.16 1 1
github.com/divyang-garg/sentinel-hub-api/internal/mcp/tool_handlers.go:32.16,34.4 1 1
github.com/divyang-garg/sentinel-hub-api/internal/mcp/tool_handlers.go:38.2,41.45 3 1
github.com/divyang-garg/sentinel-hub-api/internal/mcp/tool_handlers.go:41.45,44.3 2 1
github.com/divyang-garg/sentinel-hub-api/internal/mcp/tool_handlers.go:44.8,44.48 1 1
github.com/divyang-garg/sentinel-hub-api/internal/mcp/tool_handlers.go:44.48,47.3 2 1
github.com/divyang-garg/sentinel-hub-api/internal/mcp/tool_handlers.go:47.8,47.57 1 1
github.com/divyang-garg/sentinel-hub-api/internal/mcp/tool_handlers.go:47.57,50.3 2 1
github.com/divyang-garg/sentinel-hub-api/internal/mcp/tool_handlers.go:50.8,50.96 1 1
github.com/divyang-garg/sentinel-hub-api/internal/mcp/tool_handlers.go:50.96,53.3 2 1
github.com/divyang-garg/sentinel-hub-api/internal/mcp/tool_handlers.go:53.8,53.95 1 1
github.com/divyang-garg/sentinel-hub-api/internal/mcp/tool_handlers.go:53.95,56.3 2 1
github.com/divyang-garg/sentinel-hub-api/internal/mcp/tool_handlers.go:56.8,59.3 2 1
github.com/divyang-garg/sentinel-hub-api/internal/mcp/tool_handlers.go:61.2,63.12 3 1
github.com/divyang-garg/sentinel-hub-api/internal/mcp/tool_handlers.go:63.12,65.3 1 1
github.com/divyang-garg/sentinel-hub-api/internal/mcp/tool_handlers.go:67.2,74.8 1 1
github.com/divyang-garg/sentinel-hub-api/internal/mcp/tool_handlers.go:78.80,80.51 2 1
github.com/divyang-garg/sentinel-hub-api/internal/mcp/tool_handlers.go:80.51,82.3 1 1
github.com/divyang-garg/sentinel-hub-api/internal/mcp/tool_handlers.go:84.2,85.43 2 1
github.com/divyang-garg/sentinel-hub-api/internal/mcp/tool_handlers.go:85.43,87.3 1 1
github.com/divyang-garg/sentinel-hub-api/internal/mcp/tool_handlers.go:89.2,90.38 2 1
github.com/divyang-garg/sentinel-hub-api/internal/mcp/tool_handlers.go:90.38,92.3 1 1
github.com/divyang-garg/sentinel-hub-api/internal/mcp/tool_handlers.go:95.2,96.16 2 1
github.com/divyang-garg/sentinel-hub-api/internal/mcp/tool_handlers.go:96.16,98.3 1 0
github.com/divyang-garg/sentinel-hub-api/internal/mcp/tool_handlers.go:100.2,100.20 1 1
github.com/divyang-garg/sentinel-hub-api/internal/mcp/tool_handlers.go:104.84,106.51 2 1
github.com/divyang-garg/sentinel-hub-api/internal/mcp/tool_handlers.go:106.51,108.3 1 1
github.com/divyang-garg/sentinel-hub-api/internal/mcp/tool_handlers.go:110.2,111.16 2 1
github.com/divyang-garg/sentinel-hub-api/internal/mcp/tool_handlers.go:111.16,113.3 1 0
github.com/divyang-garg/sentinel-hub-api/internal/mcp/tool_handlers.go:115.2,115.20 1 1
github.com/divyang-garg/sentinel-hub-api/internal/mcp/tool_handlers.go:119.86,124.29 4 1
github.com/divyang-garg/sentinel-hub-api/internal/mcp/tool_handlers.go:124.29,126.3 1 1
github.com/divyang-garg/sentinel-hub-api/internal/mcp/tool_handlers.go:128.2,128.18 1 1
github.com/divyang-garg/sentinel-hub-api/internal/mcp/tool_handlers.go:128.18,130.3 1 0
github.com/divyang-garg/sentinel-hub-api/internal/mcp/tool_handlers.go:133.2,133.67 1 1
github.com/divyang-garg/sentinel-hub-api/internal/mcp/tool_handlers.go:133.67,135.3 1 0
github.com/divyang-garg/sentinel-hub-api/internal/mcp/tool_handlers.go:137.2,143.8 1 1
github.com/divyang-garg/sentinel-hub-api/internal/mcp/tool_handlers.go:147.90,150.17 2 1
github.com/divyang-garg/sentinel-hub-api/internal/mcp/tool_handlers.go:150.17,152.3 1 1
github.com/divyang-garg/sentinel-hub-api/internal/mcp/tool_handlers.go:155.2,156.16 2 1
github.com/divyang-garg/sentinel-hub-api/internal/mcp/tool_handlers.go:156.16,164.3 1 1
github.com/divyang-garg/sentinel-hub-api/internal/mcp/tool_handlers.go:166.2,170.8 1 1
github.com/divyang-garg/sentinel-hub-api/internal/mcp/tools.go:6.34,124.2 1 1
