mode: set
github.com/divyang-garg/sentinel-hub-api/internal/config/config.go:59.30,95.2 2 1
github.com/divyang-garg/sentinel-hub-api/internal/config/config.go:99.46,100.42 1 1
github.com/divyang-garg/sentinel-hub-api/internal/config/config.go:100.42,102.3 1 1
github.com/divyang-garg/sentinel-hub-api/internal/config/config.go:103.2,103.21 1 1
github.com/divyang-garg/sentinel-hub-api/internal/config/config.go:106.52,107.42 1 1
github.com/divyang-garg/sentinel-hub-api/internal/config/config.go:107.42,108.55 1 1
github.com/divyang-garg/sentinel-hub-api/internal/config/config.go:108.55,110.4 1 1
github.com/divyang-garg/sentinel-hub-api/internal/config/config.go:112.2,112.21 1 1
github.com/divyang-garg/sentinel-hub-api/internal/config/config.go:115.77,116.42 1 1
github.com/divyang-garg/sentinel-hub-api/internal/config/config.go:116.42,117.61 1 1
github.com/divyang-garg/sentinel-hub-api/internal/config/config.go:117.61,119.4 1 1
github.com/divyang-garg/sentinel-hub-api/internal/config/config.go:121.2,121.21 1 1
github.com/divyang-garg/sentinel-hub-api/internal/config/config.go:124.64,125.42 1 1
github.com/divyang-garg/sentinel-hub-api/internal/config/config.go:125.42,129.3 1 1
github.com/divyang-garg/sentinel-hub-api/internal/config/config.go:130.2,130.21 1 1
github.com/divyang-garg/sentinel-hub-api/internal/config/writer.go:12.51,14.2 1 1
github.com/divyang-garg/sentinel-hub-api/internal/config/writer.go:17.30,20.16 3 1
github.com/divyang-garg/sentinel-hub-api/internal/config/writer.go:20.16,22.3 1 0
github.com/divyang-garg/sentinel-hub-api/internal/config/writer.go:23.2,25.12 3 1
github.com/divyang-garg/sentinel-hub-api/internal/config/writer.go:29.23,48.2 2 1
github.com/divyang-garg/sentinel-hub-api/internal/mcp/audit_helper.go:10.86,20.16 3 1
github.com/divyang-garg/sentinel-hub-api/internal/mcp/audit_helper.go:20.16,22.3 1 0
github.com/divyang-garg/sentinel-hub-api/internal/mcp/audit_helper.go:25.2,33.8 1 1
github.com/divyang-garg/sentinel-hub-api/internal/mcp/audit_helper.go:37.64,47.16 3 1
github.com/divyang-garg/sentinel-hub-api/internal/mcp/audit_helper.go:47.16,49.3 1 0
github.com/divyang-garg/sentinel-hub-api/internal/mcp/audit_helper.go:52.2,53.42 2 1
github.com/divyang-garg/sentinel-hub-api/internal/mcp/audit_helper.go:53.42,55.32 1 0
github.com/divyang-garg/sentinel-hub-api/internal/mcp/audit_helper.go:55.32,57.4 1 0
github.com/divyang-garg/sentinel-hub-api/internal/mcp/audit_helper.go:60.2,65.8 1 1
github.com/divyang-garg/sentinel-hub-api/internal/mcp/audit_helper.go:69.43,78.2 2 0
github.com/divyang-garg/sentinel-hub-api/internal/mcp/audit_helper.go:81.37,82.13 1 1
github.com/divyang-garg/sentinel-hub-api/internal/mcp/audit_helper.go:82.13,84.3 1 1
github.com/divyang-garg/sentinel-hub-api/internal/mcp/audit_helper.go:85.2,85.17 1 1
github.com/divyang-garg/sentinel-hub-api/internal/mcp/baseline_helper.go:31.68,36.39 3 1
github.com/divyang-garg/sentinel-hub-api/internal/mcp/baseline_helper.go:36.39,38.3 1 0
github.com/divyang-garg/sentinel-hub-api/internal/mcp/baseline_helper.go:41.2,42.16 2 1
github.com/divyang-garg/sentinel-hub-api/internal/mcp/baseline_helper.go:42.16,44.3 1 0
github.com/divyang-garg/sentinel-hub-api/internal/mcp/baseline_helper.go:47.2,61.61 3 1
github.com/divyang-garg/sentinel-hub-api/internal/mcp/baseline_helper.go:61.61,63.3 1 0
github.com/divyang-garg/sentinel-hub-api/internal/mcp/baseline_helper.go:65.2,65.12 1 1
github.com/divyang-garg/sentinel-hub-api/internal/mcp/baseline_helper.go:69.51,71.16 2 1
github.com/divyang-garg/sentinel-hub-api/internal/mcp/baseline_helper.go:71.16,73.3 1 1
github.com/divyang-garg/sentinel-hub-api/internal/mcp/baseline_helper.go:75.2,76.56 2 1
github.com/divyang-garg/sentinel-hub-api/internal/mcp/baseline_helper.go:76.56,78.3 1 1
github.com/divyang-garg/sentinel-hub-api/internal/mcp/baseline_helper.go:80.2,80.23 1 1
github.com/divyang-garg/sentinel-hub-api/internal/mcp/baseline_helper.go:84.58,86.62 1 1
github.com/divyang-garg/sentinel-hub-api/internal/mcp/baseline_helper.go:86.62,88.3 1 0
github.com/divyang-garg/sentinel-hub-api/internal/mcp/baseline_helper.go:90.2,91.16 2 1
github.com/divyang-garg/sentinel-hub-api/internal/mcp/baseline_helper.go:91.16,93.3 1 0
github.com/divyang-garg/sentinel-hub-api/internal/mcp/baseline_helper.go:95.2,95.39 1 1
github.com/divyang-garg/sentinel-hub-api/internal/mcp/handlers.go:14.58,16.25 2 1
github.com/divyang-garg/sentinel-hub-api/internal/mcp/handlers.go:16.25,17.61 1 1
github.com/divyang-garg/sentinel-hub-api/internal/mcp/handlers.go:17.61,19.4 1 0
github.com/divyang-garg/sentinel-hub-api/internal/mcp/handlers.go:22.2,40.3 2 1
github.com/divyang-garg/sentinel-hub-api/internal/mcp/handlers.go:44.57,52.2 1 1
github.com/divyang-garg/sentinel-hub-api/internal/mcp/handlers.go:55.57,57.26 2 1
github.com/divyang-garg/sentinel-hub-api/internal/mcp/handlers.go:57.26,60.3 1 0
github.com/divyang-garg/sentinel-hub-api/internal/mcp/handlers.go:62.2,62.60 1 1
github.com/divyang-garg/sentinel-hub-api/internal/mcp/handlers.go:62.60,64.3 1 0
github.com/divyang-garg/sentinel-hub-api/internal/mcp/handlers.go:66.2,66.23 1 1
github.com/divyang-garg/sentinel-hub-api/internal/mcp/handlers.go:66.23,69.3 1 0
github.com/divyang-garg/sentinel-hub-api/internal/mcp/handlers.go:72.2,73.25 2 1
github.com/divyang-garg/sentinel-hub-api/internal/mcp/handlers.go:73.25,74.37 1 1
github.com/divyang-garg/sentinel-hub-api/internal/mcp/handlers.go:74.37,76.9 2 1
github.com/divyang-garg/sentinel-hub-api/internal/mcp/handlers.go:80.2,80.17 1 1
github.com/divyang-garg/sentinel-hub-api/internal/mcp/handlers.go:80.17,83.3 1 1
github.com/divyang-garg/sentinel-hub-api/internal/mcp/handlers.go:86.2,87.16 2 1
github.com/divyang-garg/sentinel-hub-api/internal/mcp/handlers.go:87.16,89.3 1 0
github.com/divyang-garg/sentinel-hub-api/internal/mcp/handlers.go:91.2,95.3 1 1
github.com/divyang-garg/sentinel-hub-api/internal/mcp/handlers.go:99.52,114.2 2 1
github.com/divyang-garg/sentinel-hub-api/internal/mcp/handlers.go:117.93,118.14 1 1
github.com/divyang-garg/sentinel-hub-api/internal/mcp/handlers.go:119.30,120.34 1 0
github.com/divyang-garg/sentinel-hub-api/internal/mcp/handlers.go:121.31,122.35 1 0
github.com/divyang-garg/sentinel-hub-api/internal/mcp/handlers.go:123.34,124.37 1 0
github.com/divyang-garg/sentinel-hub-api/internal/mcp/handlers.go:125.24,126.29 1 1
github.com/divyang-garg/sentinel-hub-api/internal/mcp/handlers.go:127.29,128.33 1 0
github.com/divyang-garg/sentinel-hub-api/internal/mcp/handlers.go:129.31,130.35 1 0
github.com/divyang-garg/sentinel-hub-api/internal/mcp/handlers.go:131.35,132.39 1 0
github.com/divyang-garg/sentinel-hub-api/internal/mcp/handlers.go:133.10,134.59 1 0
github.com/divyang-garg/sentinel-hub-api/internal/mcp/handlers.go:139.85,141.59 2 1
github.com/divyang-garg/sentinel-hub-api/internal/mcp/handlers.go:141.59,143.3 1 0
github.com/divyang-garg/sentinel-hub-api/internal/mcp/handlers.go:145.2,151.72 2 1
github.com/divyang-garg/sentinel-hub-api/internal/mcp/handlers.go:151.72,153.3 1 1
github.com/divyang-garg/sentinel-hub-api/internal/mcp/handlers.go:156.2,156.79 1 1
github.com/divyang-garg/sentinel-hub-api/internal/mcp/handlers.go:156.79,158.3 1 1
github.com/divyang-garg/sentinel-hub-api/internal/mcp/handlers.go:161.2,161.81 1 1
github.com/divyang-garg/sentinel-hub-api/internal/mcp/handlers.go:161.81,163.3 1 1
github.com/divyang-garg/sentinel-hub-api/internal/mcp/handlers.go:166.2,166.101 1 1
github.com/divyang-garg/sentinel-hub-api/internal/mcp/handlers.go:166.101,168.45 2 1
github.com/divyang-garg/sentinel-hub-api/internal/mcp/handlers.go:168.45,169.62 1 1
github.com/divyang-garg/sentinel-hub-api/internal/mcp/handlers.go:169.62,171.5 1 1
github.com/divyang-garg/sentinel-hub-api/internal/mcp/handlers.go:176.2,176.102 1 1
github.com/divyang-garg/sentinel-hub-api/internal/mcp/handlers.go:176.102,178.39 2 1
github.com/divyang-garg/sentinel-hub-api/internal/mcp/handlers.go:178.39,179.56 1 1
github.com/divyang-garg/sentinel-hub-api/internal/mcp/handlers.go:179.56,181.5 1 1
github.com/divyang-garg/sentinel-hub-api/internal/mcp/handlers.go:185.2,185.21 1 1
github.com/divyang-garg/sentinel-hub-api/internal/mcp/handlers.go:189.86,193.16 3 1
github.com/divyang-garg/sentinel-hub-api/internal/mcp/handlers.go:193.16,200.3 1 1
github.com/divyang-garg/sentinel-hub-api/internal/mcp/handlers.go:203.2,204.56 2 1
github.com/divyang-garg/sentinel-hub-api/internal/mcp/handlers.go:204.56,206.3 1 1
github.com/divyang-garg/sentinel-hub-api/internal/mcp/handlers.go:209.2,212.64 2 1
github.com/divyang-garg/sentinel-hub-api/internal/mcp/handlers.go:212.64,213.34 1 1
github.com/divyang-garg/sentinel-hub-api/internal/mcp/handlers.go:213.34,218.4 1 1
github.com/divyang-garg/sentinel-hub-api/internal/mcp/handlers.go:222.2,222.66 1 1
github.com/divyang-garg/sentinel-hub-api/internal/mcp/handlers.go:222.66,223.33 1 1
github.com/divyang-garg/sentinel-hub-api/internal/mcp/handlers.go:223.33,228.4 1 1
github.com/divyang-garg/sentinel-hub-api/internal/mcp/handlers.go:232.2,232.67 1 1
github.com/divyang-garg/sentinel-hub-api/internal/mcp/handlers.go:232.67,233.34 1 1
github.com/divyang-garg/sentinel-hub-api/internal/mcp/handlers.go:233.34,239.4 1 1
github.com/divyang-garg/sentinel-hub-api/internal/mcp/handlers.go:242.2,246.8 1 1
github.com/divyang-garg/sentinel-hub-api/internal/mcp/knowledge_helper.go:32.74,37.16 3 1
github.com/divyang-garg/sentinel-hub-api/internal/mcp/knowledge_helper.go:37.16,39.3 1 1
github.com/divyang-garg/sentinel-hub-api/internal/mcp/knowledge_helper.go:41.2,42.50 2 1
github.com/divyang-garg/sentinel-hub-api/internal/mcp/knowledge_helper.go:42.50,44.3 1 1
github.com/divyang-garg/sentinel-hub-api/internal/mcp/knowledge_helper.go:47.2,50.35 3 1
github.com/divyang-garg/sentinel-hub-api/internal/mcp/knowledge_helper.go:50.35,54.40 1 1
github.com/divyang-garg/sentinel-hub-api/internal/mcp/knowledge_helper.go:54.40,64.4 1 1
github.com/divyang-garg/sentinel-hub-api/internal/mcp/knowledge_helper.go:67.2,67.21 1 1
github.com/divyang-garg/sentinel-hub-api/internal/mcp/knowledge_helper.go:71.52,72.27 1 1
github.com/divyang-garg/sentinel-hub-api/internal/mcp/knowledge_helper.go:72.27,73.52 1 1
github.com/divyang-garg/sentinel-hub-api/internal/mcp/knowledge_helper.go:73.52,75.4 1 1
github.com/divyang-garg/sentinel-hub-api/internal/mcp/knowledge_helper.go:77.2,77.14 1 1
github.com/divyang-garg/sentinel-hub-api/internal/mcp/knowledge_helper.go:81.57,82.28 1 1
github.com/divyang-garg/sentinel-hub-api/internal/mcp/knowledge_helper.go:82.28,84.3 1 1
github.com/divyang-garg/sentinel-hub-api/internal/mcp/knowledge_helper.go:85.2,85.33 1 1
github.com/divyang-garg/sentinel-hub-api/internal/mcp/server.go:31.26,37.2 1 1
github.com/divyang-garg/sentinel-hub-api/internal/mcp/server.go:40.32,51.21 6 0
github.com/divyang-garg/sentinel-hub-api/internal/mcp/server.go:51.21,55.41 2 0
github.com/divyang-garg/sentinel-hub-api/internal/mcp/server.go:55.41,59.12 3 0
github.com/divyang-garg/sentinel-hub-api/internal/mcp/server.go:63.3,68.18 4 0
github.com/divyang-garg/sentinel-hub-api/internal/mcp/server.go:68.18,69.47 1 0
github.com/divyang-garg/sentinel-hub-api/internal/mcp/server.go:69.47,73.5 2 0
github.com/divyang-garg/sentinel-hub-api/internal/mcp/server.go:77.2,77.38 1 0
github.com/divyang-garg/sentinel-hub-api/internal/mcp/server.go:77.38,79.3 1 0
github.com/divyang-garg/sentinel-hub-api/internal/mcp/server.go:81.2,81.12 1 0
github.com/divyang-garg/sentinel-hub-api/internal/mcp/server.go:85.64,87.31 1 0
github.com/divyang-garg/sentinel-hub-api/internal/mcp/server.go:87.31,89.3 1 0
github.com/divyang-garg/sentinel-hub-api/internal/mcp/server.go:92.2,93.66 2 0
github.com/divyang-garg/sentinel-hub-api/internal/mcp/server.go:93.66,95.3 1 0
github.com/divyang-garg/sentinel-hub-api/internal/mcp/server.go:98.2,98.60 1 0
github.com/divyang-garg/sentinel-hub-api/internal/mcp/server.go:98.60,100.3 1 0
github.com/divyang-garg/sentinel-hub-api/internal/mcp/server.go:103.2,104.59 2 0
github.com/divyang-garg/sentinel-hub-api/internal/mcp/server.go:104.59,106.3 1 0
github.com/divyang-garg/sentinel-hub-api/internal/mcp/server.go:109.2,109.29 1 0
github.com/divyang-garg/sentinel-hub-api/internal/mcp/server.go:113.75,115.60 1 0
github.com/divyang-garg/sentinel-hub-api/internal/mcp/server.go:115.60,121.3 1 0
github.com/divyang-garg/sentinel-hub-api/internal/mcp/server.go:124.2,124.45 1 0
github.com/divyang-garg/sentinel-hub-api/internal/mcp/server.go:124.45,125.63 1 0
github.com/divyang-garg/sentinel-hub-api/internal/mcp/server.go:125.63,131.4 1 0
github.com/divyang-garg/sentinel-hub-api/internal/mcp/server.go:134.2,134.12 1 0
github.com/divyang-garg/sentinel-hub-api/internal/mcp/server.go:138.55,142.20 3 0
github.com/divyang-garg/sentinel-hub-api/internal/mcp/server.go:143.20,144.33 1 0
github.com/divyang-garg/sentinel-hub-api/internal/mcp/server.go:145.20,146.32 1 0
github.com/divyang-garg/sentinel-hub-api/internal/mcp/server.go:147.20,148.32 1 0
github.com/divyang-garg/sentinel-hub-api/internal/mcp/server.go:149.14,150.27 1 0
github.com/divyang-garg/sentinel-hub-api/internal/mcp/server.go:151.10,153.50 1 0
github.com/divyang-garg/sentinel-hub-api/internal/mcp/server.go:158.108,168.2 1 1
github.com/divyang-garg/sentinel-hub-api/internal/mcp/tool_handlers.go:12.88,14.27 2 1
github.com/divyang-garg/sentinel-hub-api/internal/mcp/tool_handlers.go:14.27,16.3 1 1
github.com/divyang-garg/sentinel-hub-api/internal/mcp/tool_handlers.go:19.2,20.16 2 1
github.com/divyang-garg/sentinel-hub-api/internal/mcp/tool_handlers.go:20.16,22.3 1 1
github.com/divyang-garg/sentinel-hub-api/internal/mcp/tool_handlers.go:25.2,26.16 2 1
github.com/divyang-garg/sentinel-hub-api/internal/mcp/tool_handlers.go:26.16,28.3 1 0
github.com/divyang-garg/sentinel-hub-api/internal/mcp/tool_handlers.go:30.2,31.28 2 1
github.com/divyang-garg/sentinel-hub-api/internal/mcp/tool_handlers.go:31.28,32.16 1 1
github.com/divyang-garg/sentinel-hub-api/internal/mcp/tool_handlers.go:32.16,34.4 1 1
github.com/divyang-garg/sentinel-hub-api/internal/mcp/tool_handlers.go:38.2,41.45 3 1
github.com/divyang-garg/sentinel-hub-api/internal/mcp/tool_handlers.go:41.45,44.3 2 0
github.com/divyang-garg/sentinel-hub-api/internal/mcp/tool_handlers.go:44.8,44.48 1 1
github.com/divyang-garg/sentinel-hub-api/internal/mcp/tool_handlers.go:44.48,47.3 2 0
github.com/divyang-garg/sentinel-hub-api/internal/mcp/tool_handlers.go:47.8,47.57 1 1
github.com/divyang-garg/sentinel-hub-api/internal/mcp/tool_handlers.go:47.57,50.3 2 0
github.com/divyang-garg/sentinel-hub-api/internal/mcp/tool_handlers.go:50.8,50.96 1 1
github.com/divyang-garg/sentinel-hub-api/internal/mcp/tool_handlers.go:50.96,53.3 2 0
github.com/divyang-garg/sentinel-hub-api/internal/mcp/tool_handlers.go:53.8,53.95 1 1
github.com/divyang-garg/sentinel-hub-api/internal/mcp/tool_handlers.go:53.95,56.3 2 0
github.com/divyang-garg/sentinel-hub-api/internal/mcp/tool_handlers.go:56.8,59.3 2 1
github.com/divyang-garg/sentinel-hub-api/internal/mcp/tool_handlers.go:61.2,63.12 3 1
github.com/divyang-garg/sentinel-hub-api/internal/mcp/tool_handlers.go:63.12,65.3 1 0
github.com/divyang-garg/sentinel-hub-api/internal/mcp/tool_handlers.go:67.2,74.8 1 1
github.com/divyang-garg/sentinel-hub-api/internal/mcp/tool_handlers.go:78.80,80.51 2 1
github.com/divyang-garg/sentinel-hub-api/internal/mcp/tool_handlers.go:80.51,82.3 1 1
github.com/divyang-garg/sentinel-hub-api/internal/mcp/tool_handlers.go:84.2,85.43 2 1
github.com/divyang-garg/sentinel-hub-api/internal/mcp/tool_handlers.go:85.43,87.3 1 0
github.com/divyang-garg/sentinel-hub-api/internal/mcp/tool_handlers.go:89.2,90.38 2 1
github.com/divyang-garg/sentinel-hub-api/internal/mcp/tool_handlers.go:90.38,92.3 1 0
github.com/divyang-garg/sentinel-hub-api/internal/mcp/tool_handlers.go:95.2,96.16 2 1
github.com/divyang-garg/sentinel-hub-api/internal/mcp/tool_handlers.go:96.16,98.3 1 0
github.com/divyang-garg/sentinel-hub-api/internal/mcp/tool_handlers.go:100.2,100.20 1 1
github.com/divyang-garg/sentinel-hub-api/internal/mcp/tool_handlers.go:104.84,106.51 2 1
github.com/divyang-garg/sentinel-hub-api/internal/mcp/tool_handlers.go:106.51,108.3 1 1
github.com/divyang-garg/sentinel-hub-api/internal/mcp/tool_handlers.go:110.2,111.16 2 1
github.com/divyang-garg/sentinel-hub-api/internal/mcp/tool_handlers.go:111.16,113.3 1 0
github.com/divyang-garg/sentinel-hub-api/internal/mcp/tool_handlers.go:115.2,115.20 1 1
github.com/divyang-garg/sentinel-hub-api/internal/mcp/tool_handlers.go:119.86,124.29 4 1
github.com/divyang-garg/sentinel-hub-api/internal/mcp/tool_handlers.go:124.29,126.3 1 1
github.com/divyang-garg/sentinel-hub-api/internal/mcp/tool_handlers.go:128.2,128.18 1 1
github.com/divyang-garg/sentinel-hub-api/internal/mcp/tool_handlers.go:128.18,130.3 1 0
github.com/divyang-garg/sentinel-hub-api/internal/mcp/tool_handlers.go:133.2,133.67 1 1
github.com/divyang-garg/sentinel-hub-api/internal/mcp/tool_handlers.go:133.67,135.3 1 0
github.com/divyang-garg/sentinel-hub-api/internal/mcp/tool_handlers.go:137.2,143.8 1 1
github.com/divyang-garg/sentinel-hub-api/internal/mcp/tool_handlers.go:147.90,150.17 2 1
github.com/divyang-garg/sentinel-hub-api/internal/mcp/tool_handlers.go:150.17,152.3 1 1
github.com/divyang-garg/sentinel-hub-api/internal/mcp/tool_handlers.go:155.2,156.16 2 1
github.com/divyang-garg/sentinel-hub-api/internal/mcp/tool_handlers.go:156.16,164.3 1 1
github.com/divyang-garg/sentinel-hub-api/internal/mcp/tool_handlers.go:166.2,170.8 1 1
github.com/divyang-garg/sentinel-hub-api/internal/mcp/tools.go:6.34,124.2 1 1
github.com/divyang-garg/sentinel-hub-api/internal/api/middleware/auth.go:19.58,23.2 1 1
github.com/divyang-garg/sentinel-hub-api/internal/api/middleware/auth.go:26.71,27.71 1 1
github.com/divyang-garg/sentinel-hub-api/internal/api/middleware/auth.go:27.71,29.23 2 1
github.com/divyang-garg/sentinel-hub-api/internal/api/middleware/auth.go:29.23,32.4 2 1
github.com/divyang-garg/sentinel-hub-api/internal/api/middleware/auth.go:34.3,35.32 2 1
github.com/divyang-garg/sentinel-hub-api/internal/api/middleware/auth.go:35.32,38.4 2 1
github.com/divyang-garg/sentinel-hub-api/internal/api/middleware/auth.go:41.3,41.84 1 1
github.com/divyang-garg/sentinel-hub-api/internal/api/middleware/auth.go:41.84,42.59 1 0
github.com/divyang-garg/sentinel-hub-api/internal/api/middleware/auth.go:42.59,44.5 1 0
github.com/divyang-garg/sentinel-hub-api/internal/api/middleware/auth.go:45.4,45.27 1 0
github.com/divyang-garg/sentinel-hub-api/internal/api/middleware/auth.go:48.3,48.33 1 1
github.com/divyang-garg/sentinel-hub-api/internal/api/middleware/auth.go:48.33,51.4 2 1
github.com/divyang-garg/sentinel-hub-api/internal/api/middleware/auth.go:54.3,54.53 1 0
github.com/divyang-garg/sentinel-hub-api/internal/api/middleware/auth.go:54.53,58.4 3 0
github.com/divyang-garg/sentinel-hub-api/internal/api/middleware/auth.go:60.3,60.23 1 0
github.com/divyang-garg/sentinel-hub-api/internal/api/middleware/ratelimit.go:28.70,43.2 4 1
github.com/divyang-garg/sentinel-hub-api/internal/api/middleware/ratelimit.go:46.54,51.13 4 1
github.com/divyang-garg/sentinel-hub-api/internal/api/middleware/ratelimit.go:51.13,58.3 3 1
github.com/divyang-garg/sentinel-hub-api/internal/api/middleware/ratelimit.go:61.2,66.33 5 1
github.com/divyang-garg/sentinel-hub-api/internal/api/middleware/ratelimit.go:66.33,68.3 1 1
github.com/divyang-garg/sentinel-hub-api/internal/api/middleware/ratelimit.go:69.2,71.23 2 1
github.com/divyang-garg/sentinel-hub-api/internal/api/middleware/ratelimit.go:71.23,74.3 2 1
github.com/divyang-garg/sentinel-hub-api/internal/api/middleware/ratelimit.go:76.2,76.14 1 1
github.com/divyang-garg/sentinel-hub-api/internal/api/middleware/ratelimit.go:80.66,81.71 1 1
github.com/divyang-garg/sentinel-hub-api/internal/api/middleware/ratelimit.go:81.71,85.28 2 1
github.com/divyang-garg/sentinel-hub-api/internal/api/middleware/ratelimit.go:85.28,89.4 3 1
github.com/divyang-garg/sentinel-hub-api/internal/api/middleware/ratelimit.go:91.3,91.23 1 1
github.com/divyang-garg/sentinel-hub-api/internal/api/middleware/ratelimit.go:96.40,100.21 3 1
github.com/divyang-garg/sentinel-hub-api/internal/api/middleware/ratelimit.go:100.21,102.46 2 0
github.com/divyang-garg/sentinel-hub-api/internal/api/middleware/ratelimit.go:102.46,103.50 1 0
github.com/divyang-garg/sentinel-hub-api/internal/api/middleware/ratelimit.go:103.50,105.5 1 0
github.com/divyang-garg/sentinel-hub-api/internal/api/middleware/ratelimit.go:107.3,107.17 1 0
github.com/divyang-garg/sentinel-hub-api/internal/api/middleware/ratelimit.go:112.42,115.25 2 1
github.com/divyang-garg/sentinel-hub-api/internal/api/middleware/ratelimit.go:115.25,117.56 1 1
github.com/divyang-garg/sentinel-hub-api/internal/api/middleware/ratelimit.go:117.56,119.4 1 1
github.com/divyang-garg/sentinel-hub-api/internal/api/middleware/ratelimit.go:120.3,120.42 1 1
github.com/divyang-garg/sentinel-hub-api/internal/api/middleware/ratelimit.go:124.2,125.19 2 1
github.com/divyang-garg/sentinel-hub-api/internal/api/middleware/ratelimit.go:125.19,127.3 1 1
github.com/divyang-garg/sentinel-hub-api/internal/api/middleware/ratelimit.go:130.2,130.44 1 1
github.com/divyang-garg/sentinel-hub-api/internal/api/server/server.go:32.56,59.2 7 0
github.com/divyang-garg/sentinel-hub-api/internal/api/server/server.go:62.82,88.64 8 0
github.com/divyang-garg/sentinel-hub-api/internal/api/server/server.go:88.64,92.3 3 0
github.com/divyang-garg/sentinel-hub-api/internal/api/server/server.go:95.2,95.40 1 0
github.com/divyang-garg/sentinel-hub-api/internal/api/server/server.go:95.40,101.40 3 0
github.com/divyang-garg/sentinel-hub-api/internal/api/server/server.go:101.40,106.4 4 0
github.com/divyang-garg/sentinel-hub-api/internal/api/server/server.go:109.2,109.10 1 0
github.com/divyang-garg/sentinel-hub-api/internal/api/server/server.go:113.32,115.2 1 0
github.com/divyang-garg/sentinel-hub-api/internal/api/server/server.go:118.50,120.2 1 0
github.com/divyang-garg/sentinel-hub-api/internal/api/handlers/user_handler.go:22.68,26.2 1 1
github.com/divyang-garg/sentinel-hub-api/internal/api/handlers/user_handler.go:30.74,34.61 3 1
github.com/divyang-garg/sentinel-hub-api/internal/api/handlers/user_handler.go:34.61,37.3 2 1
github.com/divyang-garg/sentinel-hub-api/internal/api/handlers/user_handler.go:39.2,40.16 2 1
github.com/divyang-garg/sentinel-hub-api/internal/api/handlers/user_handler.go:40.16,43.3 2 1
github.com/divyang-garg/sentinel-hub-api/internal/api/handlers/user_handler.go:45.2,45.44 1 1
github.com/divyang-garg/sentinel-hub-api/internal/api/handlers/user_handler.go:50.71,55.16 4 1
github.com/divyang-garg/sentinel-hub-api/internal/api/handlers/user_handler.go:55.16,58.3 2 1
github.com/divyang-garg/sentinel-hub-api/internal/api/handlers/user_handler.go:60.2,61.16 2 1
github.com/divyang-garg/sentinel-hub-api/internal/api/handlers/user_handler.go:61.16,64.3 2 1
github.com/divyang-garg/sentinel-hub-api/internal/api/handlers/user_handler.go:66.2,66.39 1 1
github.com/divyang-garg/sentinel-hub-api/internal/api/handlers/user_handler.go:71.74,76.16 4 1
github.com/divyang-garg/sentinel-hub-api/internal/api/handlers/user_handler.go:76.16,79.3 2 0
github.com/divyang-garg/sentinel-hub-api/internal/api/handlers/user_handler.go:81.2,82.61 2 1
github.com/divyang-garg/sentinel-hub-api/internal/api/handlers/user_handler.go:82.61,85.3 2 0
github.com/divyang-garg/sentinel-hub-api/internal/api/handlers/user_handler.go:87.2,88.16 2 1
github.com/divyang-garg/sentinel-hub-api/internal/api/handlers/user_handler.go:88.16,91.3 2 0
github.com/divyang-garg/sentinel-hub-api/internal/api/handlers/user_handler.go:93.2,93.39 1 1
github.com/divyang-garg/sentinel-hub-api/internal/api/handlers/user_handler.go:98.74,103.16 4 1
github.com/divyang-garg/sentinel-hub-api/internal/api/handlers/user_handler.go:103.16,106.3 2 0
github.com/divyang-garg/sentinel-hub-api/internal/api/handlers/user_handler.go:108.2,108.58 1 1
github.com/divyang-garg/sentinel-hub-api/internal/api/handlers/user_handler.go:108.58,111.3 2 0
github.com/divyang-garg/sentinel-hub-api/internal/api/handlers/user_handler.go:113.2,113.37 1 1
github.com/divyang-garg/sentinel-hub-api/internal/api/handlers/user_handler.go:118.88,122.2 3 1
github.com/divyang-garg/sentinel-hub-api/internal/api/handlers/user_handler.go:124.87,126.2 1 1
github.com/divyang-garg/sentinel-hub-api/internal/api/handlers/user_handler.go:128.76,129.25 1 1
github.com/divyang-garg/sentinel-hub-api/internal/api/handlers/user_handler.go:130.31,135.5 1 1
github.com/divyang-garg/sentinel-hub-api/internal/api/handlers/user_handler.go:136.29,137.52 1 1
github.com/divyang-garg/sentinel-hub-api/internal/api/handlers/user_handler.go:138.35,139.56 1 1
github.com/divyang-garg/sentinel-hub-api/internal/api/handlers/user_handler.go:140.34,141.53 1 0
github.com/divyang-garg/sentinel-hub-api/internal/api/handlers/user_handler.go:142.10,143.77 1 1
github.com/divyang-garg/sentinel-hub-api/internal/models/task.go:55.33,56.23 1 1
github.com/divyang-garg/sentinel-hub-api/internal/models/task.go:56.23,58.3 1 1
github.com/divyang-garg/sentinel-hub-api/internal/models/task.go:59.2,59.19 1 1
github.com/divyang-garg/sentinel-hub-api/internal/models/task.go:59.19,61.3 1 1
github.com/divyang-garg/sentinel-hub-api/internal/models/task.go:62.2,62.12 1 1
github.com/divyang-garg/sentinel-hub-api/internal/models/task.go:66.35,68.2 1 1
github.com/divyang-garg/sentinel-hub-api/internal/models/task.go:71.59,72.18 1 1
github.com/divyang-garg/sentinel-hub-api/internal/models/task.go:73.25,74.79 1 1
github.com/divyang-garg/sentinel-hub-api/internal/models/task.go:75.28,76.112 1 1
github.com/divyang-garg/sentinel-hub-api/internal/models/task.go:77.25,78.79 1 1
github.com/divyang-garg/sentinel-hub-api/internal/models/task.go:79.48,80.15 1 1
github.com/divyang-garg/sentinel-hub-api/internal/models/task.go:81.10,82.15 1 0
github.com/divyang-garg/sentinel-hub-api/internal/models/types.go:18.42,20.2 1 1
github.com/divyang-garg/sentinel-hub-api/internal/models/types.go:30.40,31.21 1 1
github.com/divyang-garg/sentinel-hub-api/internal/models/types.go:31.21,33.3 1 0
github.com/divyang-garg/sentinel-hub-api/internal/models/types.go:34.2,34.17 1 1
github.com/divyang-garg/sentinel-hub-api/internal/models/types.go:34.17,36.3 1 1
github.com/divyang-garg/sentinel-hub-api/internal/models/types.go:37.2,37.48 1 1
github.com/divyang-garg/sentinel-hub-api/internal/models/types.go:46.46,48.2 1 1
github.com/divyang-garg/sentinel-hub-api/internal/models/types.go:58.45,60.2 1 1
github.com/divyang-garg/sentinel-hub-api/internal/models/types.go:103.46,104.21 1 1
github.com/divyang-garg/sentinel-hub-api/internal/models/types.go:104.21,106.3 1 0
github.com/divyang-garg/sentinel-hub-api/internal/models/types.go:107.2,107.48 1 1
github.com/divyang-garg/sentinel-hub-api/internal/models/types.go:118.41,120.2 1 1
github.com/divyang-garg/sentinel-hub-api/internal/models/user.go:30.33,31.19 1 1
github.com/divyang-garg/sentinel-hub-api/internal/models/user.go:31.19,33.3 1 1
github.com/divyang-garg/sentinel-hub-api/internal/models/user.go:34.2,34.18 1 1
github.com/divyang-garg/sentinel-hub-api/internal/models/user.go:34.18,36.3 1 1
github.com/divyang-garg/sentinel-hub-api/internal/models/user.go:37.2,37.12 1 1
github.com/divyang-garg/sentinel-hub-api/internal/hub/client.go:22.48,23.19 1 1
github.com/divyang-garg/sentinel-hub-api/internal/hub/client.go:23.19,25.3 1 1
github.com/divyang-garg/sentinel-hub-api/internal/hub/client.go:27.2,34.3 1 1
github.com/divyang-garg/sentinel-hub-api/internal/hub/client.go:38.37,39.21 1 1
github.com/divyang-garg/sentinel-hub-api/internal/hub/client.go:39.21,41.3 1 1
github.com/divyang-garg/sentinel-hub-api/internal/hub/client.go:43.2,44.16 2 1
github.com/divyang-garg/sentinel-hub-api/internal/hub/client.go:44.16,46.3 1 1
github.com/divyang-garg/sentinel-hub-api/internal/hub/client.go:47.2,49.31 2 1
github.com/divyang-garg/sentinel-hub-api/internal/hub/client.go:53.84,54.22 1 1
github.com/divyang-garg/sentinel-hub-api/internal/hub/client.go:54.22,56.3 1 1
github.com/divyang-garg/sentinel-hub-api/internal/hub/client.go:58.2,59.16 2 1
github.com/divyang-garg/sentinel-hub-api/internal/hub/client.go:59.16,61.3 1 0
github.com/divyang-garg/sentinel-hub-api/internal/hub/client.go:63.2,68.16 2 1
github.com/divyang-garg/sentinel-hub-api/internal/hub/client.go:68.16,70.3 1 0
github.com/divyang-garg/sentinel-hub-api/internal/hub/client.go:71.2,73.38 2 1
github.com/divyang-garg/sentinel-hub-api/internal/hub/client.go:73.38,75.3 1 1
github.com/divyang-garg/sentinel-hub-api/internal/hub/client.go:77.2,78.67 2 1
github.com/divyang-garg/sentinel-hub-api/internal/hub/client.go:78.67,80.3 1 0
github.com/divyang-garg/sentinel-hub-api/internal/hub/client.go:82.2,82.21 1 1
github.com/divyang-garg/sentinel-hub-api/internal/hub/client.go:86.87,87.22 1 1
github.com/divyang-garg/sentinel-hub-api/internal/hub/client.go:87.22,89.3 1 1
github.com/divyang-garg/sentinel-hub-api/internal/hub/client.go:91.2,92.16 2 1
github.com/divyang-garg/sentinel-hub-api/internal/hub/client.go:92.16,94.3 1 0
github.com/divyang-garg/sentinel-hub-api/internal/hub/client.go:96.2,101.16 2 1
github.com/divyang-garg/sentinel-hub-api/internal/hub/client.go:101.16,103.3 1 0
github.com/divyang-garg/sentinel-hub-api/internal/hub/client.go:104.2,106.38 2 1
github.com/divyang-garg/sentinel-hub-api/internal/hub/client.go:106.38,108.3 1 0
github.com/divyang-garg/sentinel-hub-api/internal/hub/client.go:110.2,111.67 2 1
github.com/divyang-garg/sentinel-hub-api/internal/hub/client.go:111.67,113.3 1 0
github.com/divyang-garg/sentinel-hub-api/internal/hub/client.go:115.2,115.21 1 1
github.com/divyang-garg/sentinel-hub-api/internal/hub/client.go:119.102,120.22 1 1
github.com/divyang-garg/sentinel-hub-api/internal/hub/client.go:120.22,122.3 1 1
github.com/divyang-garg/sentinel-hub-api/internal/hub/client.go:124.2,125.16 2 1
github.com/divyang-garg/sentinel-hub-api/internal/hub/client.go:125.16,127.3 1 0
github.com/divyang-garg/sentinel-hub-api/internal/hub/client.go:129.2,134.16 2 1
github.com/divyang-garg/sentinel-hub-api/internal/hub/client.go:134.16,136.3 1 0
github.com/divyang-garg/sentinel-hub-api/internal/hub/client.go:137.2,139.38 2 1
github.com/divyang-garg/sentinel-hub-api/internal/hub/client.go:139.38,141.3 1 0
github.com/divyang-garg/sentinel-hub-api/internal/hub/client.go:143.2,144.67 2 1
github.com/divyang-garg/sentinel-hub-api/internal/hub/client.go:144.67,146.3 1 0
github.com/divyang-garg/sentinel-hub-api/internal/hub/client.go:148.2,148.21 1 1
github.com/divyang-garg/sentinel-hub-api/internal/hub/client.go:152.67,153.22 1 1
github.com/divyang-garg/sentinel-hub-api/internal/hub/client.go:153.22,163.3 1 1
github.com/divyang-garg/sentinel-hub-api/internal/hub/client.go:165.2,168.16 2 1
github.com/divyang-garg/sentinel-hub-api/internal/hub/client.go:168.16,170.3 1 0
github.com/divyang-garg/sentinel-hub-api/internal/hub/client.go:171.2,173.38 2 1
github.com/divyang-garg/sentinel-hub-api/internal/hub/client.go:173.38,175.3 1 0
github.com/divyang-garg/sentinel-hub-api/internal/hub/client.go:177.2,178.67 2 1
github.com/divyang-garg/sentinel-hub-api/internal/hub/client.go:178.67,180.3 1 0
github.com/divyang-garg/sentinel-hub-api/internal/hub/client.go:182.2,182.21 1 1
github.com/divyang-garg/sentinel-hub-api/internal/hub/client.go:186.59,187.22 1 1
github.com/divyang-garg/sentinel-hub-api/internal/hub/client.go:187.22,190.3 1 1
github.com/divyang-garg/sentinel-hub-api/internal/hub/client.go:192.2,193.16 2 1
github.com/divyang-garg/sentinel-hub-api/internal/hub/client.go:193.16,195.3 1 0
github.com/divyang-garg/sentinel-hub-api/internal/hub/client.go:197.2,202.16 2 1
github.com/divyang-garg/sentinel-hub-api/internal/hub/client.go:202.16,205.3 1 0
github.com/divyang-garg/sentinel-hub-api/internal/hub/client.go:206.2,208.12 2 1
github.com/divyang-garg/sentinel-hub-api/internal/scanner/entropy.go:12.48,13.17 1 1
github.com/divyang-garg/sentinel-hub-api/internal/scanner/entropy.go:13.17,15.3 1 1
github.com/divyang-garg/sentinel-hub-api/internal/scanner/entropy.go:18.2,19.22 2 1
github.com/divyang-garg/sentinel-hub-api/internal/scanner/entropy.go:19.22,21.3 1 1
github.com/divyang-garg/sentinel-hub-api/internal/scanner/entropy.go:24.2,26.29 3 1
github.com/divyang-garg/sentinel-hub-api/internal/scanner/entropy.go:26.29,28.12 2 1
github.com/divyang-garg/sentinel-hub-api/internal/scanner/entropy.go:28.12,30.4 1 1
github.com/divyang-garg/sentinel-hub-api/internal/scanner/entropy.go:33.2,33.16 1 1
github.com/divyang-garg/sentinel-hub-api/internal/scanner/entropy.go:38.41,39.17 1 1
github.com/divyang-garg/sentinel-hub-api/internal/scanner/entropy.go:39.17,41.3 1 1
github.com/divyang-garg/sentinel-hub-api/internal/scanner/entropy.go:43.2,44.22 2 1
github.com/divyang-garg/sentinel-hub-api/internal/scanner/entropy.go:48.70,60.35 4 1
github.com/divyang-garg/sentinel-hub-api/internal/scanner/entropy.go:60.35,61.42 1 1
github.com/divyang-garg/sentinel-hub-api/internal/scanner/entropy.go:61.42,63.34 2 1
github.com/divyang-garg/sentinel-hub-api/internal/scanner/entropy.go:63.34,64.23 1 1
github.com/divyang-garg/sentinel-hub-api/internal/scanner/entropy.go:64.23,67.40 2 1
github.com/divyang-garg/sentinel-hub-api/internal/scanner/entropy.go:67.40,71.19 3 1
github.com/divyang-garg/sentinel-hub-api/internal/scanner/entropy.go:71.19,73.8 1 1
github.com/divyang-garg/sentinel-hub-api/internal/scanner/entropy.go:75.7,85.43 2 1
github.com/divyang-garg/sentinel-hub-api/internal/scanner/entropy.go:92.2,92.17 1 1
github.com/divyang-garg/sentinel-hub-api/internal/scanner/entropy.go:96.44,97.22 1 1
github.com/divyang-garg/sentinel-hub-api/internal/scanner/entropy.go:97.22,99.3 1 0
github.com/divyang-garg/sentinel-hub-api/internal/scanner/entropy.go:100.2,100.26 1 1
github.com/divyang-garg/sentinel-hub-api/internal/scanner/entropy.go:100.26,102.3 1 0
github.com/divyang-garg/sentinel-hub-api/internal/scanner/entropy.go:103.2,103.43 1 1
github.com/divyang-garg/sentinel-hub-api/internal/scanner/entropy.go:103.43,105.36 2 1
github.com/divyang-garg/sentinel-hub-api/internal/scanner/entropy.go:105.36,106.27 1 1
github.com/divyang-garg/sentinel-hub-api/internal/scanner/entropy.go:106.27,108.10 2 1
github.com/divyang-garg/sentinel-hub-api/internal/scanner/entropy.go:111.3,111.12 1 1
github.com/divyang-garg/sentinel-hub-api/internal/scanner/entropy.go:111.12,113.4 1 1
github.com/divyang-garg/sentinel-hub-api/internal/scanner/entropy.go:115.2,115.11 1 1
github.com/divyang-garg/sentinel-hub-api/internal/scanner/filter.go:6.50,9.18 3 1
github.com/divyang-garg/sentinel-hub-api/internal/scanner/filter.go:9.18,11.3 1 0
github.com/divyang-garg/sentinel-hub-api/internal/scanner/filter.go:14.2,14.37 1 1
github.com/divyang-garg/sentinel-hub-api/internal/scanner/filter.go:14.37,15.27 1 1
github.com/divyang-garg/sentinel-hub-api/internal/scanner/filter.go:15.27,17.4 1 1
github.com/divyang-garg/sentinel-hub-api/internal/scanner/filter.go:21.2,21.37 1 1
github.com/divyang-garg/sentinel-hub-api/internal/scanner/filter.go:21.37,23.47 2 1
github.com/divyang-garg/sentinel-hub-api/internal/scanner/filter.go:23.47,25.45 1 1
github.com/divyang-garg/sentinel-hub-api/internal/scanner/filter.go:25.45,27.5 1 1
github.com/divyang-garg/sentinel-hub-api/internal/scanner/filter.go:31.2,31.14 1 1
github.com/divyang-garg/sentinel-hub-api/internal/scanner/filter.go:35.42,41.33 5 1
github.com/divyang-garg/sentinel-hub-api/internal/scanner/filter.go:41.33,42.14 1 1
github.com/divyang-garg/sentinel-hub-api/internal/scanner/filter.go:42.14,44.12 2 1
github.com/divyang-garg/sentinel-hub-api/internal/scanner/filter.go:47.3,47.22 1 1
github.com/divyang-garg/sentinel-hub-api/internal/scanner/filter.go:47.22,49.12 2 1
github.com/divyang-garg/sentinel-hub-api/internal/scanner/filter.go:52.3,52.55 1 1
github.com/divyang-garg/sentinel-hub-api/internal/scanner/filter.go:52.55,54.4 1 1
github.com/divyang-garg/sentinel-hub-api/internal/scanner/filter.go:54.9,54.61 1 1
github.com/divyang-garg/sentinel-hub-api/internal/scanner/filter.go:54.61,56.4 1 1
github.com/divyang-garg/sentinel-hub-api/internal/scanner/filter.go:56.9,56.64 1 1
github.com/divyang-garg/sentinel-hub-api/internal/scanner/filter.go:56.64,58.4 1 1
github.com/divyang-garg/sentinel-hub-api/internal/scanner/filter.go:61.2,61.53 1 1
github.com/divyang-garg/sentinel-hub-api/internal/scanner/filter.go:65.53,66.33 1 1
github.com/divyang-garg/sentinel-hub-api/internal/scanner/filter.go:66.33,68.3 1 1
github.com/divyang-garg/sentinel-hub-api/internal/scanner/filter.go:70.2,74.44 4 1
github.com/divyang-garg/sentinel-hub-api/internal/scanner/filter.go:74.44,75.14 1 1
github.com/divyang-garg/sentinel-hub-api/internal/scanner/filter.go:75.14,77.12 2 0
github.com/divyang-garg/sentinel-hub-api/internal/scanner/filter.go:80.3,80.22 1 1
github.com/divyang-garg/sentinel-hub-api/internal/scanner/filter.go:80.22,82.12 2 0
github.com/divyang-garg/sentinel-hub-api/internal/scanner/filter.go:85.3,85.40 1 1
github.com/divyang-garg/sentinel-hub-api/internal/scanner/filter.go:85.40,87.4 1 0
github.com/divyang-garg/sentinel-hub-api/internal/scanner/filter.go:87.9,87.46 1 1
github.com/divyang-garg/sentinel-hub-api/internal/scanner/filter.go:87.46,89.4 1 1
github.com/divyang-garg/sentinel-hub-api/internal/scanner/filter.go:92.2,92.39 1 1
github.com/divyang-garg/sentinel-hub-api/internal/scanner/filter.go:96.69,99.54 2 1
github.com/divyang-garg/sentinel-hub-api/internal/scanner/filter.go:99.54,100.22 1 1
github.com/divyang-garg/sentinel-hub-api/internal/scanner/filter.go:100.22,101.12 1 0
github.com/divyang-garg/sentinel-hub-api/internal/scanner/filter.go:103.3,104.34 2 1
github.com/divyang-garg/sentinel-hub-api/internal/scanner/filter.go:104.34,105.27 1 1
github.com/divyang-garg/sentinel-hub-api/internal/scanner/filter.go:105.27,107.5 1 0
github.com/divyang-garg/sentinel-hub-api/internal/scanner/filter.go:110.2,110.14 1 1
github.com/divyang-garg/sentinel-hub-api/internal/scanner/filter.go:114.80,116.40 1 1
github.com/divyang-garg/sentinel-hub-api/internal/scanner/filter.go:116.40,118.3 1 1
github.com/divyang-garg/sentinel-hub-api/internal/scanner/filter.go:121.2,121.49 1 1
github.com/divyang-garg/sentinel-hub-api/internal/scanner/filter.go:121.49,123.73 1 1
github.com/divyang-garg/sentinel-hub-api/internal/scanner/filter.go:123.73,125.4 1 0
github.com/divyang-garg/sentinel-hub-api/internal/scanner/filter.go:129.2,129.63 1 1
github.com/divyang-garg/sentinel-hub-api/internal/scanner/filter.go:129.63,131.3 1 0
github.com/divyang-garg/sentinel-hub-api/internal/scanner/filter.go:133.2,133.14 1 1
github.com/divyang-garg/sentinel-hub-api/internal/scanner/filter.go:137.77,141.35 3 1
github.com/divyang-garg/sentinel-hub-api/internal/scanner/filter.go:141.35,143.43 2 1
github.com/divyang-garg/sentinel-hub-api/internal/scanner/filter.go:143.43,146.12 2 0
github.com/divyang-garg/sentinel-hub-api/internal/scanner/filter.go:149.3,150.49 2 1
github.com/divyang-garg/sentinel-hub-api/internal/scanner/filter.go:150.49,152.4 1 1
github.com/divyang-garg/sentinel-hub-api/internal/scanner/filter.go:155.2,155.17 1 1
github.com/divyang-garg/sentinel-hub-api/internal/scanner/filter.go:159.39,160.26 1 1
github.com/divyang-garg/sentinel-hub-api/internal/scanner/filter.go:160.26,162.3 1 0
github.com/divyang-garg/sentinel-hub-api/internal/scanner/filter.go:163.2,163.35 1 1
github.com/divyang-garg/sentinel-hub-api/internal/scanner/filter.go:163.35,164.24 1 1
github.com/divyang-garg/sentinel-hub-api/internal/scanner/filter.go:164.24,166.4 1 1
github.com/divyang-garg/sentinel-hub-api/internal/scanner/filter.go:168.2,168.13 1 1
github.com/divyang-garg/sentinel-hub-api/internal/scanner/parallel.go:13.54,25.19 4 1
github.com/divyang-garg/sentinel-hub-api/internal/scanner/parallel.go:25.19,27.3 1 0
github.com/divyang-garg/sentinel-hub-api/internal/scanner/parallel.go:30.2,31.16 2 1
github.com/divyang-garg/sentinel-hub-api/internal/scanner/parallel.go:31.16,33.3 1 0
github.com/divyang-garg/sentinel-hub-api/internal/scanner/parallel.go:36.2,37.16 2 1
github.com/divyang-garg/sentinel-hub-api/internal/scanner/parallel.go:37.16,39.3 1 0
github.com/divyang-garg/sentinel-hub-api/internal/scanner/parallel.go:41.2,41.21 1 1
github.com/divyang-garg/sentinel-hub-api/internal/scanner/parallel.go:41.21,43.3 1 1
github.com/divyang-garg/sentinel-hub-api/internal/scanner/parallel.go:46.2,47.20 2 1
github.com/divyang-garg/sentinel-hub-api/internal/scanner/parallel.go:47.20,49.3 1 0
github.com/divyang-garg/sentinel-hub-api/internal/scanner/parallel.go:52.2,57.29 4 1
github.com/divyang-garg/sentinel-hub-api/internal/scanner/parallel.go:57.29,59.21 2 1
github.com/divyang-garg/sentinel-hub-api/internal/scanner/parallel.go:59.21,62.17 3 1
github.com/divyang-garg/sentinel-hub-api/internal/scanner/parallel.go:62.17,62.32 1 1
github.com/divyang-garg/sentinel-hub-api/internal/scanner/parallel.go:64.4,65.28 2 1
github.com/divyang-garg/sentinel-hub-api/internal/scanner/parallel.go:70.2,70.12 1 1
github.com/divyang-garg/sentinel-hub-api/internal/scanner/parallel.go:70.12,73.3 2 1
github.com/divyang-garg/sentinel-hub-api/internal/scanner/parallel.go:76.2,77.41 2 1
github.com/divyang-garg/sentinel-hub-api/internal/scanner/parallel.go:77.41,78.40 1 1
github.com/divyang-garg/sentinel-hub-api/internal/scanner/parallel.go:78.40,80.56 1 1
github.com/divyang-garg/sentinel-hub-api/internal/scanner/parallel.go:80.56,83.5 2 1
github.com/divyang-garg/sentinel-hub-api/internal/scanner/parallel.go:85.4,89.44 3 1
github.com/divyang-garg/sentinel-hub-api/internal/scanner/parallel.go:89.44,91.5 1 1
github.com/divyang-garg/sentinel-hub-api/internal/scanner/parallel.go:96.2,96.42 1 1
github.com/divyang-garg/sentinel-hub-api/internal/scanner/parallel.go:96.42,98.37 2 1
github.com/divyang-garg/sentinel-hub-api/internal/scanner/parallel.go:98.37,99.22 1 1
github.com/divyang-garg/sentinel-hub-api/internal/scanner/parallel.go:99.22,101.5 1 1
github.com/divyang-garg/sentinel-hub-api/internal/scanner/parallel.go:103.3,106.37 3 1
github.com/divyang-garg/sentinel-hub-api/internal/scanner/parallel.go:106.37,107.22 1 1
github.com/divyang-garg/sentinel-hub-api/internal/scanner/parallel.go:107.22,109.5 1 1
github.com/divyang-garg/sentinel-hub-api/internal/scanner/parallel.go:111.3,111.53 1 1
github.com/divyang-garg/sentinel-hub-api/internal/scanner/parallel.go:115.2,116.36 2 1
github.com/divyang-garg/sentinel-hub-api/internal/scanner/parallel.go:116.36,118.3 1 1
github.com/divyang-garg/sentinel-hub-api/internal/scanner/parallel.go:121.2,123.20 2 1
github.com/divyang-garg/sentinel-hub-api/internal/scanner/parallel_helpers.go:14.58,17.16 3 1
github.com/divyang-garg/sentinel-hub-api/internal/scanner/parallel_helpers.go:17.16,19.3 1 0
github.com/divyang-garg/sentinel-hub-api/internal/scanner/parallel_helpers.go:21.2,21.84 1 1
github.com/divyang-garg/sentinel-hub-api/internal/scanner/parallel_helpers.go:21.84,22.17 1 1
github.com/divyang-garg/sentinel-hub-api/internal/scanner/parallel_helpers.go:22.17,24.4 1 0
github.com/divyang-garg/sentinel-hub-api/internal/scanner/parallel_helpers.go:26.3,26.19 1 1
github.com/divyang-garg/sentinel-hub-api/internal/scanner/parallel_helpers.go:26.19,27.27 1 1
github.com/divyang-garg/sentinel-hub-api/internal/scanner/parallel_helpers.go:27.27,29.5 1 1
github.com/divyang-garg/sentinel-hub-api/internal/scanner/parallel_helpers.go:30.4,30.14 1 1
github.com/divyang-garg/sentinel-hub-api/internal/scanner/parallel_helpers.go:33.3,34.22 2 1
github.com/divyang-garg/sentinel-hub-api/internal/scanner/parallel_helpers.go:34.22,36.4 1 1
github.com/divyang-garg/sentinel-hub-api/internal/scanner/parallel_helpers.go:38.3,38.13 1 1
github.com/divyang-garg/sentinel-hub-api/internal/scanner/parallel_helpers.go:41.2,41.19 1 1
github.com/divyang-garg/sentinel-hub-api/internal/scanner/parallel_helpers.go:45.78,49.16 3 1
github.com/divyang-garg/sentinel-hub-api/internal/scanner/parallel_helpers.go:49.16,51.3 1 0
github.com/divyang-garg/sentinel-hub-api/internal/scanner/parallel_helpers.go:53.2,57.19 3 1
github.com/divyang-garg/sentinel-hub-api/internal/scanner/parallel_helpers.go:57.19,59.3 1 0
github.com/divyang-garg/sentinel-hub-api/internal/scanner/parallel_helpers.go:62.2,63.35 2 1
github.com/divyang-garg/sentinel-hub-api/internal/scanner/parallel_helpers.go:63.35,64.36 1 1
github.com/divyang-garg/sentinel-hub-api/internal/scanner/parallel_helpers.go:64.36,65.39 1 1
github.com/divyang-garg/sentinel-hub-api/internal/scanner/parallel_helpers.go:65.39,69.25 3 1
github.com/divyang-garg/sentinel-hub-api/internal/scanner/parallel_helpers.go:69.25,71.6 1 1
github.com/divyang-garg/sentinel-hub-api/internal/scanner/parallel_helpers.go:73.5,83.41 2 1
github.com/divyang-garg/sentinel-hub-api/internal/scanner/parallel_helpers.go:89.2,92.17 3 1
github.com/divyang-garg/sentinel-hub-api/internal/scanner/parallel_helpers.go:96.53,100.16 3 1
github.com/divyang-garg/sentinel-hub-api/internal/scanner/parallel_helpers.go:100.16,103.3 1 1
github.com/divyang-garg/sentinel-hub-api/internal/scanner/parallel_helpers.go:106.2,117.64 4 0
github.com/divyang-garg/sentinel-hub-api/internal/scanner/parallel_helpers.go:117.64,119.3 1 0
github.com/divyang-garg/sentinel-hub-api/internal/scanner/parallel_helpers.go:122.2,123.41 2 0
github.com/divyang-garg/sentinel-hub-api/internal/scanner/parallel_helpers.go:123.41,124.23 1 0
github.com/divyang-garg/sentinel-hub-api/internal/scanner/parallel_helpers.go:124.23,126.4 1 0
github.com/divyang-garg/sentinel-hub-api/internal/scanner/parallel_helpers.go:127.3,128.27 2 0
github.com/divyang-garg/sentinel-hub-api/internal/scanner/parallel_helpers.go:132.2,133.42 2 0
github.com/divyang-garg/sentinel-hub-api/internal/scanner/parallel_helpers.go:133.42,135.25 2 0
github.com/divyang-garg/sentinel-hub-api/internal/scanner/parallel_helpers.go:135.25,137.4 1 0
github.com/divyang-garg/sentinel-hub-api/internal/scanner/parallel_helpers.go:140.2,145.29 4 0
github.com/divyang-garg/sentinel-hub-api/internal/scanner/parallel_helpers.go:145.29,147.37 2 0
github.com/divyang-garg/sentinel-hub-api/internal/scanner/parallel_helpers.go:147.37,149.4 1 0
github.com/divyang-garg/sentinel-hub-api/internal/scanner/parallel_helpers.go:152.2,152.15 1 0
github.com/divyang-garg/sentinel-hub-api/internal/scanner/parallel_utils.go:8.25,9.12 1 1
github.com/divyang-garg/sentinel-hub-api/internal/scanner/parallel_utils.go:9.12,11.3 1 1
github.com/divyang-garg/sentinel-hub-api/internal/scanner/parallel_utils.go:12.2,12.11 1 1
github.com/divyang-garg/sentinel-hub-api/internal/scanner/parallel_utils.go:12.11,14.3 1 1
github.com/divyang-garg/sentinel-hub-api/internal/scanner/parallel_utils.go:15.2,16.12 2 1
github.com/divyang-garg/sentinel-hub-api/internal/scanner/parallel_utils.go:16.12,19.3 2 1
github.com/divyang-garg/sentinel-hub-api/internal/scanner/parallel_utils.go:20.2,20.23 1 1
github.com/divyang-garg/sentinel-hub-api/internal/scanner/parallel_utils.go:24.36,27.22 3 1
github.com/divyang-garg/sentinel-hub-api/internal/scanner/parallel_utils.go:27.22,28.16 1 1
github.com/divyang-garg/sentinel-hub-api/internal/scanner/parallel_utils.go:28.16,31.4 2 1
github.com/divyang-garg/sentinel-hub-api/internal/scanner/parallel_utils.go:31.9,33.4 1 1
github.com/divyang-garg/sentinel-hub-api/internal/scanner/parallel_utils.go:35.2,35.22 1 1
github.com/divyang-garg/sentinel-hub-api/internal/scanner/parallel_utils.go:35.22,37.3 1 1
github.com/divyang-garg/sentinel-hub-api/internal/scanner/parallel_utils.go:38.2,38.14 1 1
github.com/divyang-garg/sentinel-hub-api/internal/scanner/parallel_utils.go:41.33,44.59 3 1
github.com/divyang-garg/sentinel-hub-api/internal/scanner/parallel_utils.go:44.59,46.3 1 1
github.com/divyang-garg/sentinel-hub-api/internal/scanner/parallel_utils.go:47.2,47.79 1 1
github.com/divyang-garg/sentinel-hub-api/internal/scanner/parallel_utils.go:47.79,49.3 1 1
github.com/divyang-garg/sentinel-hub-api/internal/scanner/parallel_utils.go:50.2,50.21 1 1
github.com/divyang-garg/sentinel-hub-api/internal/scanner/patterns.go:16.38,79.2 1 1
github.com/divyang-garg/sentinel-hub-api/internal/scanner/report.go:14.40,34.20 18 1
github.com/divyang-garg/sentinel-hub-api/internal/scanner/report.go:34.20,36.3 1 0
github.com/divyang-garg/sentinel-hub-api/internal/scanner/report.go:36.8,38.3 1 1
github.com/divyang-garg/sentinel-hub-api/internal/scanner/report.go:39.2,44.29 4 1
github.com/divyang-garg/sentinel-hub-api/internal/scanner/report.go:44.29,47.33 3 1
github.com/divyang-garg/sentinel-hub-api/internal/scanner/report.go:47.33,49.4 1 1
github.com/divyang-garg/sentinel-hub-api/internal/scanner/report.go:50.3,51.26 2 1
github.com/divyang-garg/sentinel-hub-api/internal/scanner/report.go:51.26,53.4 1 1
github.com/divyang-garg/sentinel-hub-api/internal/scanner/report.go:54.3,54.36 1 1
github.com/divyang-garg/sentinel-hub-api/internal/scanner/report.go:58.2,58.30 1 1
github.com/divyang-garg/sentinel-hub-api/internal/scanner/report.go:58.30,60.43 2 1
github.com/divyang-garg/sentinel-hub-api/internal/scanner/report.go:60.43,68.29 5 1
github.com/divyang-garg/sentinel-hub-api/internal/scanner/report.go:68.29,70.5 1 1
github.com/divyang-garg/sentinel-hub-api/internal/scanner/report.go:71.4,71.30 1 1
github.com/divyang-garg/sentinel-hub-api/internal/scanner/report.go:75.2,76.20 2 1
github.com/divyang-garg/sentinel-hub-api/internal/scanner/report.go:80.44,86.20 5 1
github.com/divyang-garg/sentinel-hub-api/internal/scanner/report.go:86.20,88.3 1 1
github.com/divyang-garg/sentinel-hub-api/internal/scanner/report.go:88.8,90.3 1 0
github.com/divyang-garg/sentinel-hub-api/internal/scanner/report.go:91.2,94.29 2 1
github.com/divyang-garg/sentinel-hub-api/internal/scanner/report.go:94.29,97.33 3 1
github.com/divyang-garg/sentinel-hub-api/internal/scanner/report.go:97.33,99.4 1 1
github.com/divyang-garg/sentinel-hub-api/internal/scanner/report.go:100.3,101.26 2 1
github.com/divyang-garg/sentinel-hub-api/internal/scanner/report.go:101.26,103.4 1 1
github.com/divyang-garg/sentinel-hub-api/internal/scanner/report.go:104.3,104.23 1 1
github.com/divyang-garg/sentinel-hub-api/internal/scanner/report.go:108.2,108.30 1 1
github.com/divyang-garg/sentinel-hub-api/internal/scanner/report.go:108.30,110.43 2 1
github.com/divyang-garg/sentinel-hub-api/internal/scanner/report.go:110.43,116.29 3 1
github.com/divyang-garg/sentinel-hub-api/internal/scanner/report.go:116.29,118.5 1 0
github.com/divyang-garg/sentinel-hub-api/internal/scanner/report.go:122.2,122.20 1 1
github.com/divyang-garg/sentinel-hub-api/internal/scanner/report.go:126.40,128.16 2 1
github.com/divyang-garg/sentinel-hub-api/internal/scanner/report.go:128.16,130.3 1 0
github.com/divyang-garg/sentinel-hub-api/internal/scanner/report.go:131.2,131.21 1 1
github.com/divyang-garg/sentinel-hub-api/internal/scanner/report.go:135.40,142.20 6 1
github.com/divyang-garg/sentinel-hub-api/internal/scanner/report.go:142.20,144.3 1 1
github.com/divyang-garg/sentinel-hub-api/internal/scanner/report.go:144.8,146.3 1 1
github.com/divyang-garg/sentinel-hub-api/internal/scanner/report.go:147.2,150.29 2 1
github.com/divyang-garg/sentinel-hub-api/internal/scanner/report.go:150.29,153.33 3 1
github.com/divyang-garg/sentinel-hub-api/internal/scanner/report.go:153.33,155.4 1 1
github.com/divyang-garg/sentinel-hub-api/internal/scanner/report.go:156.3,157.26 2 1
github.com/divyang-garg/sentinel-hub-api/internal/scanner/report.go:157.26,159.4 1 1
github.com/divyang-garg/sentinel-hub-api/internal/scanner/report.go:160.3,160.23 1 1
github.com/divyang-garg/sentinel-hub-api/internal/scanner/report.go:164.2,164.30 1 1
github.com/divyang-garg/sentinel-hub-api/internal/scanner/report.go:164.30,166.43 2 1
github.com/divyang-garg/sentinel-hub-api/internal/scanner/report.go:166.43,167.15 1 1
github.com/divyang-garg/sentinel-hub-api/internal/scanner/report.go:167.15,169.10 2 0
github.com/divyang-garg/sentinel-hub-api/internal/scanner/report.go:171.4,176.29 2 1
github.com/divyang-garg/sentinel-hub-api/internal/scanner/report.go:176.29,178.5 1 1
github.com/divyang-garg/sentinel-hub-api/internal/scanner/report.go:182.2,182.20 1 1
github.com/divyang-garg/sentinel-hub-api/internal/scanner/scanner.go:15.35,17.2 1 1
github.com/divyang-garg/sentinel-hub-api/internal/scanner/scanner.go:20.46,24.2 1 1
github.com/divyang-garg/sentinel-hub-api/internal/scanner/scanner.go:27.56,39.19 4 1
github.com/divyang-garg/sentinel-hub-api/internal/scanner/scanner.go:39.19,41.3 1 0
github.com/divyang-garg/sentinel-hub-api/internal/scanner/scanner.go:44.2,45.16 2 1
github.com/divyang-garg/sentinel-hub-api/internal/scanner/scanner.go:45.16,47.3 1 0
github.com/divyang-garg/sentinel-hub-api/internal/scanner/scanner.go:49.2,49.18 1 1
github.com/divyang-garg/sentinel-hub-api/internal/scanner/scanner.go:49.18,51.3 1 0
github.com/divyang-garg/sentinel-hub-api/internal/scanner/scanner.go:54.2,54.84 1 1
github.com/divyang-garg/sentinel-hub-api/internal/scanner/scanner.go:54.84,55.17 1 1
github.com/divyang-garg/sentinel-hub-api/internal/scanner/scanner.go:55.17,57.4 1 0
github.com/divyang-garg/sentinel-hub-api/internal/scanner/scanner.go:60.3,60.19 1 1
github.com/divyang-garg/sentinel-hub-api/internal/scanner/scanner.go:60.19,62.27 1 1
github.com/divyang-garg/sentinel-hub-api/internal/scanner/scanner.go:62.27,64.5 1 0
github.com/divyang-garg/sentinel-hub-api/internal/scanner/scanner.go:65.4,65.14 1 1
github.com/divyang-garg/sentinel-hub-api/internal/scanner/scanner.go:69.3,70.23 2 1
github.com/divyang-garg/sentinel-hub-api/internal/scanner/scanner.go:70.23,72.4 1 0
github.com/divyang-garg/sentinel-hub-api/internal/scanner/scanner.go:75.3,76.17 2 1
github.com/divyang-garg/sentinel-hub-api/internal/scanner/scanner.go:76.17,78.4 1 0
github.com/divyang-garg/sentinel-hub-api/internal/scanner/scanner.go:81.3,82.36 2 1
github.com/divyang-garg/sentinel-hub-api/internal/scanner/scanner.go:82.36,83.37 1 1
github.com/divyang-garg/sentinel-hub-api/internal/scanner/scanner.go:83.37,84.40 1 1
github.com/divyang-garg/sentinel-hub-api/internal/scanner/scanner.go:84.40,87.23 2 1
github.com/divyang-garg/sentinel-hub-api/internal/scanner/scanner.go:87.23,89.7 1 0
github.com/divyang-garg/sentinel-hub-api/internal/scanner/scanner.go:92.6,94.26 3 1
github.com/divyang-garg/sentinel-hub-api/internal/scanner/scanner.go:94.26,96.7 1 1
github.com/divyang-garg/sentinel-hub-api/internal/scanner/scanner.go:98.6,112.46 4 1
github.com/divyang-garg/sentinel-hub-api/internal/scanner/scanner.go:112.46,114.7 1 0
github.com/divyang-garg/sentinel-hub-api/internal/scanner/scanner.go:119.3,119.13 1 1
github.com/divyang-garg/sentinel-hub-api/internal/scanner/scanner.go:122.2,122.32 1 1
github.com/divyang-garg/sentinel-hub-api/internal/scanner/scanner.go:122.32,124.3 1 0
github.com/divyang-garg/sentinel-hub-api/internal/scanner/scanner.go:127.2,129.20 2 1
github.com/divyang-garg/sentinel-hub-api/internal/scanner/scanner.go:147.45,151.16 3 1
github.com/divyang-garg/sentinel-hub-api/internal/scanner/scanner.go:151.16,154.3 1 1
github.com/divyang-garg/sentinel-hub-api/internal/scanner/scanner.go:157.2,158.64 2 0
github.com/divyang-garg/sentinel-hub-api/internal/scanner/scanner.go:158.64,161.3 1 0
github.com/divyang-garg/sentinel-hub-api/internal/scanner/scanner.go:164.2,165.41 2 0
github.com/divyang-garg/sentinel-hub-api/internal/scanner/scanner.go:165.41,167.23 1 0
github.com/divyang-garg/sentinel-hub-api/internal/scanner/scanner.go:167.23,169.4 1 0
github.com/divyang-garg/sentinel-hub-api/internal/scanner/scanner.go:170.3,171.27 2 0
github.com/divyang-garg/sentinel-hub-api/internal/scanner/scanner.go:175.2,176.42 2 0
github.com/divyang-garg/sentinel-hub-api/internal/scanner/scanner.go:176.42,178.25 2 0
github.com/divyang-garg/sentinel-hub-api/internal/scanner/scanner.go:178.25,180.4 1 0
github.com/divyang-garg/sentinel-hub-api/internal/scanner/scanner.go:184.2,189.35 4 0
github.com/divyang-garg/sentinel-hub-api/internal/scanner/scanner.go:189.35,191.43 2 0
github.com/divyang-garg/sentinel-hub-api/internal/scanner/scanner.go:191.43,193.4 1 0
github.com/divyang-garg/sentinel-hub-api/internal/scanner/scanner.go:196.2,196.15 1 0
github.com/divyang-garg/sentinel-hub-api/internal/scanner/scanner.go:200.38,208.35 3 1
github.com/divyang-garg/sentinel-hub-api/internal/scanner/scanner.go:208.35,209.43 1 1
github.com/divyang-garg/sentinel-hub-api/internal/scanner/scanner.go:209.43,211.4 1 1
github.com/divyang-garg/sentinel-hub-api/internal/scanner/scanner.go:213.2,213.14 1 1
github.com/divyang-garg/sentinel-hub-api/internal/scanner/scanner.go:217.34,225.2 2 1
github.com/divyang-garg/sentinel-hub-api/internal/scanner/vibe.go:14.60,22.16 3 1
github.com/divyang-garg/sentinel-hub-api/internal/scanner/vibe.go:22.16,24.3 1 1
github.com/divyang-garg/sentinel-hub-api/internal/scanner/vibe.go:27.2,28.16 2 1
github.com/divyang-garg/sentinel-hub-api/internal/scanner/vibe.go:28.16,30.3 1 1
github.com/divyang-garg/sentinel-hub-api/internal/scanner/vibe.go:33.2,34.16 2 1
github.com/divyang-garg/sentinel-hub-api/internal/scanner/vibe.go:34.16,36.3 1 1
github.com/divyang-garg/sentinel-hub-api/internal/scanner/vibe.go:38.2,38.22 1 1
github.com/divyang-garg/sentinel-hub-api/internal/scanner/vibe.go:42.63,49.57 4 1
github.com/divyang-garg/sentinel-hub-api/internal/scanner/vibe.go:49.57,51.17 2 0
github.com/divyang-garg/sentinel-hub-api/internal/scanner/vibe.go:51.17,53.4 1 0
github.com/divyang-garg/sentinel-hub-api/internal/scanner/vibe.go:54.3,59.22 4 0
github.com/divyang-garg/sentinel-hub-api/internal/scanner/vibe.go:59.22,63.73 3 0
github.com/divyang-garg/sentinel-hub-api/internal/scanner/vibe.go:63.73,67.57 3 0
github.com/divyang-garg/sentinel-hub-api/internal/scanner/vibe.go:67.57,76.6 1 0
github.com/divyang-garg/sentinel-hub-api/internal/scanner/vibe.go:78.5,78.71 1 0
github.com/divyang-garg/sentinel-hub-api/internal/scanner/vibe.go:82.3,82.13 1 0
github.com/divyang-garg/sentinel-hub-api/internal/scanner/vibe.go:85.2,85.22 1 1
github.com/divyang-garg/sentinel-hub-api/internal/scanner/vibe.go:89.57,95.57 3 1
github.com/divyang-garg/sentinel-hub-api/internal/scanner/vibe.go:95.57,97.17 2 0
github.com/divyang-garg/sentinel-hub-api/internal/scanner/vibe.go:97.17,99.4 1 0
github.com/divyang-garg/sentinel-hub-api/internal/scanner/vibe.go:100.3,107.22 6 0
github.com/divyang-garg/sentinel-hub-api/internal/scanner/vibe.go:107.22,116.112 5 0
github.com/divyang-garg/sentinel-hub-api/internal/scanner/vibe.go:116.112,118.5 1 0
github.com/divyang-garg/sentinel-hub-api/internal/scanner/vibe.go:121.4,121.23 1 0
github.com/divyang-garg/sentinel-hub-api/internal/scanner/vibe.go:121.23,123.5 1 0
github.com/divyang-garg/sentinel-hub-api/internal/scanner/vibe.go:126.4,126.57 1 0
github.com/divyang-garg/sentinel-hub-api/internal/scanner/vibe.go:126.57,128.121 1 0
github.com/divyang-garg/sentinel-hub-api/internal/scanner/vibe.go:128.121,136.6 1 0
github.com/divyang-garg/sentinel-hub-api/internal/scanner/vibe.go:140.3,140.13 1 0
github.com/divyang-garg/sentinel-hub-api/internal/scanner/vibe.go:143.2,143.22 1 1
github.com/divyang-garg/sentinel-hub-api/internal/scanner/vibe.go:147.60,151.57 2 1
github.com/divyang-garg/sentinel-hub-api/internal/scanner/vibe.go:151.57,153.17 2 0
github.com/divyang-garg/sentinel-hub-api/internal/scanner/vibe.go:153.17,155.4 1 0
github.com/divyang-garg/sentinel-hub-api/internal/scanner/vibe.go:157.3,163.36 4 0
github.com/divyang-garg/sentinel-hub-api/internal/scanner/vibe.go:163.36,164.72 1 0
github.com/divyang-garg/sentinel-hub-api/internal/scanner/vibe.go:164.72,171.19 3 0
github.com/divyang-garg/sentinel-hub-api/internal/scanner/vibe.go:171.19,179.6 1 0
github.com/divyang-garg/sentinel-hub-api/internal/scanner/vibe.go:183.3,183.13 1 0
github.com/divyang-garg/sentinel-hub-api/internal/scanner/vibe.go:186.2,186.22 1 1
github.com/divyang-garg/sentinel-hub-api/internal/scanner/vibe.go:190.62,194.2 1 1
github.com/divyang-garg/sentinel-hub-api/internal/repository/database.go:13.57,15.16 2 0
github.com/divyang-garg/sentinel-hub-api/internal/repository/database.go:15.16,17.3 1 0
github.com/divyang-garg/sentinel-hub-api/internal/repository/database.go:20.2,25.34 4 0
github.com/divyang-garg/sentinel-hub-api/internal/repository/database.go:25.34,27.3 1 0
github.com/divyang-garg/sentinel-hub-api/internal/repository/database.go:29.2,29.16 1 0
github.com/divyang-garg/sentinel-hub-api/internal/repository/user_repository.go:20.68,22.2 1 1
github.com/divyang-garg/sentinel-hub-api/internal/repository/user_repository.go:25.103,39.16 6 1
github.com/divyang-garg/sentinel-hub-api/internal/repository/user_repository.go:39.16,41.3 1 1
github.com/divyang-garg/sentinel-hub-api/internal/repository/user_repository.go:43.2,43.18 1 1
github.com/divyang-garg/sentinel-hub-api/internal/repository/user_repository.go:47.93,58.16 4 1
github.com/divyang-garg/sentinel-hub-api/internal/repository/user_repository.go:58.16,59.27 1 1
github.com/divyang-garg/sentinel-hub-api/internal/repository/user_repository.go:59.27,61.4 1 1
github.com/divyang-garg/sentinel-hub-api/internal/repository/user_repository.go:62.3,62.56 1 0
github.com/divyang-garg/sentinel-hub-api/internal/repository/user_repository.go:65.2,65.19 1 1
github.com/divyang-garg/sentinel-hub-api/internal/repository/user_repository.go:69.102,80.16 4 1
github.com/divyang-garg/sentinel-hub-api/internal/repository/user_repository.go:80.16,81.27 1 0
github.com/divyang-garg/sentinel-hub-api/internal/repository/user_repository.go:81.27,83.4 1 0
github.com/divyang-garg/sentinel-hub-api/internal/repository/user_repository.go:84.3,84.65 1 0
github.com/divyang-garg/sentinel-hub-api/internal/repository/user_repository.go:87.2,87.19 1 1
github.com/divyang-garg/sentinel-hub-api/internal/repository/user_repository.go:91.87,102.16 4 1
github.com/divyang-garg/sentinel-hub-api/internal/repository/user_repository.go:102.16,104.3 1 0
github.com/divyang-garg/sentinel-hub-api/internal/repository/user_repository.go:106.2,107.16 2 1
github.com/divyang-garg/sentinel-hub-api/internal/repository/user_repository.go:107.16,109.3 1 0
github.com/divyang-garg/sentinel-hub-api/internal/repository/user_repository.go:111.2,111.23 1 1
github.com/divyang-garg/sentinel-hub-api/internal/repository/user_repository.go:111.23,113.3 1 1
github.com/divyang-garg/sentinel-hub-api/internal/repository/user_repository.go:115.2,115.12 1 1
github.com/divyang-garg/sentinel-hub-api/internal/repository/user_repository.go:119.76,123.16 3 1
github.com/divyang-garg/sentinel-hub-api/internal/repository/user_repository.go:123.16,125.3 1 0
github.com/divyang-garg/sentinel-hub-api/internal/repository/user_repository.go:127.2,128.16 2 1
github.com/divyang-garg/sentinel-hub-api/internal/repository/user_repository.go:128.16,130.3 1 0
github.com/divyang-garg/sentinel-hub-api/internal/repository/user_repository.go:132.2,132.23 1 1
github.com/divyang-garg/sentinel-hub-api/internal/repository/user_repository.go:132.23,134.3 1 1
github.com/divyang-garg/sentinel-hub-api/internal/repository/user_repository.go:136.2,136.12 1 1
github.com/divyang-garg/sentinel-hub-api/internal/repository/user_repository.go:140.103,148.16 3 1
github.com/divyang-garg/sentinel-hub-api/internal/repository/user_repository.go:148.16,150.3 1 0
github.com/divyang-garg/sentinel-hub-api/internal/repository/user_repository.go:151.2,154.18 3 1
github.com/divyang-garg/sentinel-hub-api/internal/repository/user_repository.go:154.18,159.17 3 1
github.com/divyang-garg/sentinel-hub-api/internal/repository/user_repository.go:159.17,161.4 1 0
github.com/divyang-garg/sentinel-hub-api/internal/repository/user_repository.go:162.3,162.31 1 1
github.com/divyang-garg/sentinel-hub-api/internal/repository/user_repository.go:165.2,165.35 1 1
github.com/divyang-garg/sentinel-hub-api/internal/repository/user_repository.go:165.35,167.3 1 0
github.com/divyang-garg/sentinel-hub-api/internal/repository/user_repository.go:169.2,169.19 1 1
github.com/divyang-garg/sentinel-hub-api/internal/services/security.go:15.62,16.15 1 1
github.com/divyang-garg/sentinel-hub-api/internal/services/security.go:16.15,18.3 1 1
github.com/divyang-garg/sentinel-hub-api/internal/services/security.go:19.2,19.42 1 1
github.com/divyang-garg/sentinel-hub-api/internal/services/security.go:23.70,26.2 2 1
github.com/divyang-garg/sentinel-hub-api/internal/services/security.go:29.68,31.2 1 1
github.com/divyang-garg/sentinel-hub-api/internal/services/user_service.go:24.24,29.2 1 1
github.com/divyang-garg/sentinel-hub-api/internal/services/user_service.go:32.109,34.57 1 1
github.com/divyang-garg/sentinel-hub-api/internal/services/user_service.go:34.57,36.3 1 1
github.com/divyang-garg/sentinel-hub-api/internal/services/user_service.go:39.2,40.41 2 1
github.com/divyang-garg/sentinel-hub-api/internal/services/user_service.go:40.41,42.3 1 0
github.com/divyang-garg/sentinel-hub-api/internal/services/user_service.go:43.2,43.21 1 1
github.com/divyang-garg/sentinel-hub-api/internal/services/user_service.go:43.21,45.3 1 1
github.com/divyang-garg/sentinel-hub-api/internal/services/user_service.go:48.2,49.16 2 1
github.com/divyang-garg/sentinel-hub-api/internal/services/user_service.go:49.16,51.3 1 0
github.com/divyang-garg/sentinel-hub-api/internal/services/user_service.go:54.2,66.16 3 1
github.com/divyang-garg/sentinel-hub-api/internal/services/user_service.go:66.16,68.3 1 0
github.com/divyang-garg/sentinel-hub-api/internal/services/user_service.go:71.2,73.21 2 1
github.com/divyang-garg/sentinel-hub-api/internal/services/user_service.go:77.90,79.16 2 1
github.com/divyang-garg/sentinel-hub-api/internal/services/user_service.go:79.16,81.3 1 1
github.com/divyang-garg/sentinel-hub-api/internal/services/user_service.go:84.2,86.18 2 1
github.com/divyang-garg/sentinel-hub-api/internal/services/user_service.go:90.117,93.16 2 1
github.com/divyang-garg/sentinel-hub-api/internal/services/user_service.go:93.16,95.3 1 0
github.com/divyang-garg/sentinel-hub-api/internal/services/user_service.go:98.2,98.21 1 1
github.com/divyang-garg/sentinel-hub-api/internal/services/user_service.go:98.21,100.3 1 1
github.com/divyang-garg/sentinel-hub-api/internal/services/user_service.go:101.2,101.22 1 1
github.com/divyang-garg/sentinel-hub-api/internal/services/user_service.go:101.22,104.42 2 1
github.com/divyang-garg/sentinel-hub-api/internal/services/user_service.go:104.42,106.4 1 0
github.com/divyang-garg/sentinel-hub-api/internal/services/user_service.go:107.3,107.43 1 1
github.com/divyang-garg/sentinel-hub-api/internal/services/user_service.go:107.43,109.4 1 1
github.com/divyang-garg/sentinel-hub-api/internal/services/user_service.go:110.3,110.26 1 1
github.com/divyang-garg/sentinel-hub-api/internal/services/user_service.go:113.2,116.53 2 1
github.com/divyang-garg/sentinel-hub-api/internal/services/user_service.go:116.53,118.3 1 0
github.com/divyang-garg/sentinel-hub-api/internal/services/user_service.go:121.2,123.18 2 1
github.com/divyang-garg/sentinel-hub-api/internal/services/user_service.go:127.77,129.2 1 1
github.com/divyang-garg/sentinel-hub-api/internal/services/user_service.go:132.115,135.16 2 1
github.com/divyang-garg/sentinel-hub-api/internal/services/user_service.go:135.16,136.27 1 0
github.com/divyang-garg/sentinel-hub-api/internal/services/user_service.go:136.27,138.4 1 0
github.com/divyang-garg/sentinel-hub-api/internal/services/user_service.go:139.3,139.56 1 0
github.com/divyang-garg/sentinel-hub-api/internal/services/user_service.go:143.2,143.20 1 1
github.com/divyang-garg/sentinel-hub-api/internal/services/user_service.go:143.20,145.3 1 1
github.com/divyang-garg/sentinel-hub-api/internal/services/user_service.go:148.2,148.65 1 1
github.com/divyang-garg/sentinel-hub-api/internal/services/user_service.go:148.65,150.3 1 1
github.com/divyang-garg/sentinel-hub-api/internal/services/user_service.go:153.2,155.18 2 1
github.com/divyang-garg/sentinel-hub-api/internal/services/user_service.go:159.87,160.21 1 1
github.com/divyang-garg/sentinel-hub-api/internal/services/user_service.go:160.21,162.3 1 1
github.com/divyang-garg/sentinel-hub-api/internal/services/user_service.go:163.2,163.20 1 1
github.com/divyang-garg/sentinel-hub-api/internal/services/user_service.go:163.20,165.3 1 0
github.com/divyang-garg/sentinel-hub-api/internal/services/user_service.go:166.2,166.24 1 1
github.com/divyang-garg/sentinel-hub-api/internal/services/user_service.go:166.24,168.3 1 0
github.com/divyang-garg/sentinel-hub-api/internal/services/user_service.go:169.2,169.27 1 1
github.com/divyang-garg/sentinel-hub-api/internal/services/user_service.go:169.27,171.3 1 1
github.com/divyang-garg/sentinel-hub-api/internal/services/user_service.go:172.2,172.12 1 1
github.com/divyang-garg/sentinel-hub-api/internal/services/user_service.go:176.38,179.2 2 0
github.com/divyang-garg/sentinel-hub-api/internal/cli/audit.go:14.36,25.27 4 1
github.com/divyang-garg/sentinel-hub-api/internal/cli/audit.go:25.27,26.14 1 1
github.com/divyang-garg/sentinel-hub-api/internal/cli/audit.go:27.15,28.22 1 0
github.com/divyang-garg/sentinel-hub-api/internal/cli/audit.go:29.20,30.23 1 0
github.com/divyang-garg/sentinel-hub-api/internal/cli/audit.go:31.26,32.23 1 0
github.com/divyang-garg/sentinel-hub-api/internal/cli/audit.go:33.23,34.25 1 0
github.com/divyang-garg/sentinel-hub-api/internal/cli/audit.go:35.22,37.25 2 0
github.com/divyang-garg/sentinel-hub-api/internal/cli/audit.go:38.17,39.20 1 0
github.com/divyang-garg/sentinel-hub-api/internal/cli/audit.go:40.30,41.32 1 0
github.com/divyang-garg/sentinel-hub-api/internal/cli/audit.go:42.19,43.23 1 0
github.com/divyang-garg/sentinel-hub-api/internal/cli/audit.go:43.23,45.5 1 0
github.com/divyang-garg/sentinel-hub-api/internal/cli/audit.go:46.24,47.23 1 0
github.com/divyang-garg/sentinel-hub-api/internal/cli/audit.go:47.23,49.5 1 0
github.com/divyang-garg/sentinel-hub-api/internal/cli/audit.go:50.11,52.65 1 1
github.com/divyang-garg/sentinel-hub-api/internal/cli/audit.go:52.65,54.5 1 1
github.com/divyang-garg/sentinel-hub-api/internal/cli/audit.go:59.2,61.16 3 1
github.com/divyang-garg/sentinel-hub-api/internal/cli/audit.go:61.16,63.3 1 0
github.com/divyang-garg/sentinel-hub-api/internal/cli/audit.go:66.2,66.32 1 1
github.com/divyang-garg/sentinel-hub-api/internal/cli/audit.go:66.32,68.30 2 0
github.com/divyang-garg/sentinel-hub-api/internal/cli/audit.go:68.30,69.20 1 0
github.com/divyang-garg/sentinel-hub-api/internal/cli/audit.go:69.20,71.5 1 0
github.com/divyang-garg/sentinel-hub-api/internal/cli/audit.go:74.4,75.18 2 0
github.com/divyang-garg/sentinel-hub-api/internal/cli/audit.go:75.18,76.21 1 0
github.com/divyang-garg/sentinel-hub-api/internal/cli/audit.go:76.21,78.6 1 0
github.com/divyang-garg/sentinel-hub-api/internal/cli/audit.go:79.10,82.45 2 0
github.com/divyang-garg/sentinel-hub-api/internal/cli/audit.go:82.45,84.6 1 0
github.com/divyang-garg/sentinel-hub-api/internal/cli/audit.go:86.9,86.26 1 0
github.com/divyang-garg/sentinel-hub-api/internal/cli/audit.go:86.26,88.4 1 0
github.com/divyang-garg/sentinel-hub-api/internal/cli/audit.go:92.2,95.22 2 1
github.com/divyang-garg/sentinel-hub-api/internal/cli/audit.go:95.22,96.79 1 0
github.com/divyang-garg/sentinel-hub-api/internal/cli/audit.go:96.79,98.4 1 0
github.com/divyang-garg/sentinel-hub-api/internal/cli/audit.go:99.3,99.56 1 0
github.com/divyang-garg/sentinel-hub-api/internal/cli/audit.go:103.2,103.21 1 1
github.com/divyang-garg/sentinel-hub-api/internal/cli/audit.go:103.21,104.18 1 0
github.com/divyang-garg/sentinel-hub-api/internal/cli/audit.go:104.18,106.4 1 0
github.com/divyang-garg/sentinel-hub-api/internal/cli/audit.go:106.9,108.4 1 0
github.com/divyang-garg/sentinel-hub-api/internal/cli/audit.go:109.3,109.13 1 0
github.com/divyang-garg/sentinel-hub-api/internal/cli/audit.go:112.2,112.18 1 1
github.com/divyang-garg/sentinel-hub-api/internal/cli/audit.go:112.18,114.3 1 1
github.com/divyang-garg/sentinel-hub-api/internal/cli/audit.go:115.2,115.12 1 1
github.com/divyang-garg/sentinel-hub-api/internal/cli/audit.go:119.58,120.12 1 1
github.com/divyang-garg/sentinel-hub-api/internal/cli/audit.go:120.12,123.30 2 0
github.com/divyang-garg/sentinel-hub-api/internal/cli/audit.go:123.30,125.47 2 0
github.com/divyang-garg/sentinel-hub-api/internal/cli/audit.go:125.47,127.5 1 0
github.com/divyang-garg/sentinel-hub-api/internal/cli/audit.go:129.3,129.9 1 0
github.com/divyang-garg/sentinel-hub-api/internal/cli/audit.go:133.2,137.20 5 1
github.com/divyang-garg/sentinel-hub-api/internal/cli/audit.go:137.20,139.3 1 1
github.com/divyang-garg/sentinel-hub-api/internal/cli/audit.go:139.8,141.3 1 0
github.com/divyang-garg/sentinel-hub-api/internal/cli/audit.go:142.2,144.29 2 1
github.com/divyang-garg/sentinel-hub-api/internal/cli/audit.go:144.29,146.46 2 0
github.com/divyang-garg/sentinel-hub-api/internal/cli/audit.go:146.46,148.4 1 0
github.com/divyang-garg/sentinel-hub-api/internal/cli/audit.go:149.3,149.16 1 0
github.com/divyang-garg/sentinel-hub-api/internal/cli/audit.go:152.2,152.30 1 1
github.com/divyang-garg/sentinel-hub-api/internal/cli/audit.go:152.30,154.43 2 0
github.com/divyang-garg/sentinel-hub-api/internal/cli/audit.go:154.43,155.15 1 0
github.com/divyang-garg/sentinel-hub-api/internal/cli/audit.go:155.15,157.10 2 0
github.com/divyang-garg/sentinel-hub-api/internal/cli/audit.go:159.4,160.29 2 0
github.com/divyang-garg/sentinel-hub-api/internal/cli/audit.go:160.29,162.5 1 0
github.com/divyang-garg/sentinel-hub-api/internal/cli/audit_helpers.go:15.73,18.16 2 1
github.com/divyang-garg/sentinel-hub-api/internal/cli/audit_helpers.go:19.14,20.44 1 1
github.com/divyang-garg/sentinel-hub-api/internal/cli/audit_helpers.go:21.14,22.44 1 1
github.com/divyang-garg/sentinel-hub-api/internal/cli/audit_helpers.go:23.24,24.48 1 1
github.com/divyang-garg/sentinel-hub-api/internal/cli/audit_helpers.go:25.14,26.44 1 0
github.com/divyang-garg/sentinel-hub-api/internal/cli/audit_helpers.go:27.10,28.95 1 1
github.com/divyang-garg/sentinel-hub-api/internal/cli/audit_helpers.go:32.2,33.29 2 1
github.com/divyang-garg/sentinel-hub-api/internal/cli/audit_helpers.go:33.29,34.48 1 1
github.com/divyang-garg/sentinel-hub-api/internal/cli/audit_helpers.go:34.48,36.4 1 0
github.com/divyang-garg/sentinel-hub-api/internal/cli/audit_helpers.go:39.2,39.43 1 1
github.com/divyang-garg/sentinel-hub-api/internal/cli/audit_helpers.go:43.25,44.53 1 1
github.com/divyang-garg/sentinel-hub-api/internal/cli/audit_helpers.go:44.53,46.3 1 1
github.com/divyang-garg/sentinel-hub-api/internal/cli/audit_helpers.go:47.2,47.32 1 1
github.com/divyang-garg/sentinel-hub-api/internal/cli/audit_helpers.go:51.25,53.2 1 1
github.com/divyang-garg/sentinel-hub-api/internal/cli/audit_helpers.go:56.107,61.16 3 0
github.com/divyang-garg/sentinel-hub-api/internal/cli/audit_helpers.go:61.16,63.3 1 0
github.com/divyang-garg/sentinel-hub-api/internal/cli/audit_helpers.go:65.2,65.13 1 0
github.com/divyang-garg/sentinel-hub-api/internal/cli/audit_helpers.go:65.13,67.3 1 0
github.com/divyang-garg/sentinel-hub-api/internal/cli/audit_helpers.go:70.2,70.29 1 0
github.com/divyang-garg/sentinel-hub-api/internal/cli/audit_helpers.go:70.29,72.17 2 0
github.com/divyang-garg/sentinel-hub-api/internal/cli/audit_helpers.go:72.17,73.12 1 0
github.com/divyang-garg/sentinel-hub-api/internal/cli/audit_helpers.go:77.3,78.17 2 0
github.com/divyang-garg/sentinel-hub-api/internal/cli/audit_helpers.go:78.17,79.12 1 0
github.com/divyang-garg/sentinel-hub-api/internal/cli/audit_helpers.go:83.3,90.17 3 0
github.com/divyang-garg/sentinel-hub-api/internal/cli/audit_helpers.go:90.17,92.12 1 0
github.com/divyang-garg/sentinel-hub-api/internal/cli/audit_helpers.go:96.3,96.44 1 0
github.com/divyang-garg/sentinel-hub-api/internal/cli/audit_helpers.go:96.44,105.4 1 0
github.com/divyang-garg/sentinel-hub-api/internal/cli/audit_helpers.go:108.2,108.22 1 0
github.com/divyang-garg/sentinel-hub-api/internal/cli/audit_helpers.go:112.58,114.86 2 1
github.com/divyang-garg/sentinel-hub-api/internal/cli/audit_helpers.go:114.86,115.33 1 1
github.com/divyang-garg/sentinel-hub-api/internal/cli/audit_helpers.go:115.33,117.4 1 1
github.com/divyang-garg/sentinel-hub-api/internal/cli/audit_helpers.go:118.3,118.37 1 1
github.com/divyang-garg/sentinel-hub-api/internal/cli/audit_helpers.go:118.37,120.4 1 1
github.com/divyang-garg/sentinel-hub-api/internal/cli/audit_helpers.go:121.3,121.13 1 1
github.com/divyang-garg/sentinel-hub-api/internal/cli/audit_helpers.go:123.2,123.19 1 1
github.com/divyang-garg/sentinel-hub-api/internal/cli/audit_helpers.go:127.45,139.2 3 1
github.com/divyang-garg/sentinel-hub-api/internal/cli/audit_helpers.go:142.34,148.2 2 1
github.com/divyang-garg/sentinel-hub-api/internal/cli/audit_helpers.go:151.62,152.21 1 1
github.com/divyang-garg/sentinel-hub-api/internal/cli/audit_helpers.go:153.18,154.34 1 1
github.com/divyang-garg/sentinel-hub-api/internal/cli/audit_helpers.go:155.14,156.30 1 1
github.com/divyang-garg/sentinel-hub-api/internal/cli/audit_helpers.go:157.16,158.32 1 1
github.com/divyang-garg/sentinel-hub-api/internal/cli/audit_helpers.go:159.13,160.29 1 1
github.com/divyang-garg/sentinel-hub-api/internal/cli/audit_helpers.go:161.10,162.33 1 1
github.com/divyang-garg/sentinel-hub-api/internal/cli/audit_helpers.go:167.94,172.38 2 1
github.com/divyang-garg/sentinel-hub-api/internal/cli/audit_helpers.go:172.38,174.51 2 1
github.com/divyang-garg/sentinel-hub-api/internal/cli/audit_helpers.go:174.51,176.4 1 0
github.com/divyang-garg/sentinel-hub-api/internal/cli/audit_helpers.go:179.2,179.15 1 1
github.com/divyang-garg/sentinel-hub-api/internal/cli/baseline.go:12.39,13.20 1 1
github.com/divyang-garg/sentinel-hub-api/internal/cli/baseline.go:13.20,15.3 1 1
github.com/divyang-garg/sentinel-hub-api/internal/cli/baseline.go:17.2,17.17 1 1
github.com/divyang-garg/sentinel-hub-api/internal/cli/baseline.go:18.13,19.33 1 1
github.com/divyang-garg/sentinel-hub-api/internal/cli/baseline.go:20.16,21.38 1 1
github.com/divyang-garg/sentinel-hub-api/internal/cli/baseline.go:22.15,23.25 1 1
github.com/divyang-garg/sentinel-hub-api/internal/cli/baseline.go:24.16,25.34 1 0
github.com/divyang-garg/sentinel-hub-api/internal/cli/baseline.go:26.16,27.34 1 0
github.com/divyang-garg/sentinel-hub-api/internal/cli/baseline.go:28.30,29.29 1 1
github.com/divyang-garg/sentinel-hub-api/internal/cli/baseline.go:30.10,31.103 1 1
github.com/divyang-garg/sentinel-hub-api/internal/cli/baseline.go:36.27,38.16 2 1
github.com/divyang-garg/sentinel-hub-api/internal/cli/baseline.go:38.16,39.25 1 1
github.com/divyang-garg/sentinel-hub-api/internal/cli/baseline.go:39.25,43.4 3 1
github.com/divyang-garg/sentinel-hub-api/internal/cli/baseline.go:44.3,44.56 1 0
github.com/divyang-garg/sentinel-hub-api/internal/cli/baseline.go:47.2,47.32 1 1
github.com/divyang-garg/sentinel-hub-api/internal/cli/baseline.go:47.32,50.3 2 0
github.com/divyang-garg/sentinel-hub-api/internal/cli/baseline.go:52.2,55.41 3 1
github.com/divyang-garg/sentinel-hub-api/internal/cli/baseline.go:55.41,57.25 2 1
github.com/divyang-garg/sentinel-hub-api/internal/cli/baseline.go:57.25,59.4 1 1
github.com/divyang-garg/sentinel-hub-api/internal/cli/baseline.go:60.3,60.88 1 1
github.com/divyang-garg/sentinel-hub-api/internal/cli/baseline.go:63.2,63.12 1 1
github.com/divyang-garg/sentinel-hub-api/internal/cli/baseline.go:67.41,68.19 1 1
github.com/divyang-garg/sentinel-hub-api/internal/cli/baseline.go:68.19,70.3 1 1
github.com/divyang-garg/sentinel-hub-api/internal/cli/baseline.go:72.2,77.16 5 1
github.com/divyang-garg/sentinel-hub-api/internal/cli/baseline.go:77.16,79.3 1 1
github.com/divyang-garg/sentinel-hub-api/internal/cli/baseline.go:81.2,81.19 1 1
github.com/divyang-garg/sentinel-hub-api/internal/cli/baseline.go:81.19,83.3 1 1
github.com/divyang-garg/sentinel-hub-api/internal/cli/baseline.go:83.8,85.3 1 1
github.com/divyang-garg/sentinel-hub-api/internal/cli/baseline.go:88.2,89.39 2 1
github.com/divyang-garg/sentinel-hub-api/internal/cli/baseline.go:89.39,91.3 1 0
github.com/divyang-garg/sentinel-hub-api/internal/cli/baseline.go:94.2,95.16 2 1
github.com/divyang-garg/sentinel-hub-api/internal/cli/baseline.go:95.16,97.3 1 0
github.com/divyang-garg/sentinel-hub-api/internal/cli/baseline.go:100.2,114.47 3 1
github.com/divyang-garg/sentinel-hub-api/internal/cli/baseline.go:114.47,116.3 1 0
[...]
github.com/divyang-garg/sentinel-hub-api/internal/fix/fixer_rollback.go:194.59,196.3 1 0
github.com/divyang-garg/sentinel-hub-api/internal/fix/fixer_rollback.go:198.2,198.55 1 0
github.com/divyang-garg/sentinel-hub-api/internal/patterns/analyzers.go:12.73,17.100 3 1
github.com/divyang-garg/sentinel-hub-api/internal/patterns/analyzers.go:17.100,19.3 1 0
github.com/divyang-garg/sentinel-hub-api/internal/patterns/analyzers.go:21.2,26.29 5 1
github.com/divyang-garg/sentinel-hub-api/internal/patterns/analyzers.go:26.29,30.60 2 1
github.com/divyang-garg/sentinel-hub-api/internal/patterns/analyzers.go:30.60,32.73 1 1
github.com/divyang-garg/sentinel-hub-api/internal/patterns/analyzers.go:32.73,35.5 2 1
github.com/divyang-garg/sentinel-hub-api/internal/patterns/analyzers.go:36.9,36.118 1 1
github.com/divyang-garg/sentinel-hub-api/internal/patterns/analyzers.go:36.118,38.86 1 1
github.com/divyang-garg/sentinel-hub-api/internal/patterns/analyzers.go:38.86,40.42 1 1
github.com/divyang-garg/sentinel-hub-api/internal/patterns/analyzers.go:40.42,42.27 2 1
github.com/divyang-garg/sentinel-hub-api/internal/patterns/analyzers.go:42.27,45.75 3 1
github.com/divyang-garg/sentinel-hub-api/internal/patterns/analyzers.go:45.75,47.8 1 1
github.com/divyang-garg/sentinel-hub-api/internal/patterns/analyzers.go:47.13,47.49 1 1
github.com/divyang-garg/sentinel-hub-api/internal/patterns/analyzers.go:47.49,49.8 1 1
github.com/divyang-garg/sentinel-hub-api/internal/patterns/analyzers.go:54.5,54.82 1 1
github.com/divyang-garg/sentinel-hub-api/internal/patterns/analyzers.go:54.82,56.43 2 1
github.com/divyang-garg/sentinel-hub-api/internal/patterns/analyzers.go:56.43,58.7 1 1
github.com/divyang-garg/sentinel-hub-api/internal/patterns/analyzers.go:58.12,58.51 1 1
github.com/divyang-garg/sentinel-hub-api/internal/patterns/analyzers.go:58.51,60.7 1 1
github.com/divyang-garg/sentinel-hub-api/internal/patterns/analyzers.go:64.5,64.50 1 1
github.com/divyang-garg/sentinel-hub-api/internal/patterns/analyzers.go:64.50,65.28 1 1
github.com/divyang-garg/sentinel-hub-api/internal/patterns/analyzers.go:65.28,67.7 1 1
github.com/divyang-garg/sentinel-hub-api/internal/patterns/analyzers.go:70.9,70.106 1 1
github.com/divyang-garg/sentinel-hub-api/internal/patterns/analyzers.go:70.106,72.85 1 0
github.com/divyang-garg/sentinel-hub-api/internal/patterns/analyzers.go:72.85,74.5 1 0
github.com/divyang-garg/sentinel-hub-api/internal/patterns/analyzers.go:74.10,76.5 1 0
github.com/divyang-garg/sentinel-hub-api/internal/patterns/analyzers.go:78.4,78.45 1 0
github.com/divyang-garg/sentinel-hub-api/internal/patterns/analyzers.go:78.45,80.5 1 0
github.com/divyang-garg/sentinel-hub-api/internal/patterns/analyzers.go:80.10,82.5 1 0
github.com/divyang-garg/sentinel-hub-api/internal/patterns/analyzers.go:87.2,88.15 2 1
github.com/divyang-garg/sentinel-hub-api/internal/patterns/analyzers.go:88.15,89.38 1 1
github.com/divyang-garg/sentinel-hub-api/internal/patterns/analyzers.go:89.38,91.4 1 1
github.com/divyang-garg/sentinel-hub-api/internal/patterns/analyzers.go:91.9,91.45 1 1
github.com/divyang-garg/sentinel-hub-api/internal/patterns/analyzers.go:91.45,93.4 1 1
github.com/divyang-garg/sentinel-hub-api/internal/patterns/analyzers.go:93.9,95.4 1 0
github.com/divyang-garg/sentinel-hub-api/internal/patterns/analyzers.go:98.2,103.108 4 1
github.com/divyang-garg/sentinel-hub-api/internal/patterns/analyzers.go:103.108,105.58 2 0
github.com/divyang-garg/sentinel-hub-api/internal/patterns/analyzers.go:105.58,107.4 1 0
github.com/divyang-garg/sentinel-hub-api/internal/patterns/analyzers.go:112.68,114.21 2 1
github.com/divyang-garg/sentinel-hub-api/internal/patterns/analyzers.go:114.21,116.3 1 0
github.com/divyang-garg/sentinel-hub-api/internal/patterns/analyzers.go:119.2,127.29 8 1
github.com/divyang-garg/sentinel-hub-api/internal/patterns/analyzers.go:127.29,128.21 1 1
github.com/divyang-garg/sentinel-hub-api/internal/patterns/analyzers.go:128.21,129.12 1 1
github.com/divyang-garg/sentinel-hub-api/internal/patterns/analyzers.go:133.3,134.24 2 1
github.com/divyang-garg/sentinel-hub-api/internal/patterns/analyzers.go:134.24,136.4 1 1
github.com/divyang-garg/sentinel-hub-api/internal/patterns/analyzers.go:136.9,136.79 1 1
github.com/divyang-garg/sentinel-hub-api/internal/patterns/analyzers.go:136.79,138.4 1 0
github.com/divyang-garg/sentinel-hub-api/internal/patterns/analyzers.go:138.9,138.45 1 1
github.com/divyang-garg/sentinel-hub-api/internal/patterns/analyzers.go:138.45,140.4 1 1
github.com/divyang-garg/sentinel-hub-api/internal/patterns/analyzers.go:143.3,144.85 2 1
github.com/divyang-garg/sentinel-hub-api/internal/patterns/analyzers.go:144.85,149.70 3 1
github.com/divyang-garg/sentinel-hub-api/internal/patterns/analyzers.go:149.70,151.77 2 1
github.com/divyang-garg/sentinel-hub-api/internal/patterns/analyzers.go:151.77,153.6 1 1
github.com/divyang-garg/sentinel-hub-api/internal/patterns/analyzers.go:153.11,153.106 1 1
github.com/divyang-garg/sentinel-hub-api/internal/patterns/analyzers.go:153.106,155.6 1 1
github.com/divyang-garg/sentinel-hub-api/internal/patterns/analyzers.go:161.2,161.54 1 1
github.com/divyang-garg/sentinel-hub-api/internal/patterns/analyzers.go:161.54,163.3 1 1
github.com/divyang-garg/sentinel-hub-api/internal/patterns/analyzers.go:163.8,163.38 1 1
github.com/divyang-garg/sentinel-hub-api/internal/patterns/analyzers.go:163.38,166.3 2 0
github.com/divyang-garg/sentinel-hub-api/internal/patterns/analyzers.go:166.8,166.28 1 1
github.com/divyang-garg/sentinel-hub-api/internal/patterns/analyzers.go:166.28,169.3 2 1
github.com/divyang-garg/sentinel-hub-api/internal/patterns/analyzers.go:172.2,172.51 1 1
github.com/divyang-garg/sentinel-hub-api/internal/patterns/analyzers.go:172.51,174.3 1 1
github.com/divyang-garg/sentinel-hub-api/internal/patterns/analyzers.go:174.8,174.58 1 1
github.com/divyang-garg/sentinel-hub-api/internal/patterns/analyzers.go:174.58,176.3 1 0
github.com/divyang-garg/sentinel-hub-api/internal/patterns/analyzers.go:176.8,176.48 1 1
github.com/divyang-garg/sentinel-hub-api/internal/patterns/analyzers.go:176.48,178.3 1 0
github.com/divyang-garg/sentinel-hub-api/internal/patterns/analyzers.go:178.8,178.48 1 1
github.com/divyang-garg/sentinel-hub-api/internal/patterns/analyzers.go:178.48,180.3 1 0
github.com/divyang-garg/sentinel-hub-api/internal/patterns/analyzers.go:182.2,182.41 1 1
github.com/divyang-garg/sentinel-hub-api/internal/patterns/analyzers.go:182.41,184.3 1 1
github.com/divyang-garg/sentinel-hub-api/internal/patterns/analyzers.go:184.8,184.48 1 1
github.com/divyang-garg/sentinel-hub-api/internal/patterns/analyzers.go:184.48,186.3 1 0
github.com/divyang-garg/sentinel-hub-api/internal/patterns/analyzers.go:186.8,188.3 1 1
github.com/divyang-garg/sentinel-hub-api/internal/patterns/analyzers.go:191.2,191.39 1 1
github.com/divyang-garg/sentinel-hub-api/internal/patterns/analyzers.go:191.39,193.3 1 0
github.com/divyang-garg/sentinel-hub-api/internal/patterns/analyzers.go:193.8,195.3 1 1
github.com/divyang-garg/sentinel-hub-api/internal/patterns/analyzers.go:199.73,218.90 2 1
github.com/divyang-garg/sentinel-hub-api/internal/patterns/analyzers.go:218.90,219.34 1 1
github.com/divyang-garg/sentinel-hub-api/internal/patterns/analyzers.go:219.34,221.4 1 1
github.com/divyang-garg/sentinel-hub-api/internal/patterns/analyzers.go:224.3,224.27 1 1
github.com/divyang-garg/sentinel-hub-api/internal/patterns/analyzers.go:224.27,226.4 1 0
github.com/divyang-garg/sentinel-hub-api/internal/patterns/analyzers.go:229.3,230.50 2 1
github.com/divyang-garg/sentinel-hub-api/internal/patterns/analyzers.go:230.50,231.60 1 1
github.com/divyang-garg/sentinel-hub-api/internal/patterns/analyzers.go:231.60,233.56 2 1
github.com/divyang-garg/sentinel-hub-api/internal/patterns/analyzers.go:233.56,235.6 1 1
github.com/divyang-garg/sentinel-hub-api/internal/patterns/analyzers.go:239.3,239.13 1 1
github.com/divyang-garg/sentinel-hub-api/internal/patterns/analyzers.go:242.2,242.16 1 1
github.com/divyang-garg/sentinel-hub-api/internal/patterns/analyzers.go:242.16,245.3 1 0
github.com/divyang-garg/sentinel-hub-api/internal/patterns/learner.go:22.53,26.24 3 1
github.com/divyang-garg/sentinel-hub-api/internal/patterns/learner.go:26.24,28.3 1 0
github.com/divyang-garg/sentinel-hub-api/internal/patterns/learner.go:31.2,31.64 1 1
github.com/divyang-garg/sentinel-hub-api/internal/patterns/learner.go:31.64,33.3 1 0
github.com/divyang-garg/sentinel-hub-api/internal/patterns/learner.go:36.2,36.21 1 1
github.com/divyang-garg/sentinel-hub-api/internal/patterns/learner.go:36.21,38.17 2 1
github.com/divyang-garg/sentinel-hub-api/internal/patterns/learner.go:38.17,40.4 1 0
github.com/divyang-garg/sentinel-hub-api/internal/patterns/learner.go:41.3,42.23 2 1
github.com/divyang-garg/sentinel-hub-api/internal/patterns/learner.go:46.2,46.22 1 1
github.com/divyang-garg/sentinel-hub-api/internal/patterns/learner.go:46.22,48.42 2 1
github.com/divyang-garg/sentinel-hub-api/internal/patterns/learner.go:48.42,51.4 2 1
github.com/divyang-garg/sentinel-hub-api/internal/patterns/learner.go:52.3,52.23 1 1
github.com/divyang-garg/sentinel-hub-api/internal/patterns/learner.go:55.2,55.24 1 1
github.com/divyang-garg/sentinel-hub-api/internal/patterns/learner.go:55.24,58.41 3 1
github.com/divyang-garg/sentinel-hub-api/internal/patterns/learner.go:58.41,59.61 1 1
github.com/divyang-garg/sentinel-hub-api/internal/patterns/learner.go:59.61,60.26 1 1
github.com/divyang-garg/sentinel-hub-api/internal/patterns/learner.go:60.26,62.6 1 1
github.com/divyang-garg/sentinel-hub-api/internal/patterns/learner.go:65.3,65.23 1 1
github.com/divyang-garg/sentinel-hub-api/internal/patterns/learner.go:68.2,68.21 1 1
github.com/divyang-garg/sentinel-hub-api/internal/patterns/learner.go:68.21,70.39 2 0
github.com/divyang-garg/sentinel-hub-api/internal/patterns/learner.go:70.39,72.4 1 0
github.com/divyang-garg/sentinel-hub-api/internal/patterns/learner.go:73.3,73.23 1 0
github.com/divyang-garg/sentinel-hub-api/internal/patterns/learner.go:77.2,82.23 4 1
github.com/divyang-garg/sentinel-hub-api/internal/patterns/learner.go:82.23,84.3 1 1
github.com/divyang-garg/sentinel-hub-api/internal/patterns/learner.go:87.2,87.38 1 1
github.com/divyang-garg/sentinel-hub-api/internal/patterns/learner.go:87.38,89.3 1 0
github.com/divyang-garg/sentinel-hub-api/internal/patterns/learner.go:92.2,92.38 1 1
github.com/divyang-garg/sentinel-hub-api/internal/patterns/learner.go:92.38,94.3 1 0
github.com/divyang-garg/sentinel-hub-api/internal/patterns/learner.go:97.2,97.41 1 1
github.com/divyang-garg/sentinel-hub-api/internal/patterns/learner.go:97.41,99.3 1 1
github.com/divyang-garg/sentinel-hub-api/internal/patterns/learner.go:102.2,102.42 1 1
github.com/divyang-garg/sentinel-hub-api/internal/patterns/learner.go:102.42,106.3 1 1
github.com/divyang-garg/sentinel-hub-api/internal/patterns/learner.go:109.2,109.42 1 1
github.com/divyang-garg/sentinel-hub-api/internal/patterns/learner.go:109.42,111.3 1 0
github.com/divyang-garg/sentinel-hub-api/internal/patterns/learner.go:114.2,117.54 2 1
github.com/divyang-garg/sentinel-hub-api/internal/patterns/learner.go:117.54,119.3 1 0
github.com/divyang-garg/sentinel-hub-api/internal/patterns/learner.go:121.2,121.22 1 1
github.com/divyang-garg/sentinel-hub-api/internal/patterns/learner_analysis.go:14.72,15.90 1 1
github.com/divyang-garg/sentinel-hub-api/internal/patterns/learner_analysis.go:15.90,16.33 1 1
github.com/divyang-garg/sentinel-hub-api/internal/patterns/learner_analysis.go:16.33,18.4 1 1
github.com/divyang-garg/sentinel-hub-api/internal/patterns/learner_analysis.go:21.3,21.27 1 1
github.com/divyang-garg/sentinel-hub-api/internal/patterns/learner_analysis.go:21.27,23.4 1 0
github.com/divyang-garg/sentinel-hub-api/internal/patterns/learner_analysis.go:25.3,26.16 2 1
github.com/divyang-garg/sentinel-hub-api/internal/patterns/learner_analysis.go:26.16,28.4 1 1
github.com/divyang-garg/sentinel-hub-api/internal/patterns/learner_analysis.go:31.3,32.17 2 1
github.com/divyang-garg/sentinel-hub-api/internal/patterns/learner_analysis.go:32.17,34.4 1 0
github.com/divyang-garg/sentinel-hub-api/internal/patterns/learner_analysis.go:36.3,50.13 6 1
github.com/divyang-garg/sentinel-hub-api/internal/patterns/learner_analysis.go:55.39,63.35 3 1
github.com/divyang-garg/sentinel-hub-api/internal/patterns/learner_analysis.go:63.35,64.43 1 1
github.com/divyang-garg/sentinel-hub-api/internal/patterns/learner_analysis.go:64.43,66.4 1 1
github.com/divyang-garg/sentinel-hub-api/internal/patterns/learner_analysis.go:68.2,68.14 1 1
github.com/divyang-garg/sentinel-hub-api/internal/patterns/learner_analysis.go:72.78,76.13 3 1
github.com/divyang-garg/sentinel-hub-api/internal/patterns/learner_analysis.go:77.36,79.41 2 1
github.com/divyang-garg/sentinel-hub-api/internal/patterns/learner_analysis.go:79.41,81.4 1 0
github.com/divyang-garg/sentinel-hub-api/internal/patterns/learner_analysis.go:82.3,82.39 1 1
github.com/divyang-garg/sentinel-hub-api/internal/patterns/learner_analysis.go:82.39,84.4 1 0
github.com/divyang-garg/sentinel-hub-api/internal/patterns/learner_analysis.go:85.3,85.43 1 1
github.com/divyang-garg/sentinel-hub-api/internal/patterns/learner_analysis.go:85.43,87.4 1 0
github.com/divyang-garg/sentinel-hub-api/internal/patterns/learner_analysis.go:88.13,90.42 2 0
github.com/divyang-garg/sentinel-hub-api/internal/patterns/learner_analysis.go:90.42,92.4 1 0
github.com/divyang-garg/sentinel-hub-api/internal/patterns/learner_analysis.go:93.3,93.41 1 0
github.com/divyang-garg/sentinel-hub-api/internal/patterns/learner_analysis.go:93.41,95.4 1 0
github.com/divyang-garg/sentinel-hub-api/internal/patterns/learner_analysis.go:96.13,97.29 1 1
github.com/divyang-garg/sentinel-hub-api/internal/patterns/learner_analysis.go:98.15,100.42 2 0
github.com/divyang-garg/sentinel-hub-api/internal/patterns/learner_analysis.go:100.42,102.4 1 0
github.com/divyang-garg/sentinel-hub-api/internal/patterns/learner_analysis.go:103.13,105.42 2 0
github.com/divyang-garg/sentinel-hub-api/internal/patterns/learner_analysis.go:105.42,107.4 1 0
github.com/divyang-garg/sentinel-hub-api/internal/patterns/learner_analysis.go:108.13,110.41 2 0
github.com/divyang-garg/sentinel-hub-api/internal/patterns/learner_analysis.go:110.41,112.4 1 0
github.com/divyang-garg/sentinel-hub-api/internal/patterns/learner_analysis.go:116.2,116.32 1 1
github.com/divyang-garg/sentinel-hub-api/internal/patterns/learner_analysis.go:116.32,118.3 1 0
github.com/divyang-garg/sentinel-hub-api/internal/patterns/learner_analysis.go:118.8,118.33 1 1
github.com/divyang-garg/sentinel-hub-api/internal/patterns/learner_analysis.go:118.33,120.3 1 0
github.com/divyang-garg/sentinel-hub-api/internal/patterns/learner_analysis.go:120.8,120.75 1 1
github.com/divyang-garg/sentinel-hub-api/internal/patterns/learner_analysis.go:120.75,122.3 1 0
github.com/divyang-garg/sentinel-hub-api/internal/patterns/learner_analysis.go:126.73,128.74 1 1
github.com/divyang-garg/sentinel-hub-api/internal/patterns/learner_analysis.go:128.74,130.3 1 0
github.com/divyang-garg/sentinel-hub-api/internal/patterns/learner_analysis.go:131.2,131.76 1 1
github.com/divyang-garg/sentinel-hub-api/internal/patterns/learner_analysis.go:131.76,133.3 1 1
github.com/divyang-garg/sentinel-hub-api/internal/patterns/learner_analysis.go:134.2,134.75 1 1
github.com/divyang-garg/sentinel-hub-api/internal/patterns/learner_analysis.go:134.75,136.3 1 0
github.com/divyang-garg/sentinel-hub-api/internal/patterns/learner_analysis.go:140.45,142.38 1 1
github.com/divyang-garg/sentinel-hub-api/internal/patterns/learner_analysis.go:142.38,144.47 1 1
github.com/divyang-garg/sentinel-hub-api/internal/patterns/learner_analysis.go:144.47,146.4 1 0
github.com/divyang-garg/sentinel-hub-api/internal/patterns/learner_analysis.go:148.2,148.14 1 1
github.com/divyang-garg/sentinel-hub-api/internal/patterns/learner_analysis.go:152.46,155.2 1 1
github.com/divyang-garg/sentinel-hub-api/internal/patterns/learner_analysis.go:158.45,160.2 1 1
github.com/divyang-garg/sentinel-hub-api/internal/patterns/learner_analysis.go:163.56,168.69 3 1
github.com/divyang-garg/sentinel-hub-api/internal/patterns/learner_analysis.go:168.69,169.70 1 0
github.com/divyang-garg/sentinel-hub-api/internal/patterns/learner_analysis.go:169.70,171.4 1 0
github.com/divyang-garg/sentinel-hub-api/internal/patterns/learner_analysis.go:171.9,173.4 1 0
github.com/divyang-garg/sentinel-hub-api/internal/patterns/learner_analysis.go:174.3,174.19 1 0
github.com/divyang-garg/sentinel-hub-api/internal/patterns/learner_analysis.go:178.2,178.46 1 1
github.com/divyang-garg/sentinel-hub-api/internal/patterns/learner_analysis.go:178.46,179.23 1 1
github.com/divyang-garg/sentinel-hub-api/internal/patterns/learner_analysis.go:179.23,182.4 2 1
github.com/divyang-garg/sentinel-hub-api/internal/patterns/learner_analysis.go:185.2,185.20 1 1
github.com/divyang-garg/sentinel-hub-api/internal/patterns/learner_analysis.go:189.50,190.26 1 1
github.com/divyang-garg/sentinel-hub-api/internal/patterns/learner_analysis.go:190.26,191.17 1 1
github.com/divyang-garg/sentinel-hub-api/internal/patterns/learner_analysis.go:191.17,193.4 1 1
github.com/divyang-garg/sentinel-hub-api/internal/patterns/learner_analysis.go:195.2,195.14 1 1
github.com/divyang-garg/sentinel-hub-api/internal/patterns/learner_analysis.go:199.24,200.11 1 1
github.com/divyang-garg/sentinel-hub-api/internal/patterns/learner_analysis.go:200.11,202.3 1 1
github.com/divyang-garg/sentinel-hub-api/internal/patterns/learner_analysis.go:203.2,203.10 1 1
github.com/divyang-garg/sentinel-hub-api/internal/patterns/learner_output.go:17.55,19.55 1 1
github.com/divyang-garg/sentinel-hub-api/internal/patterns/learner_output.go:19.55,21.3 1 0
github.com/divyang-garg/sentinel-hub-api/internal/patterns/learner_output.go:22.2,22.59 1 1
github.com/divyang-garg/sentinel-hub-api/internal/patterns/learner_output.go:22.59,24.3 1 0
github.com/divyang-garg/sentinel-hub-api/internal/patterns/learner_output.go:27.2,28.16 2 1
github.com/divyang-garg/sentinel-hub-api/internal/patterns/learner_output.go:28.16,30.3 1 0
github.com/divyang-garg/sentinel-hub-api/internal/patterns/learner_output.go:31.2,31.90 1 1
github.com/divyang-garg/sentinel-hub-api/internal/patterns/learner_output.go:31.90,33.3 1 0
github.com/divyang-garg/sentinel-hub-api/internal/patterns/learner_output.go:36.2,37.88 2 1
github.com/divyang-garg/sentinel-hub-api/internal/patterns/learner_output.go:37.88,39.3 1 0
github.com/divyang-garg/sentinel-hub-api/internal/patterns/learner_output.go:41.2,41.12 1 1
github.com/divyang-garg/sentinel-hub-api/internal/patterns/learner_output.go:45.56,51.23 5 1
github.com/divyang-garg/sentinel-hub-api/internal/patterns/learner_output.go:51.23,53.3 1 1
github.com/divyang-garg/sentinel-hub-api/internal/patterns/learner_output.go:55.2,55.34 1 1
github.com/divyang-garg/sentinel-hub-api/internal/patterns/learner_output.go:55.34,57.39 2 0
github.com/divyang-garg/sentinel-hub-api/internal/patterns/learner_output.go:57.39,59.4 1 0
github.com/divyang-garg/sentinel-hub-api/internal/patterns/learner_output.go:60.3,60.24 1 0
github.com/divyang-garg/sentinel-hub-api/internal/patterns/learner_output.go:63.2,63.38 1 1
github.com/divyang-garg/sentinel-hub-api/internal/patterns/learner_output.go:63.38,65.48 2 0
github.com/divyang-garg/sentinel-hub-api/internal/patterns/learner_output.go:65.48,67.4 1 0
github.com/divyang-garg/sentinel-hub-api/internal/patterns/learner_output.go:68.3,68.24 1 0
github.com/divyang-garg/sentinel-hub-api/internal/patterns/learner_output.go:71.2,71.21 1 1
github.com/divyang-garg/sentinel-hub-api/internal/patterns/learner_output.go:75.41,77.19 2 1
github.com/divyang-garg/sentinel-hub-api/internal/patterns/learner_output.go:77.19,79.3 1 1
github.com/divyang-garg/sentinel-hub-api/internal/patterns/learner_output.go:80.2,80.13 1 1
github.com/divyang-garg/sentinel-hub-api/internal/patterns/types.go:37.36,49.2 1 1
