mode: atomic
github.com/divyang-garg/sentinel-hub-api/internal/cli/audit.go:14.36,25.27 4 2
github.com/divyang-garg/sentinel-hub-api/internal/cli/audit.go:25.27,26.14 1 2
github.com/divyang-garg/sentinel-hub-api/internal/cli/audit.go:27.15,28.22 1 0
github.com/divyang-garg/sentinel-hub-api/internal/cli/audit.go:29.20,30.23 1 0
github.com/divyang-garg/sentinel-hub-api/internal/cli/audit.go:31.26,32.23 1 0
github.com/divyang-garg/sentinel-hub-api/internal/cli/audit.go:33.23,34.25 1 0
github.com/divyang-garg/sentinel-hub-api/internal/cli/audit.go:35.22,37.25 2 0
github.com/divyang-garg/sentinel-hub-api/internal/cli/audit.go:38.17,39.20 1 0
github.com/divyang-garg/sentinel-hub-api/internal/cli/audit.go:40.30,41.32 1 0
github.com/divyang-garg/sentinel-hub-api/internal/cli/audit.go:42.19,43.23 1 0
github.com/divyang-garg/sentinel-hub-api/internal/cli/audit.go:43.23,45.5 1 0
github.com/divyang-garg/sentinel-hub-api/internal/cli/audit.go:46.24,47.23 1 0
github.com/divyang-garg/sentinel-hub-api/internal/cli/audit.go:47.23,49.5 1 0
github.com/divyang-garg/sentinel-hub-api/internal/cli/audit.go:50.11,52.65 1 2
github.com/divyang-garg/sentinel-hub-api/internal/cli/audit.go:52.65,54.5 1 1
github.com/divyang-garg/sentinel-hub-api/internal/cli/audit.go:59.2,61.16 3 2
github.com/divyang-garg/sentinel-hub-api/internal/cli/audit.go:61.16,63.3 1 0
github.com/divyang-garg/sentinel-hub-api/internal/cli/audit.go:66.2,66.32 1 2
github.com/divyang-garg/sentinel-hub-api/internal/cli/audit.go:66.32,68.30 2 0
github.com/divyang-garg/sentinel-hub-api/internal/cli/audit.go:68.30,69.20 1 0
github.com/divyang-garg/sentinel-hub-api/internal/cli/audit.go:69.20,71.5 1 0
github.com/divyang-garg/sentinel-hub-api/internal/cli/audit.go:74.4,75.18 2 0
github.com/divyang-garg/sentinel-hub-api/internal/cli/audit.go:75.18,76.21 1 0
github.com/divyang-garg/sentinel-hub-api/internal/cli/audit.go:76.21,78.6 1 0
github.com/divyang-garg/sentinel-hub-api/internal/cli/audit.go:79.10,82.45 2 0
github.com/divyang-garg/sentinel-hub-api/internal/cli/audit.go:82.45,84.6 1 0
github.com/divyang-garg/sentinel-hub-api/internal/cli/audit.go:86.9,86.26 1 0
github.com/divyang-garg/sentinel-hub-api/internal/cli/audit.go:86.26,88.4 1 0
github.com/divyang-garg/sentinel-hub-api/internal/cli/audit.go:92.2,95.22 2 2
github.com/divyang-garg/sentinel-hub-api/internal/cli/audit.go:95.22,96.79 1 0
github.com/divyang-garg/sentinel-hub-api/internal/cli/audit.go:96.79,98.4 1 0
github.com/divyang-garg/sentinel-hub-api/internal/cli/audit.go:99.3,99.56 1 0
github.com/divyang-garg/sentinel-hub-api/internal/cli/audit.go:103.2,103.21 1 2
github.com/divyang-garg/sentinel-hub-api/internal/cli/audit.go:103.21,104.18 1 0
github.com/divyang-garg/sentinel-hub-api/internal/cli/audit.go:104.18,106.4 1 0
github.com/divyang-garg/sentinel-hub-api/internal/cli/audit.go:106.9,108.4 1 0
github.com/divyang-garg/sentinel-hub-api/internal/cli/audit.go:109.3,109.13 1 0
github.com/divyang-garg/sentinel-hub-api/internal/cli/audit.go:112.2,112.18 1 2
github.com/divyang-garg/sentinel-hub-api/internal/cli/audit.go:112.18,114.3 1 2
github.com/divyang-garg/sentinel-hub-api/internal/cli/audit.go:115.2,115.12 1 2
github.com/divyang-garg/sentinel-hub-api/internal/cli/audit.go:119.58,120.12 1 2
github.com/divyang-garg/sentinel-hub-api/internal/cli/audit.go:120.12,123.30 2 0
github.com/divyang-garg/sentinel-hub-api/internal/cli/audit.go:123.30,125.47 2 0
github.com/divyang-garg/sentinel-hub-api/internal/cli/audit.go:125.47,127.5 1 0
github.com/divyang-garg/sentinel-hub-api/internal/cli/audit.go:129.3,129.9 1 0
github.com/divyang-garg/sentinel-hub-api/internal/cli/audit.go:133.2,137.20 5 2
github.com/divyang-garg/sentinel-hub-api/internal/cli/audit.go:137.20,139.3 1 2
github.com/divyang-garg/sentinel-hub-api/internal/cli/audit.go:139.8,141.3 1 0
github.com/divyang-garg/sentinel-hub-api/internal/cli/audit.go:142.2,144.29 2 2
github.com/divyang-garg/sentinel-hub-api/internal/cli/audit.go:144.29,146.46 2 0
github.com/divyang-garg/sentinel-hub-api/internal/cli/audit.go:146.46,148.4 1 0
github.com/divyang-garg/sentinel-hub-api/internal/cli/audit.go:149.3,149.16 1 0
github.com/divyang-garg/sentinel-hub-api/internal/cli/audit.go:152.2,152.30 1 2
github.com/divyang-garg/sentinel-hub-api/internal/cli/audit.go:152.30,154.43 2 0
github.com/divyang-garg/sentinel-hub-api/internal/cli/audit.go:154.43,155.15 1 0
github.com/divyang-garg/sentinel-hub-api/internal/cli/audit.go:155.15,157.10 2 0
github.com/divyang-garg/sentinel-hub-api/internal/cli/audit.go:159.4,160.29 2 0
github.com/divyang-garg/sentinel-hub-api/internal/cli/audit.go:160.29,162.5 1 0
github.com/divyang-garg/sentinel-hub-api/internal/cli/audit_helpers.go:15.73,18.16 2 4
github.com/divyang-garg/sentinel-hub-api/internal/cli/audit_helpers.go:19.14,20.44 1 1
github.com/divyang-garg/sentinel-hub-api/internal/cli/audit_helpers.go:21.14,22.44 1 1
github.com/divyang-garg/sentinel-hub-api/internal/cli/audit_helpers.go:23.24,24.48 1 1
github.com/divyang-garg/sentinel-hub-api/internal/cli/audit_helpers.go:25.14,26.44 1 0
github.com/divyang-garg/sentinel-hub-api/internal/cli/audit_helpers.go:27.10,28.95 1 1
github.com/divyang-garg/sentinel-hub-api/internal/cli/audit_helpers.go:32.2,33.29 2 3
github.com/divyang-garg/sentinel-hub-api/internal/cli/audit_helpers.go:33.29,34.48 1 3
github.com/divyang-garg/sentinel-hub-api/internal/cli/audit_helpers.go:34.48,36.4 1 0
github.com/divyang-garg/sentinel-hub-api/internal/cli/audit_helpers.go:39.2,39.43 1 3
github.com/divyang-garg/sentinel-hub-api/internal/cli/audit_helpers.go:43.25,44.53 1 4
github.com/divyang-garg/sentinel-hub-api/internal/cli/audit_helpers.go:44.53,46.3 1 1
github.com/divyang-garg/sentinel-hub-api/internal/cli/audit_helpers.go:47.2,47.32 1 3
github.com/divyang-garg/sentinel-hub-api/internal/cli/audit_helpers.go:51.25,53.2 1 4
github.com/divyang-garg/sentinel-hub-api/internal/cli/audit_helpers.go:56.107,61.16 3 0
github.com/divyang-garg/sentinel-hub-api/internal/cli/audit_helpers.go:61.16,63.3 1 0
github.com/divyang-garg/sentinel-hub-api/internal/cli/audit_helpers.go:65.2,65.13 1 0
github.com/divyang-garg/sentinel-hub-api/internal/cli/audit_helpers.go:65.13,67.3 1 0
github.com/divyang-garg/sentinel-hub-api/internal/cli/audit_helpers.go:70.2,70.29 1 0
github.com/divyang-garg/sentinel-hub-api/internal/cli/audit_helpers.go:70.29,72.17 2 0
github.com/divyang-garg/sentinel-hub-api/internal/cli/audit_helpers.go:72.17,73.12 1 0
github.com/divyang-garg/sentinel-hub-api/internal/cli/audit_helpers.go:77.3,78.17 2 0
github.com/divyang-garg/sentinel-hub-api/internal/cli/audit_helpers.go:78.17,79.12 1 0
github.com/divyang-garg/sentinel-hub-api/internal/cli/audit_helpers.go:83.3,90.17 3 0
github.com/divyang-garg/sentinel-hub-api/internal/cli/audit_helpers.go:90.17,92.12 1 0
github.com/divyang-garg/sentinel-hub-api/internal/cli/audit_helpers.go:96.3,96.44 1 0
github.com/divyang-garg/sentinel-hub-api/internal/cli/audit_helpers.go:96.44,105.4 1 0
github.com/divyang-garg/sentinel-hub-api/internal/cli/audit_helpers.go:108.2,108.22 1 0
github.com/divyang-garg/sentinel-hub-api/internal/cli/audit_helpers.go:112.58,114.86 2 1
github.com/divyang-garg/sentinel-hub-api/internal/cli/audit_helpers.go:114.86,115.33 1 4
github.com/divyang-garg/sentinel-hub-api/internal/cli/audit_helpers.go:115.33,117.4 1 1
github.com/divyang-garg/sentinel-hub-api/internal/cli/audit_helpers.go:118.3,118.37 1 3
github.com/divyang-garg/sentinel-hub-api/internal/cli/audit_helpers.go:118.37,120.4 1 2
github.com/divyang-garg/sentinel-hub-api/internal/cli/audit_helpers.go:121.3,121.13 1 3
github.com/divyang-garg/sentinel-hub-api/internal/cli/audit_helpers.go:123.2,123.19 1 1
github.com/divyang-garg/sentinel-hub-api/internal/cli/audit_helpers.go:127.45,139.2 3 8
github.com/divyang-garg/sentinel-hub-api/internal/cli/audit_helpers.go:142.34,148.2 2 10
github.com/divyang-garg/sentinel-hub-api/internal/cli/audit_helpers.go:151.62,152.21 1 5
github.com/divyang-garg/sentinel-hub-api/internal/cli/audit_helpers.go:153.18,154.34 1 1
github.com/divyang-garg/sentinel-hub-api/internal/cli/audit_helpers.go:155.14,156.30 1 1
github.com/divyang-garg/sentinel-hub-api/internal/cli/audit_helpers.go:157.16,158.32 1 1
github.com/divyang-garg/sentinel-hub-api/internal/cli/audit_helpers.go:159.13,160.29 1 1
github.com/divyang-garg/sentinel-hub-api/internal/cli/audit_helpers.go:161.10,162.33 1 1
github.com/divyang-garg/sentinel-hub-api/internal/cli/audit_helpers.go:167.94,172.38 2 1
github.com/divyang-garg/sentinel-hub-api/internal/cli/audit_helpers.go:172.38,174.51 2 1
github.com/divyang-garg/sentinel-hub-api/internal/cli/audit_helpers.go:174.51,176.4 1 0
github.com/divyang-garg/sentinel-hub-api/internal/cli/audit_helpers.go:179.2,179.15 1 1
github.com/divyang-garg/sentinel-hub-api/internal/cli/baseline.go:12.39,13.20 1 11
github.com/divyang-garg/sentinel-hub-api/internal/cli/baseline.go:13.20,15.3 1 3
github.com/divyang-garg/sentinel-hub-api/internal/cli/baseline.go:17.2,17.17 1 8
github.com/divyang-garg/sentinel-hub-api/internal/cli/baseline.go:18.13,19.33 1 2
github.com/divyang-garg/sentinel-hub-api/internal/cli/baseline.go:20.16,21.38 1 1
github.com/divyang-garg/sentinel-hub-api/internal/cli/baseline.go:22.15,23.25 1 1
github.com/divyang-garg/sentinel-hub-api/internal/cli/baseline.go:24.16,25.34 1 0
github.com/divyang-garg/sentinel-hub-api/internal/cli/baseline.go:26.16,27.34 1 0
github.com/divyang-garg/sentinel-hub-api/internal/cli/baseline.go:28.30,29.29 1 3
github.com/divyang-garg/sentinel-hub-api/internal/cli/baseline.go:30.10,31.103 1 1
github.com/divyang-garg/sentinel-hub-api/internal/cli/baseline.go:36.27,38.16 2 5
github.com/divyang-garg/sentinel-hub-api/internal/cli/baseline.go:38.16,39.25 1 3
github.com/divyang-garg/sentinel-hub-api/internal/cli/baseline.go:39.25,43.4 3 3
github.com/divyang-garg/sentinel-hub-api/internal/cli/baseline.go:44.3,44.56 1 0
github.com/divyang-garg/sentinel-hub-api/internal/cli/baseline.go:47.2,47.32 1 2
github.com/divyang-garg/sentinel-hub-api/internal/cli/baseline.go:47.32,50.3 2 0
github.com/divyang-garg/sentinel-hub-api/internal/cli/baseline.go:52.2,55.41 3 2
github.com/divyang-garg/sentinel-hub-api/internal/cli/baseline.go:55.41,57.25 2 2
github.com/divyang-garg/sentinel-hub-api/internal/cli/baseline.go:57.25,59.4 1 2
github.com/divyang-garg/sentinel-hub-api/internal/cli/baseline.go:60.3,60.88 1 2
github.com/divyang-garg/sentinel-hub-api/internal/cli/baseline.go:63.2,63.12 1 2
github.com/divyang-garg/sentinel-hub-api/internal/cli/baseline.go:67.41,68.19 1 9
github.com/divyang-garg/sentinel-hub-api/internal/cli/baseline.go:68.19,70.3 1 1
github.com/divyang-garg/sentinel-hub-api/internal/cli/baseline.go:72.2,77.16 5 8
github.com/divyang-garg/sentinel-hub-api/internal/cli/baseline.go:77.16,79.3 1 1
github.com/divyang-garg/sentinel-hub-api/internal/cli/baseline.go:81.2,81.19 1 7
github.com/divyang-garg/sentinel-hub-api/internal/cli/baseline.go:81.19,83.3 1 6
github.com/divyang-garg/sentinel-hub-api/internal/cli/baseline.go:83.8,85.3 1 1
github.com/divyang-garg/sentinel-hub-api/internal/cli/baseline.go:88.2,89.39 2 7
github.com/divyang-garg/sentinel-hub-api/internal/cli/baseline.go:89.39,91.3 1 0
github.com/divyang-garg/sentinel-hub-api/internal/cli/baseline.go:94.2,95.16 2 7
github.com/divyang-garg/sentinel-hub-api/internal/cli/baseline.go:95.16,97.3 1 0
github.com/divyang-garg/sentinel-hub-api/internal/cli/baseline.go:100.2,114.47 3 7
github.com/divyang-garg/sentinel-hub-api/internal/cli/baseline.go:114.47,116.3 1 0
github.com/divyang-garg/sentinel-hub-api/internal/cli/baseline.go:118.2,119.18 2 7
github.com/divyang-garg/sentinel-hub-api/internal/cli/baseline.go:119.18,121.3 1 7
github.com/divyang-garg/sentinel-hub-api/internal/cli/baseline.go:123.2,123.12 1 7
github.com/divyang-garg/sentinel-hub-api/internal/cli/baseline.go:127.46,128.19 1 5
github.com/divyang-garg/sentinel-hub-api/internal/cli/baseline.go:128.19,130.3 1 1
github.com/divyang-garg/sentinel-hub-api/internal/cli/baseline.go:132.2,134.16 3 4
github.com/divyang-garg/sentinel-hub-api/internal/cli/baseline.go:134.16,136.3 1 1
github.com/divyang-garg/sentinel-hub-api/internal/cli/baseline.go:139.2,140.16 2 3
github.com/divyang-garg/sentinel-hub-api/internal/cli/baseline.go:140.16,142.3 1 0
github.com/divyang-garg/sentinel-hub-api/internal/cli/baseline.go:144.2,144.48 1 3
github.com/divyang-garg/sentinel-hub-api/internal/cli/baseline.go:144.48,146.3 1 1
github.com/divyang-garg/sentinel-hub-api/internal/cli/baseline.go:149.2,153.47 3 2
github.com/divyang-garg/sentinel-hub-api/internal/cli/baseline.go:153.47,155.3 1 0
github.com/divyang-garg/sentinel-hub-api/internal/cli/baseline.go:157.2,159.12 2 2
github.com/divyang-garg/sentinel-hub-api/internal/cli/baseline.go:163.28,167.57 2 6
github.com/divyang-garg/sentinel-hub-api/internal/cli/baseline.go:167.57,170.3 2 2
github.com/divyang-garg/sentinel-hub-api/internal/cli/baseline.go:173.2,173.48 1 4
github.com/divyang-garg/sentinel-hub-api/internal/cli/baseline.go:173.48,175.3 1 0
github.com/divyang-garg/sentinel-hub-api/internal/cli/baseline.go:177.2,178.12 2 4
github.com/divyang-garg/sentinel-hub-api/internal/cli/baseline.go:182.32,202.2 19 4
github.com/divyang-garg/sentinel-hub-api/internal/cli/baseline_storage.go:15.40,19.16 3 17
github.com/divyang-garg/sentinel-hub-api/internal/cli/baseline_storage.go:19.16,21.3 1 10
github.com/divyang-garg/sentinel-hub-api/internal/cli/baseline_storage.go:23.2,24.56 2 7
github.com/divyang-garg/sentinel-hub-api/internal/cli/baseline_storage.go:24.56,26.3 1 0
github.com/divyang-garg/sentinel-hub-api/internal/cli/baseline_storage.go:28.2,28.23 1 7
github.com/divyang-garg/sentinel-hub-api/internal/cli/baseline_storage.go:32.45,36.70 2 10
github.com/divyang-garg/sentinel-hub-api/internal/cli/baseline_storage.go:36.70,38.3 1 0
github.com/divyang-garg/sentinel-hub-api/internal/cli/baseline_storage.go:40.2,41.16 2 10
github.com/divyang-garg/sentinel-hub-api/internal/cli/baseline_storage.go:41.16,43.3 1 0
github.com/divyang-garg/sentinel-hub-api/internal/cli/baseline_storage.go:45.2,45.53 1 10
github.com/divyang-garg/sentinel-hub-api/internal/cli/baseline_storage.go:49.31,51.2 1 33
github.com/divyang-garg/sentinel-hub-api/internal/cli/baseline_storage.go:54.42,55.19 1 2
github.com/divyang-garg/sentinel-hub-api/internal/cli/baseline_storage.go:55.19,57.3 1 1
github.com/divyang-garg/sentinel-hub-api/internal/cli/baseline_storage.go:59.2,62.16 3 1
github.com/divyang-garg/sentinel-hub-api/internal/cli/baseline_storage.go:62.16,64.3 1 0
github.com/divyang-garg/sentinel-hub-api/internal/cli/baseline_storage.go:66.2,67.16 2 1
github.com/divyang-garg/sentinel-hub-api/internal/cli/baseline_storage.go:67.16,69.3 1 0
github.com/divyang-garg/sentinel-hub-api/internal/cli/baseline_storage.go:71.2,71.61 1 1
github.com/divyang-garg/sentinel-hub-api/internal/cli/baseline_storage.go:71.61,73.3 1 0
github.com/divyang-garg/sentinel-hub-api/internal/cli/baseline_storage.go:75.2,76.12 2 1
github.com/divyang-garg/sentinel-hub-api/internal/cli/baseline_storage.go:80.42,81.19 1 3
github.com/divyang-garg/sentinel-hub-api/internal/cli/baseline_storage.go:81.19,83.3 1 1
github.com/divyang-garg/sentinel-hub-api/internal/cli/baseline_storage.go:85.2,88.16 3 2
github.com/divyang-garg/sentinel-hub-api/internal/cli/baseline_storage.go:88.16,90.3 1 1
github.com/divyang-garg/sentinel-hub-api/internal/cli/baseline_storage.go:92.2,93.56 2 1
github.com/divyang-garg/sentinel-hub-api/internal/cli/baseline_storage.go:93.56,95.3 1 0
github.com/divyang-garg/sentinel-hub-api/internal/cli/baseline_storage.go:97.2,97.48 1 1
github.com/divyang-garg/sentinel-hub-api/internal/cli/baseline_storage.go:97.48,99.3 1 0
github.com/divyang-garg/sentinel-hub-api/internal/cli/baseline_storage.go:101.2,102.12 2 1
github.com/divyang-garg/sentinel-hub-api/internal/cli/cli.go:8.35,9.20 1 25
github.com/divyang-garg/sentinel-hub-api/internal/cli/cli.go:9.20,11.3 1 1
github.com/divyang-garg/sentinel-hub-api/internal/cli/cli.go:13.2,13.17 1 24
github.com/divyang-garg/sentinel-hub-api/internal/cli/cli.go:14.14,15.27 1 1
github.com/divyang-garg/sentinel-hub-api/internal/cli/cli.go:16.15,17.28 1 1
github.com/divyang-garg/sentinel-hub-api/internal/cli/cli.go:18.15,19.28 1 1
github.com/divyang-garg/sentinel-hub-api/internal/cli/cli.go:20.13,21.26 1 1
github.com/divyang-garg/sentinel-hub-api/internal/cli/cli.go:22.16,23.29 1 1
github.com/divyang-garg/sentinel-hub-api/internal/cli/cli.go:24.18,25.31 1 1
github.com/divyang-garg/sentinel-hub-api/internal/cli/cli.go:26.17,27.30 1 1
github.com/divyang-garg/sentinel-hub-api/internal/cli/cli.go:28.14,29.27 1 1
github.com/divyang-garg/sentinel-hub-api/internal/cli/cli.go:30.23,31.35 1 1
github.com/divyang-garg/sentinel-hub-api/internal/cli/cli.go:32.14,33.27 1 0
github.com/divyang-garg/sentinel-hub-api/internal/cli/cli.go:34.24,35.36 1 1
github.com/divyang-garg/sentinel-hub-api/internal/cli/cli.go:36.22,37.34 1 1
github.com/divyang-garg/sentinel-hub-api/internal/cli/cli.go:38.19,39.32 1 1
github.com/divyang-garg/sentinel-hub-api/internal/cli/cli.go:40.16,41.29 1 1
github.com/divyang-garg/sentinel-hub-api/internal/cli/cli.go:42.18,43.30 1 1
github.com/divyang-garg/sentinel-hub-api/internal/cli/cli.go:44.20,45.24 1 1
github.com/divyang-garg/sentinel-hub-api/internal/cli/cli.go:46.36,47.22 1 4
github.com/divyang-garg/sentinel-hub-api/internal/cli/cli.go:48.30,49.21 1 4
github.com/divyang-garg/sentinel-hub-api/internal/cli/cli.go:50.10,51.85 1 1
github.com/divyang-garg/sentinel-hub-api/internal/cli/cli.go:56.24,81.2 24 6
github.com/divyang-garg/sentinel-hub-api/internal/cli/cli.go:84.25,87.2 2 5
github.com/divyang-garg/sentinel-hub-api/internal/cli/docs.go:13.35,18.27 3 2
github.com/divyang-garg/sentinel-hub-api/internal/cli/docs.go:18.27,19.14 1 2
github.com/divyang-garg/sentinel-hub-api/internal/cli/docs.go:20.25,21.23 1 0
github.com/divyang-garg/sentinel-hub-api/internal/cli/docs.go:21.23,23.5 1 0
github.com/divyang-garg/sentinel-hub-api/internal/cli/docs.go:24.24,25.23 1 0
github.com/divyang-garg/sentinel-hub-api/internal/cli/docs.go:25.23,27.5 1 0
github.com/divyang-garg/sentinel-hub-api/internal/cli/docs.go:31.2,35.16 3 2
github.com/divyang-garg/sentinel-hub-api/internal/cli/docs.go:35.16,37.3 1 0
github.com/divyang-garg/sentinel-hub-api/internal/cli/docs.go:40.2,44.47 3 2
github.com/divyang-garg/sentinel-hub-api/internal/cli/docs.go:44.47,46.3 1 0
github.com/divyang-garg/sentinel-hub-api/internal/cli/docs.go:49.2,49.72 1 2
github.com/divyang-garg/sentinel-hub-api/internal/cli/docs.go:49.72,51.3 1 0
github.com/divyang-garg/sentinel-hub-api/internal/cli/docs.go:53.2,54.12 2 2
github.com/divyang-garg/sentinel-hub-api/internal/cli/docs.go:67.66,69.2 1 2
github.com/divyang-garg/sentinel-hub-api/internal/cli/docs.go:71.82,72.22 1 380
github.com/divyang-garg/sentinel-hub-api/internal/cli/docs.go:72.22,74.3 1 0
github.com/divyang-garg/sentinel-hub-api/internal/cli/docs.go:76.2,77.16 2 380
github.com/divyang-garg/sentinel-hub-api/internal/cli/docs.go:77.16,79.3 1 0
github.com/divyang-garg/sentinel-hub-api/internal/cli/docs.go:81.2,88.19 2 380
github.com/divyang-garg/sentinel-hub-api/internal/cli/docs.go:88.19,90.3 1 309
github.com/divyang-garg/sentinel-hub-api/internal/cli/docs.go:93.2,93.30 1 71
github.com/divyang-garg/sentinel-hub-api/internal/cli/docs.go:93.30,95.3 1 0
github.com/divyang-garg/sentinel-hub-api/internal/cli/docs.go:97.2,98.16 2 71
github.com/divyang-garg/sentinel-hub-api/internal/cli/docs.go:98.16,100.3 1 0
github.com/divyang-garg/sentinel-hub-api/internal/cli/docs.go:102.2,102.32 1 71
github.com/divyang-garg/sentinel-hub-api/internal/cli/docs.go:102.32,104.101 1 432
github.com/divyang-garg/sentinel-hub-api/internal/cli/docs.go:104.101,105.12 1 54
github.com/divyang-garg/sentinel-hub-api/internal/cli/docs.go:108.3,110.37 3 378
github.com/divyang-garg/sentinel-hub-api/internal/cli/docs.go:110.37,111.12 1 0
github.com/divyang-garg/sentinel-hub-api/internal/cli/docs.go:114.3,114.51 1 378
github.com/divyang-garg/sentinel-hub-api/internal/cli/docs.go:117.2,117.18 1 71
github.com/divyang-garg/sentinel-hub-api/internal/cli/docs.go:121.46,133.2 7 2
github.com/divyang-garg/sentinel-hub-api/internal/cli/docs.go:136.81,137.22 1 380
github.com/divyang-garg/sentinel-hub-api/internal/cli/docs.go:137.22,139.3 1 2
github.com/divyang-garg/sentinel-hub-api/internal/cli/docs.go:139.8,141.13 2 378
github.com/divyang-garg/sentinel-hub-api/internal/cli/docs.go:141.13,143.4 1 69
github.com/divyang-garg/sentinel-hub-api/internal/cli/docs.go:145.3,146.17 2 378
github.com/divyang-garg/sentinel-hub-api/internal/cli/docs.go:146.17,148.4 1 69
github.com/divyang-garg/sentinel-hub-api/internal/cli/docs.go:148.9,150.4 1 309
github.com/divyang-garg/sentinel-hub-api/internal/cli/docs.go:152.3,152.60 1 378
github.com/divyang-garg/sentinel-hub-api/internal/cli/docs.go:155.2,155.17 1 380
github.com/divyang-garg/sentinel-hub-api/internal/cli/docs.go:155.17,157.3 1 309
github.com/divyang-garg/sentinel-hub-api/internal/cli/docs.go:160.2,161.22 2 71
github.com/divyang-garg/sentinel-hub-api/internal/cli/docs.go:161.22,162.13 1 69
github.com/divyang-garg/sentinel-hub-api/internal/cli/docs.go:162.13,164.4 1 5
github.com/divyang-garg/sentinel-hub-api/internal/cli/docs.go:164.9,166.4 1 64
github.com/divyang-garg/sentinel-hub-api/internal/cli/docs.go:170.2,170.38 1 71
github.com/divyang-garg/sentinel-hub-api/internal/cli/docs.go:170.38,172.3 1 378
github.com/divyang-garg/sentinel-hub-api/internal/cli/docs.go:176.38,193.2 2 71
github.com/divyang-garg/sentinel-hub-api/internal/cli/docsync.go:24.38,28.19 3 2
github.com/divyang-garg/sentinel-hub-api/internal/cli/docsync.go:28.19,30.3 1 1
github.com/divyang-garg/sentinel-hub-api/internal/cli/docsync.go:32.2,36.53 3 2
github.com/divyang-garg/sentinel-hub-api/internal/cli/docsync.go:36.53,39.3 2 2
github.com/divyang-garg/sentinel-hub-api/internal/cli/docsync.go:42.2,43.39 2 0
github.com/divyang-garg/sentinel-hub-api/internal/cli/docsync.go:43.39,46.3 1 0
github.com/divyang-garg/sentinel-hub-api/internal/cli/docsync.go:49.2,52.22 2 0
github.com/divyang-garg/sentinel-hub-api/internal/cli/docsync.go:52.22,55.3 2 0
github.com/divyang-garg/sentinel-hub-api/internal/cli/docsync.go:57.2,60.31 3 0
github.com/divyang-garg/sentinel-hub-api/internal/cli/docsync.go:60.31,63.23 3 0
github.com/divyang-garg/sentinel-hub-api/internal/cli/docsync.go:63.23,65.22 2 0
github.com/divyang-garg/sentinel-hub-api/internal/cli/docsync.go:65.22,67.5 1 0
github.com/divyang-garg/sentinel-hub-api/internal/cli/docsync.go:68.4,68.17 1 0
github.com/divyang-garg/sentinel-hub-api/internal/cli/docsync.go:70.3,70.16 1 0
github.com/divyang-garg/sentinel-hub-api/internal/cli/docsync.go:73.2,74.33 2 0
github.com/divyang-garg/sentinel-hub-api/internal/cli/docsync.go:74.33,76.3 1 0
github.com/divyang-garg/sentinel-hub-api/internal/cli/docsync.go:78.2,78.12 1 0
github.com/divyang-garg/sentinel-hub-api/internal/cli/docsync.go:82.86,85.35 2 1
github.com/divyang-garg/sentinel-hub-api/internal/cli/docsync.go:85.35,87.69 1 3
github.com/divyang-garg/sentinel-hub-api/internal/cli/docsync.go:87.69,89.57 2 2
github.com/divyang-garg/sentinel-hub-api/internal/cli/docsync.go:89.57,96.5 1 1
github.com/divyang-garg/sentinel-hub-api/internal/cli/docsync.go:100.2,100.15 1 1
github.com/divyang-garg/sentinel-hub-api/internal/cli/docsync.go:104.68,114.16 4 1
github.com/divyang-garg/sentinel-hub-api/internal/cli/docsync.go:114.16,116.3 1 0
github.com/divyang-garg/sentinel-hub-api/internal/cli/docsync.go:119.2,120.42 2 1
github.com/divyang-garg/sentinel-hub-api/internal/cli/docsync.go:120.42,122.3 1 15
github.com/divyang-garg/sentinel-hub-api/internal/cli/docsync.go:124.2,124.45 1 1
github.com/divyang-garg/sentinel-hub-api/internal/cli/docsync.go:124.45,125.17 1 1
github.com/divyang-garg/sentinel-hub-api/internal/cli/docsync.go:125.17,133.4 1 1
github.com/divyang-garg/sentinel-hub-api/internal/cli/docsync.go:136.2,136.15 1 1
github.com/divyang-garg/sentinel-hub-api/internal/cli/extract.go:19.38,20.19 1 1
github.com/divyang-garg/sentinel-hub-api/internal/cli/extract.go:20.19,22.3 1 0
github.com/divyang-garg/sentinel-hub-api/internal/cli/extract.go:25.2,25.27 1 1
github.com/divyang-garg/sentinel-hub-api/internal/cli/extract.go:25.27,26.54 1 1
github.com/divyang-garg/sentinel-hub-api/internal/cli/extract.go:26.54,28.4 1 1
github.com/divyang-garg/sentinel-hub-api/internal/cli/extract.go:32.2,36.16 3 0
github.com/divyang-garg/sentinel-hub-api/internal/cli/extract.go:36.16,38.3 1 0
github.com/divyang-garg/sentinel-hub-api/internal/cli/extract.go:40.2,41.16 2 0
github.com/divyang-garg/sentinel-hub-api/internal/cli/extract.go:41.16,43.3 1 0
github.com/divyang-garg/sentinel-hub-api/internal/cli/extract.go:46.2,47.16 2 0
github.com/divyang-garg/sentinel-hub-api/internal/cli/extract.go:47.16,49.3 1 0
github.com/divyang-garg/sentinel-hub-api/internal/cli/extract.go:52.2,56.19 4 0
github.com/divyang-garg/sentinel-hub-api/internal/cli/extract.go:56.19,67.3 1 0
github.com/divyang-garg/sentinel-hub-api/internal/cli/extract.go:67.8,78.3 1 0
github.com/divyang-garg/sentinel-hub-api/internal/cli/extract.go:79.2,79.16 1 0
github.com/divyang-garg/sentinel-hub-api/internal/cli/extract.go:79.16,81.3 1 0
github.com/divyang-garg/sentinel-hub-api/internal/cli/extract.go:84.2,84.36 1 0
github.com/divyang-garg/sentinel-hub-api/internal/cli/extract.go:99.56,107.33 2 0
github.com/divyang-garg/sentinel-hub-api/internal/cli/extract.go:107.33,108.18 1 0
github.com/divyang-garg/sentinel-hub-api/internal/cli/extract.go:109.19,110.23 1 0
github.com/divyang-garg/sentinel-hub-api/internal/cli/extract.go:111.24,112.28 1 0
github.com/divyang-garg/sentinel-hub-api/internal/cli/extract.go:113.17,114.26 1 0
github.com/divyang-garg/sentinel-hub-api/internal/cli/extract.go:115.17,116.24 1 0
github.com/divyang-garg/sentinel-hub-api/internal/cli/extract.go:117.18,118.24 1 0
github.com/divyang-garg/sentinel-hub-api/internal/cli/extract.go:119.19,120.23 1 0
github.com/divyang-garg/sentinel-hub-api/internal/cli/extract.go:120.23,123.5 2 0
github.com/divyang-garg/sentinel-hub-api/internal/cli/extract.go:124.25,125.23 1 0
github.com/divyang-garg/sentinel-hub-api/internal/cli/extract.go:125.23,128.5 2 0
github.com/divyang-garg/sentinel-hub-api/internal/cli/extract.go:129.27,130.23 1 0
github.com/divyang-garg/sentinel-hub-api/internal/cli/extract.go:130.23,133.5 2 0
github.com/divyang-garg/sentinel-hub-api/internal/cli/extract.go:134.11,135.64 1 0
github.com/divyang-garg/sentinel-hub-api/internal/cli/extract.go:135.64,137.5 1 0
github.com/divyang-garg/sentinel-hub-api/internal/cli/extract.go:141.2,141.13 1 0
github.com/divyang-garg/sentinel-hub-api/internal/cli/extract.go:144.73,153.20 6 0
github.com/divyang-garg/sentinel-hub-api/internal/cli/extract.go:153.20,155.20 2 0
github.com/divyang-garg/sentinel-hub-api/internal/cli/extract.go:155.20,157.4 1 0
github.com/divyang-garg/sentinel-hub-api/internal/cli/extract.go:158.3,158.20 1 0
github.com/divyang-garg/sentinel-hub-api/internal/cli/extract.go:158.20,160.4 1 0
github.com/divyang-garg/sentinel-hub-api/internal/cli/extract.go:163.2,164.20 2 0
github.com/divyang-garg/sentinel-hub-api/internal/cli/extract.go:164.20,166.17 2 0
github.com/divyang-garg/sentinel-hub-api/internal/cli/extract.go:166.17,168.4 1 0
github.com/divyang-garg/sentinel-hub-api/internal/cli/extract.go:168.9,170.4 1 0
github.com/divyang-garg/sentinel-hub-api/internal/cli/extract.go:171.8,173.3 1 0
github.com/divyang-garg/sentinel-hub-api/internal/cli/extract.go:175.2,180.16 4 0
github.com/divyang-garg/sentinel-hub-api/internal/cli/extract.go:180.16,181.18 1 0
github.com/divyang-garg/sentinel-hub-api/internal/cli/extract.go:181.18,183.4 1 0
github.com/divyang-garg/sentinel-hub-api/internal/cli/extract.go:185.3,185.31 1 0
github.com/divyang-garg/sentinel-hub-api/internal/cli/extract.go:186.8,188.3 1 0
github.com/divyang-garg/sentinel-hub-api/internal/cli/extract.go:190.2,198.8 1 0
github.com/divyang-garg/sentinel-hub-api/internal/cli/extract.go:201.81,205.21 2 0
github.com/divyang-garg/sentinel-hub-api/internal/cli/extract.go:205.21,207.28 2 0
github.com/divyang-garg/sentinel-hub-api/internal/cli/extract.go:207.28,208.68 1 0
github.com/divyang-garg/sentinel-hub-api/internal/cli/extract.go:208.68,210.5 1 0
github.com/divyang-garg/sentinel-hub-api/internal/cli/extract.go:211.4,211.58 1 0
github.com/divyang-garg/sentinel-hub-api/internal/cli/extract.go:212.9,214.4 1 0
github.com/divyang-garg/sentinel-hub-api/internal/cli/extract.go:215.8,219.33 2 0
github.com/divyang-garg/sentinel-hub-api/internal/cli/extract.go:219.33,222.47 3 0
github.com/divyang-garg/sentinel-hub-api/internal/cli/extract.go:222.47,224.5 1 0
github.com/divyang-garg/sentinel-hub-api/internal/cli/extract.go:225.4,225.17 1 0
github.com/divyang-garg/sentinel-hub-api/internal/cli/extract.go:230.2,230.19 1 0
github.com/divyang-garg/sentinel-hub-api/internal/cli/extract.go:230.19,232.3 1 0
github.com/divyang-garg/sentinel-hub-api/internal/cli/extract.go:234.2,234.12 1 0
github.com/divyang-garg/sentinel-hub-api/internal/cli/extract.go:237.97,239.26 2 0
github.com/divyang-garg/sentinel-hub-api/internal/cli/extract.go:239.26,240.26 1 0
github.com/divyang-garg/sentinel-hub-api/internal/cli/extract.go:240.26,242.4 1 0
github.com/divyang-garg/sentinel-hub-api/internal/cli/extract.go:244.2,244.17 1 0
github.com/divyang-garg/sentinel-hub-api/internal/cli/extract.go:247.65,249.39 2 0
github.com/divyang-garg/sentinel-hub-api/internal/cli/extract.go:249.39,251.3 1 0
github.com/divyang-garg/sentinel-hub-api/internal/cli/extract.go:253.2,253.29 1 0
github.com/divyang-garg/sentinel-hub-api/internal/cli/extract.go:253.29,266.3 2 0
github.com/divyang-garg/sentinel-hub-api/internal/cli/extract.go:268.2,268.42 1 0
github.com/divyang-garg/sentinel-hub-api/internal/cli/extract.go:268.42,270.3 1 0
github.com/divyang-garg/sentinel-hub-api/internal/cli/extract.go:272.2,273.12 2 0
github.com/divyang-garg/sentinel-hub-api/internal/cli/extract.go:276.31,295.2 18 1
github.com/divyang-garg/sentinel-hub-api/internal/cli/extract_helpers.go:18.36,22.2 1 0
github.com/divyang-garg/sentinel-hub-api/internal/cli/extract_helpers.go:24.54,29.2 4 0
github.com/divyang-garg/sentinel-hub-api/internal/cli/extract_helpers.go:31.69,35.2 3 0
github.com/divyang-garg/sentinel-hub-api/internal/cli/extract_helpers.go:40.32,42.2 1 0
github.com/divyang-garg/sentinel-hub-api/internal/cli/extract_helpers.go:44.61,46.2 0 0
github.com/divyang-garg/sentinel-hub-api/internal/cli/extract_helpers.go:48.59,50.2 1 0
github.com/divyang-garg/sentinel-hub-api/internal/cli/extract_helpers.go:52.59,54.2 1 0
github.com/divyang-garg/sentinel-hub-api/internal/cli/extract_helpers.go:56.60,58.2 1 0
github.com/divyang-garg/sentinel-hub-api/internal/cli/extract_helpers.go:69.55,71.20 2 0
github.com/divyang-garg/sentinel-hub-api/internal/cli/extract_helpers.go:71.20,73.3 1 0
github.com/divyang-garg/sentinel-hub-api/internal/cli/extract_helpers.go:75.2,76.18 2 0
github.com/divyang-garg/sentinel-hub-api/internal/cli/extract_helpers.go:76.18,78.3 1 0
github.com/divyang-garg/sentinel-hub-api/internal/cli/extract_helpers.go:80.2,81.17 2 0
github.com/divyang-garg/sentinel-hub-api/internal/cli/extract_helpers.go:81.17,83.19 1 0
github.com/divyang-garg/sentinel-hub-api/internal/cli/extract_helpers.go:84.17,85.27 1 0
github.com/divyang-garg/sentinel-hub-api/internal/cli/extract_helpers.go:86.20,87.28 1 0
github.com/divyang-garg/sentinel-hub-api/internal/cli/extract_helpers.go:88.17,89.20 1 0
github.com/divyang-garg/sentinel-hub-api/internal/cli/extract_helpers.go:90.11,91.27 1 0
github.com/divyang-garg/sentinel-hub-api/internal/cli/extract_helpers.go:95.2,99.8 1 0
github.com/divyang-garg/sentinel-hub-api/internal/cli/extract_helpers.go:102.107,106.2 1 0
github.com/divyang-garg/sentinel-hub-api/internal/cli/extract_helpers.go:111.104,113.2 1 0
github.com/divyang-garg/sentinel-hub-api/internal/cli/fix.go:12.34,14.44 1 2
github.com/divyang-garg/sentinel-hub-api/internal/cli/fix.go:14.44,20.32 2 0
github.com/divyang-garg/sentinel-hub-api/internal/cli/fix.go:20.32,21.23 1 0
github.com/divyang-garg/sentinel-hub-api/internal/cli/fix.go:21.23,23.5 1 0
github.com/divyang-garg/sentinel-hub-api/internal/cli/fix.go:23.10,23.52 1 0
github.com/divyang-garg/sentinel-hub-api/internal/cli/fix.go:23.52,25.5 1 0
github.com/divyang-garg/sentinel-hub-api/internal/cli/fix.go:25.10,25.44 1 0
github.com/divyang-garg/sentinel-hub-api/internal/cli/fix.go:25.44,27.5 1 0
github.com/divyang-garg/sentinel-hub-api/internal/cli/fix.go:30.3,30.36 1 0
github.com/divyang-garg/sentinel-hub-api/internal/cli/fix.go:33.2,41.27 2 2
github.com/divyang-garg/sentinel-hub-api/internal/cli/fix.go:41.27,42.14 1 2
github.com/divyang-garg/sentinel-hub-api/internal/cli/fix.go:43.23,44.25 1 1
github.com/divyang-garg/sentinel-hub-api/internal/cli/fix.go:45.30,46.22 1 1
github.com/divyang-garg/sentinel-hub-api/internal/cli/fix.go:47.22,49.23 2 0
github.com/divyang-garg/sentinel-hub-api/internal/cli/fix.go:50.20,51.23 1 0
github.com/divyang-garg/sentinel-hub-api/internal/cli/fix.go:51.23,53.5 1 0
github.com/divyang-garg/sentinel-hub-api/internal/cli/fix.go:54.11,56.59 1 0
github.com/divyang-garg/sentinel-hub-api/internal/cli/fix.go:56.59,58.5 1 0
github.com/divyang-garg/sentinel-hub-api/internal/cli/fix.go:62.2,65.17 3 1
github.com/divyang-garg/sentinel-hub-api/internal/cli/fix.go:65.17,67.3 1 1
github.com/divyang-garg/sentinel-hub-api/internal/cli/fix.go:69.2,69.24 1 1
github.com/divyang-garg/sentinel-hub-api/internal/cli/fix.go:69.24,71.3 1 0
github.com/divyang-garg/sentinel-hub-api/internal/cli/fix.go:74.2,75.16 2 1
github.com/divyang-garg/sentinel-hub-api/internal/cli/fix.go:75.16,77.3 1 0
github.com/divyang-garg/sentinel-hub-api/internal/cli/fix.go:80.2,81.30 2 1
github.com/divyang-garg/sentinel-hub-api/internal/cli/fix.go:81.30,83.3 1 0
github.com/divyang-garg/sentinel-hub-api/internal/cli/fix.go:84.2,84.31 1 1
github.com/divyang-garg/sentinel-hub-api/internal/cli/fix.go:84.31,87.3 2 0
github.com/divyang-garg/sentinel-hub-api/internal/cli/fix.go:89.2,89.44 1 1
github.com/divyang-garg/sentinel-hub-api/internal/cli/fix.go:89.44,91.3 1 0
github.com/divyang-garg/sentinel-hub-api/internal/cli/fix.go:93.2,93.12 1 1
github.com/divyang-garg/sentinel-hub-api/internal/cli/fix.go:97.27,118.2 20 1
github.com/divyang-garg/sentinel-hub-api/internal/cli/history.go:28.38,33.27 3 2
github.com/divyang-garg/sentinel-hub-api/internal/cli/history.go:33.27,34.14 1 1
github.com/divyang-garg/sentinel-hub-api/internal/cli/history.go:35.17,36.21 1 0
github.com/divyang-garg/sentinel-hub-api/internal/cli/history.go:37.23,38.23 1 0
github.com/divyang-garg/sentinel-hub-api/internal/cli/history.go:38.23,40.5 1 0
github.com/divyang-garg/sentinel-hub-api/internal/cli/history.go:44.2,45.16 2 2
github.com/divyang-garg/sentinel-hub-api/internal/cli/history.go:45.16,46.25 1 2
github.com/divyang-garg/sentinel-hub-api/internal/cli/history.go:46.25,50.4 3 2
github.com/divyang-garg/sentinel-hub-api/internal/cli/history.go:51.3,51.55 1 0
github.com/divyang-garg/sentinel-hub-api/internal/cli/history.go:54.2,54.31 1 0
github.com/divyang-garg/sentinel-hub-api/internal/cli/history.go:54.31,57.3 2 0
github.com/divyang-garg/sentinel-hub-api/internal/cli/history.go:60.2,61.33 2 0
github.com/divyang-garg/sentinel-hub-api/internal/cli/history.go:61.33,63.3 1 0
github.com/divyang-garg/sentinel-hub-api/internal/cli/history.go:64.2,66.16 2 0
github.com/divyang-garg/sentinel-hub-api/internal/cli/history.go:66.16,68.17 2 0
github.com/divyang-garg/sentinel-hub-api/internal/cli/history.go:68.17,70.4 1 0
github.com/divyang-garg/sentinel-hub-api/internal/cli/history.go:71.3,72.13 2 0
github.com/divyang-garg/sentinel-hub-api/internal/cli/history.go:76.2,79.32 3 0
github.com/divyang-garg/sentinel-hub-api/internal/cli/history.go:79.32,81.21 2 0
github.com/divyang-garg/sentinel-hub-api/internal/cli/history.go:81.21,83.4 1 0
github.com/divyang-garg/sentinel-hub-api/internal/cli/history.go:85.3,88.28 3 0
github.com/divyang-garg/sentinel-hub-api/internal/cli/history.go:88.28,91.41 3 0
github.com/divyang-garg/sentinel-hub-api/internal/cli/history.go:91.41,92.15 1 0
github.com/divyang-garg/sentinel-hub-api/internal/cli/history.go:92.15,94.6 1 0
github.com/divyang-garg/sentinel-hub-api/internal/cli/history.go:95.5,96.18 2 0
github.com/divyang-garg/sentinel-hub-api/internal/cli/history.go:98.4,98.17 1 0
github.com/divyang-garg/sentinel-hub-api/internal/cli/history.go:103.2,103.22 1 0
github.com/divyang-garg/sentinel-hub-api/internal/cli/history.go:103.22,109.16 5 0
github.com/divyang-garg/sentinel-hub-api/internal/cli/history.go:109.16,111.4 1 0
github.com/divyang-garg/sentinel-hub-api/internal/cli/history.go:111.9,111.23 1 0
github.com/divyang-garg/sentinel-hub-api/internal/cli/history.go:111.23,113.4 1 0
github.com/divyang-garg/sentinel-hub-api/internal/cli/history.go:113.9,115.4 1 0
github.com/divyang-garg/sentinel-hub-api/internal/cli/history.go:118.2,118.12 1 0
github.com/divyang-garg/sentinel-hub-api/internal/cli/history.go:122.117,124.39 2 0
github.com/divyang-garg/sentinel-hub-api/internal/cli/history.go:124.39,126.3 1 0
github.com/divyang-garg/sentinel-hub-api/internal/cli/history.go:128.2,140.32 3 0
github.com/divyang-garg/sentinel-hub-api/internal/cli/history.go:140.32,142.3 1 0
github.com/divyang-garg/sentinel-hub-api/internal/cli/history.go:144.2,144.29 1 0
github.com/divyang-garg/sentinel-hub-api/internal/cli/history.go:148.43,150.16 2 2
github.com/divyang-garg/sentinel-hub-api/internal/cli/history.go:150.16,152.3 1 2
github.com/divyang-garg/sentinel-hub-api/internal/cli/history.go:154.2,155.55 2 0
github.com/divyang-garg/sentinel-hub-api/internal/cli/history.go:155.55,157.3 1 0
github.com/divyang-garg/sentinel-hub-api/internal/cli/history.go:159.2,159.22 1 0
github.com/divyang-garg/sentinel-hub-api/internal/cli/history.go:163.47,165.55 1 0
github.com/divyang-garg/sentinel-hub-api/internal/cli/history.go:165.55,167.3 1 0
github.com/divyang-garg/sentinel-hub-api/internal/cli/history.go:169.2,170.16 2 0
github.com/divyang-garg/sentinel-hub-api/internal/cli/history.go:170.16,172.3 1 0
github.com/divyang-garg/sentinel-hub-api/internal/cli/history.go:174.2,174.65 1 0
github.com/divyang-garg/sentinel-hub-api/internal/cli/hooks.go:12.43,16.51 2 2
github.com/divyang-garg/sentinel-hub-api/internal/cli/hooks.go:16.51,18.3 1 1
github.com/divyang-garg/sentinel-hub-api/internal/cli/hooks.go:21.2,22.52 2 1
github.com/divyang-garg/sentinel-hub-api/internal/cli/hooks.go:22.52,24.3 1 0
github.com/divyang-garg/sentinel-hub-api/internal/cli/hooks.go:27.2,37.83 3 1
github.com/divyang-garg/sentinel-hub-api/internal/cli/hooks.go:37.83,39.3 1 0
github.com/divyang-garg/sentinel-hub-api/internal/cli/hooks.go:41.2,54.79 4 1
github.com/divyang-garg/sentinel-hub-api/internal/cli/hooks.go:54.79,56.3 1 0
github.com/divyang-garg/sentinel-hub-api/internal/cli/hooks.go:58.2,61.12 3 1
github.com/divyang-garg/sentinel-hub-api/internal/cli/hooks.go:65.35,66.19 1 0
github.com/divyang-garg/sentinel-hub-api/internal/cli/hooks.go:66.19,68.3 1 0
github.com/divyang-garg/sentinel-hub-api/internal/cli/hooks.go:70.2,76.35 3 0
github.com/divyang-garg/sentinel-hub-api/internal/cli/init.go:17.35,21.61 2 2
github.com/divyang-garg/sentinel-hub-api/internal/cli/init.go:21.61,25.3 3 0
github.com/divyang-garg/sentinel-hub-api/internal/cli/init.go:28.2,29.27 2 2
github.com/divyang-garg/sentinel-hub-api/internal/cli/init.go:29.27,30.68 1 10
github.com/divyang-garg/sentinel-hub-api/internal/cli/init.go:30.68,32.4 1 0
github.com/divyang-garg/sentinel-hub-api/internal/cli/init.go:36.2,36.101 1 2
github.com/divyang-garg/sentinel-hub-api/internal/cli/init.go:36.101,38.3 1 0
github.com/divyang-garg/sentinel-hub-api/internal/cli/init.go:39.2,39.93 1 2
github.com/divyang-garg/sentinel-hub-api/internal/cli/init.go:39.93,41.3 1 0
github.com/divyang-garg/sentinel-hub-api/internal/cli/init.go:42.2,42.95 1 2
github.com/divyang-garg/sentinel-hub-api/internal/cli/init.go:42.95,44.3 1 0
github.com/divyang-garg/sentinel-hub-api/internal/cli/init.go:47.2,60.15 11 2
github.com/divyang-garg/sentinel-hub-api/internal/cli/init.go:61.11,62.86 1 0
github.com/divyang-garg/sentinel-hub-api/internal/cli/init.go:62.86,64.4 1 0
github.com/divyang-garg/sentinel-hub-api/internal/cli/init.go:65.11,66.97 1 0
github.com/divyang-garg/sentinel-hub-api/internal/cli/init.go:66.97,68.4 1 0
github.com/divyang-garg/sentinel-hub-api/internal/cli/init.go:69.11,70.98 1 0
github.com/divyang-garg/sentinel-hub-api/internal/cli/init.go:70.98,72.4 1 0
github.com/divyang-garg/sentinel-hub-api/internal/cli/init.go:73.11,74.96 1 0
github.com/divyang-garg/sentinel-hub-api/internal/cli/init.go:74.96,76.4 1 0
github.com/divyang-garg/sentinel-hub-api/internal/cli/init.go:77.11,78.84 1 0
github.com/divyang-garg/sentinel-hub-api/internal/cli/init.go:78.84,80.4 1 0
github.com/divyang-garg/sentinel-hub-api/internal/cli/init.go:84.2,92.12 8 2
github.com/divyang-garg/sentinel-hub-api/internal/cli/init.go:93.11,94.89 1 0
github.com/divyang-garg/sentinel-hub-api/internal/cli/init.go:94.89,96.4 1 0
github.com/divyang-garg/sentinel-hub-api/internal/cli/init.go:97.11,98.93 1 0
github.com/divyang-garg/sentinel-hub-api/internal/cli/init.go:98.93,100.4 1 0
github.com/divyang-garg/sentinel-hub-api/internal/cli/init.go:104.2,107.50 4 2
github.com/divyang-garg/sentinel-hub-api/internal/cli/init.go:107.50,108.94 1 0
github.com/divyang-garg/sentinel-hub-api/internal/cli/init.go:108.94,110.4 1 0
github.com/divyang-garg/sentinel-hub-api/internal/cli/init.go:114.2,114.49 1 2
github.com/divyang-garg/sentinel-hub-api/internal/cli/init.go:114.49,116.3 1 0
github.com/divyang-garg/sentinel-hub-api/internal/cli/init.go:117.2,117.42 1 2
github.com/divyang-garg/sentinel-hub-api/internal/cli/init.go:117.42,119.3 1 0
github.com/divyang-garg/sentinel-hub-api/internal/cli/init.go:121.2,122.12 2 2
github.com/divyang-garg/sentinel-hub-api/internal/cli/init.go:126.50,129.24 2 2
github.com/divyang-garg/sentinel-hub-api/internal/cli/init.go:129.24,131.3 1 0
github.com/divyang-garg/sentinel-hub-api/internal/cli/init.go:132.2,132.16 1 2
github.com/divyang-garg/sentinel-hub-api/internal/cli/init.go:132.16,134.3 1 0
github.com/divyang-garg/sentinel-hub-api/internal/cli/init.go:137.2,137.19 1 2
github.com/divyang-garg/sentinel-hub-api/internal/cli/init.go:137.19,139.3 1 0
github.com/divyang-garg/sentinel-hub-api/internal/cli/init.go:142.2,143.16 2 2
github.com/divyang-garg/sentinel-hub-api/internal/cli/init.go:143.16,145.3 1 0
github.com/divyang-garg/sentinel-hub-api/internal/cli/init.go:148.2,148.23 1 2
github.com/divyang-garg/sentinel-hub-api/internal/cli/init.go:148.23,149.46 1 0
github.com/divyang-garg/sentinel-hub-api/internal/cli/init.go:149.46,151.4 1 0
github.com/divyang-garg/sentinel-hub-api/internal/cli/init.go:152.3,152.13 1 0
github.com/divyang-garg/sentinel-hub-api/internal/cli/init.go:156.2,159.6 4 2
github.com/divyang-garg/sentinel-hub-api/internal/cli/init.go:159.6,160.56 1 2
github.com/divyang-garg/sentinel-hub-api/internal/cli/init.go:160.56,161.9 1 2
github.com/divyang-garg/sentinel-hub-api/internal/cli/init.go:163.3,165.44 3 0
github.com/divyang-garg/sentinel-hub-api/internal/cli/init.go:165.44,167.4 1 0
github.com/divyang-garg/sentinel-hub-api/internal/cli/init.go:171.2,171.57 1 2
github.com/divyang-garg/sentinel-hub-api/internal/cli/init.go:171.57,173.3 1 0
github.com/divyang-garg/sentinel-hub-api/internal/cli/init.go:176.2,176.47 1 2
github.com/divyang-garg/sentinel-hub-api/internal/cli/init.go:176.47,178.3 1 0
github.com/divyang-garg/sentinel-hub-api/internal/cli/init.go:180.2,181.12 2 2
github.com/divyang-garg/sentinel-hub-api/internal/cli/knowledge.go:36.40,37.20 1 18
github.com/divyang-garg/sentinel-hub-api/internal/cli/knowledge.go:37.20,39.3 1 0
github.com/divyang-garg/sentinel-hub-api/internal/cli/knowledge.go:41.2,41.17 1 18
github.com/divyang-garg/sentinel-hub-api/internal/cli/knowledge.go:42.13,43.32 1 8
github.com/divyang-garg/sentinel-hub-api/internal/cli/knowledge.go:44.14,45.25 1 2
github.com/divyang-garg/sentinel-hub-api/internal/cli/knowledge.go:46.16,47.35 1 3
github.com/divyang-garg/sentinel-hub-api/internal/cli/knowledge.go:48.16,49.35 1 1
github.com/divyang-garg/sentinel-hub-api/internal/cli/knowledge.go:50.16,51.35 1 1
github.com/divyang-garg/sentinel-hub-api/internal/cli/knowledge.go:52.17,53.30 1 1
github.com/divyang-garg/sentinel-hub-api/internal/cli/knowledge.go:54.30,55.30 1 2
github.com/divyang-garg/sentinel-hub-api/internal/cli/knowledge.go:56.10,57.25 1 0
github.com/divyang-garg/sentinel-hub-api/internal/cli/knowledge.go:62.28,64.16 2 2
github.com/divyang-garg/sentinel-hub-api/internal/cli/knowledge.go:64.16,65.25 1 1
github.com/divyang-garg/sentinel-hub-api/internal/cli/knowledge.go:65.25,69.4 3 1
github.com/divyang-garg/sentinel-hub-api/internal/cli/knowledge.go:70.3,70.57 1 0
github.com/divyang-garg/sentinel-hub-api/internal/cli/knowledge.go:73.2,73.26 1 1
github.com/divyang-garg/sentinel-hub-api/internal/cli/knowledge.go:73.26,76.3 2 0
github.com/divyang-garg/sentinel-hub-api/internal/cli/knowledge.go:78.2,81.35 3 1
github.com/divyang-garg/sentinel-hub-api/internal/cli/knowledge.go:81.35,83.25 2 2
github.com/divyang-garg/sentinel-hub-api/internal/cli/knowledge.go:83.25,85.4 1 0
github.com/divyang-garg/sentinel-hub-api/internal/cli/knowledge.go:86.3,86.26 1 2
github.com/divyang-garg/sentinel-hub-api/internal/cli/knowledge.go:86.26,88.4 1 0
github.com/divyang-garg/sentinel-hub-api/internal/cli/knowledge.go:89.3,89.46 1 2
github.com/divyang-garg/sentinel-hub-api/internal/cli/knowledge.go:92.2,92.12 1 1
github.com/divyang-garg/sentinel-hub-api/internal/cli/knowledge.go:96.40,97.19 1 8
github.com/divyang-garg/sentinel-hub-api/internal/cli/knowledge.go:97.19,99.3 1 0
github.com/divyang-garg/sentinel-hub-api/internal/cli/knowledge.go:101.2,104.19 4 8
github.com/divyang-garg/sentinel-hub-api/internal/cli/knowledge.go:104.19,106.3 1 7
github.com/divyang-garg/sentinel-hub-api/internal/cli/knowledge.go:108.2,109.19 2 8
github.com/divyang-garg/sentinel-hub-api/internal/cli/knowledge.go:109.19,111.3 1 2
github.com/divyang-garg/sentinel-hub-api/internal/cli/knowledge.go:113.2,114.39 2 8
github.com/divyang-garg/sentinel-hub-api/internal/cli/knowledge.go:114.39,116.3 1 0
github.com/divyang-garg/sentinel-hub-api/internal/cli/knowledge.go:118.2,131.42 3 8
github.com/divyang-garg/sentinel-hub-api/internal/cli/knowledge.go:131.42,133.3 1 0
github.com/divyang-garg/sentinel-hub-api/internal/cli/knowledge.go:135.2,136.12 2 8
github.com/divyang-garg/sentinel-hub-api/internal/cli/knowledge.go:140.43,141.19 1 3
github.com/divyang-garg/sentinel-hub-api/internal/cli/knowledge.go:141.19,143.3 1 0
github.com/divyang-garg/sentinel-hub-api/internal/cli/knowledge.go:145.2,147.16 3 3
github.com/divyang-garg/sentinel-hub-api/internal/cli/knowledge.go:147.16,149.3 1 0
github.com/divyang-garg/sentinel-hub-api/internal/cli/knowledge.go:151.2,152.35 2 3
github.com/divyang-garg/sentinel-hub-api/internal/cli/knowledge.go:152.35,155.35 1 11
github.com/divyang-garg/sentinel-hub-api/internal/cli/knowledge.go:155.35,157.4 1 2
github.com/divyang-garg/sentinel-hub-api/internal/cli/knowledge.go:160.2,160.23 1 3
github.com/divyang-garg/sentinel-hub-api/internal/cli/knowledge.go:160.23,163.3 2 1
github.com/divyang-garg/sentinel-hub-api/internal/cli/knowledge.go:165.2,166.32 2 2
github.com/divyang-garg/sentinel-hub-api/internal/cli/knowledge.go:166.32,169.3 2 2
github.com/divyang-garg/sentinel-hub-api/internal/cli/knowledge.go:171.2,171.12 1 2
github.com/divyang-garg/sentinel-hub-api/internal/cli/knowledge.go:175.43,176.19 1 1
github.com/divyang-garg/sentinel-hub-api/internal/cli/knowledge.go:176.19,178.3 1 0
github.com/divyang-garg/sentinel-hub-api/internal/cli/knowledge.go:180.2,182.16 3 1
github.com/divyang-garg/sentinel-hub-api/internal/cli/knowledge.go:182.16,184.3 1 0
github.com/divyang-garg/sentinel-hub-api/internal/cli/knowledge.go:186.2,187.16 2 1
github.com/divyang-garg/sentinel-hub-api/internal/cli/knowledge.go:187.16,189.3 1 0
github.com/divyang-garg/sentinel-hub-api/internal/cli/knowledge.go:191.2,191.61 1 1
github.com/divyang-garg/sentinel-hub-api/internal/cli/knowledge.go:191.61,193.3 1 0
github.com/divyang-garg/sentinel-hub-api/internal/cli/knowledge.go:195.2,196.12 2 1
github.com/divyang-garg/sentinel-hub-api/internal/cli/knowledge.go:200.43,201.19 1 1
github.com/divyang-garg/sentinel-hub-api/internal/cli/knowledge.go:201.19,203.3 1 0
github.com/divyang-garg/sentinel-hub-api/internal/cli/knowledge.go:205.2,207.16 3 1
github.com/divyang-garg/sentinel-hub-api/internal/cli/knowledge.go:207.16,209.3 1 0
github.com/divyang-garg/sentinel-hub-api/internal/cli/knowledge.go:211.2,212.50 2 1
github.com/divyang-garg/sentinel-hub-api/internal/cli/knowledge.go:212.50,214.3 1 0
github.com/divyang-garg/sentinel-hub-api/internal/cli/knowledge.go:216.2,216.43 1 1
github.com/divyang-garg/sentinel-hub-api/internal/cli/knowledge.go:216.43,218.3 1 0
github.com/divyang-garg/sentinel-hub-api/internal/cli/knowledge.go:220.2,221.12 2 1
github.com/divyang-garg/sentinel-hub-api/internal/cli/knowledge.go:225.46,228.16 3 19
github.com/divyang-garg/sentinel-hub-api/internal/cli/knowledge.go:228.16,230.3 1 6
github.com/divyang-garg/sentinel-hub-api/internal/cli/knowledge.go:232.2,233.50 2 13
github.com/divyang-garg/sentinel-hub-api/internal/cli/knowledge.go:233.50,235.3 1 1
github.com/divyang-garg/sentinel-hub-api/internal/cli/knowledge.go:237.2,237.17 1 12
github.com/divyang-garg/sentinel-hub-api/internal/cli/knowledge.go:241.45,243.64 2 12
github.com/divyang-garg/sentinel-hub-api/internal/cli/knowledge.go:243.64,245.3 1 0
github.com/divyang-garg/sentinel-hub-api/internal/cli/knowledge.go:247.2,248.16 2 12
github.com/divyang-garg/sentinel-hub-api/internal/cli/knowledge.go:248.16,250.3 1 0
github.com/divyang-garg/sentinel-hub-api/internal/cli/knowledge.go:252.2,252.47 1 12
github.com/divyang-garg/sentinel-hub-api/internal/cli/knowledge.go:256.32,258.2 1 31
github.com/divyang-garg/sentinel-hub-api/internal/cli/knowledge.go:261.26,263.2 1 8
github.com/divyang-garg/sentinel-hub-api/internal/cli/knowledge.go:265.52,266.27 1 19
github.com/divyang-garg/sentinel-hub-api/internal/cli/knowledge.go:266.27,267.52 1 20
github.com/divyang-garg/sentinel-hub-api/internal/cli/knowledge.go:267.52,269.4 1 7
github.com/divyang-garg/sentinel-hub-api/internal/cli/knowledge.go:271.2,271.14 1 12
github.com/divyang-garg/sentinel-hub-api/internal/cli/knowledge.go:274.44,275.22 1 6
github.com/divyang-garg/sentinel-hub-api/internal/cli/knowledge.go:275.22,277.3 1 5
github.com/divyang-garg/sentinel-hub-api/internal/cli/knowledge.go:278.2,278.27 1 1
github.com/divyang-garg/sentinel-hub-api/internal/cli/knowledge.go:282.33,301.2 18 2
github.com/divyang-garg/sentinel-hub-api/internal/cli/learn.go:13.36,30.27 3 13
github.com/divyang-garg/sentinel-hub-api/internal/cli/learn.go:30.27,31.14 1 18
github.com/divyang-garg/sentinel-hub-api/internal/cli/learn.go:32.19,33.26 1 2
github.com/divyang-garg/sentinel-hub-api/internal/cli/learn.go:34.20,35.27 1 1
github.com/divyang-garg/sentinel-hub-api/internal/cli/learn.go:36.22,37.29 1 1
github.com/divyang-garg/sentinel-hub-api/internal/cli/learn.go:38.35,39.36 1 1
github.com/divyang-garg/sentinel-hub-api/internal/cli/learn.go:40.19,41.46 1 2
github.com/divyang-garg/sentinel-hub-api/internal/cli/learn.go:41.46,43.5 1 2
github.com/divyang-garg/sentinel-hub-api/internal/cli/learn.go:43.10,43.44 1 0
github.com/divyang-garg/sentinel-hub-api/internal/cli/learn.go:43.44,45.5 1 0
github.com/divyang-garg/sentinel-hub-api/internal/cli/learn.go:46.24,47.26 1 1
github.com/divyang-garg/sentinel-hub-api/internal/cli/learn.go:48.23,49.23 1 1
github.com/divyang-garg/sentinel-hub-api/internal/cli/learn.go:49.23,51.5 1 1
github.com/divyang-garg/sentinel-hub-api/internal/cli/learn.go:52.20,53.23 1 1
github.com/divyang-garg/sentinel-hub-api/internal/cli/learn.go:53.23,55.5 1 1
github.com/divyang-garg/sentinel-hub-api/internal/cli/learn.go:56.24,57.23 1 1
github.com/divyang-garg/sentinel-hub-api/internal/cli/learn.go:57.23,59.5 1 1
github.com/divyang-garg/sentinel-hub-api/internal/cli/learn.go:60.11,62.37 1 7
github.com/divyang-garg/sentinel-hub-api/internal/cli/learn.go:62.37,64.5 1 6
github.com/divyang-garg/sentinel-hub-api/internal/cli/learn.go:68.2,69.12 2 13
github.com/divyang-garg/sentinel-hub-api/internal/cli/mcp.go:13.27,17.2 3 1
github.com/divyang-garg/sentinel-hub-api/internal/cli/review.go:14.37,16.16 2 3
github.com/divyang-garg/sentinel-hub-api/internal/cli/review.go:16.16,17.25 1 2
github.com/divyang-garg/sentinel-hub-api/internal/cli/review.go:17.25,20.4 2 2
github.com/divyang-garg/sentinel-hub-api/internal/cli/review.go:21.3,21.57 1 0
github.com/divyang-garg/sentinel-hub-api/internal/cli/review.go:25.2,26.35 2 1
github.com/divyang-garg/sentinel-hub-api/internal/cli/review.go:26.35,27.30 1 2
github.com/divyang-garg/sentinel-hub-api/internal/cli/review.go:27.30,29.4 1 2
github.com/divyang-garg/sentinel-hub-api/internal/cli/review.go:32.2,32.23 1 1
github.com/divyang-garg/sentinel-hub-api/internal/cli/review.go:32.23,35.3 2 0
github.com/divyang-garg/sentinel-hub-api/internal/cli/review.go:37.2,42.32 4 1
github.com/divyang-garg/sentinel-hub-api/internal/cli/review.go:42.32,46.26 4 2
github.com/divyang-garg/sentinel-hub-api/internal/cli/review.go:46.26,48.4 1 0
github.com/divyang-garg/sentinel-hub-api/internal/cli/review.go:49.3,54.19 4 2
github.com/divyang-garg/sentinel-hub-api/internal/cli/review.go:55.23,59.31 4 0
github.com/divyang-garg/sentinel-hub-api/internal/cli/review.go:60.22,64.31 4 0
github.com/divyang-garg/sentinel-hub-api/internal/cli/review.go:65.20,66.34 1 0
github.com/divyang-garg/sentinel-hub-api/internal/cli/review.go:67.20,69.28 2 0
github.com/divyang-garg/sentinel-hub-api/internal/cli/review.go:70.11,71.51 1 2
github.com/divyang-garg/sentinel-hub-api/internal/cli/review.go:75.2,75.42 1 1
github.com/divyang-garg/sentinel-hub-api/internal/cli/review.go:75.42,77.3 1 0
github.com/divyang-garg/sentinel-hub-api/internal/cli/review.go:79.2,80.12 2 1
github.com/divyang-garg/sentinel-hub-api/internal/cli/review.go:84.70,85.35 1 1
github.com/divyang-garg/sentinel-hub-api/internal/cli/review.go:85.35,86.29 1 1
github.com/divyang-garg/sentinel-hub-api/internal/cli/review.go:86.29,89.4 2 1
github.com/divyang-garg/sentinel-hub-api/internal/cli/status.go:14.37,19.50 3 2
github.com/divyang-garg/sentinel-hub-api/internal/cli/status.go:19.50,21.3 1 0
github.com/divyang-garg/sentinel-hub-api/internal/cli/status.go:21.8,23.3 1 2
github.com/divyang-garg/sentinel-hub-api/internal/cli/status.go:26.2,32.46 3 2
github.com/divyang-garg/sentinel-hub-api/internal/cli/status.go:32.46,33.47 1 18
github.com/divyang-garg/sentinel-hub-api/internal/cli/status.go:33.47,35.4 1 0
github.com/divyang-garg/sentinel-hub-api/internal/cli/status.go:38.2,38.25 1 2
github.com/divyang-garg/sentinel-hub-api/internal/cli/status.go:38.25,40.3 1 0
github.com/divyang-garg/sentinel-hub-api/internal/cli/status.go:40.8,42.3 1 2
github.com/divyang-garg/sentinel-hub-api/internal/cli/status.go:45.2,45.43 1 2
github.com/divyang-garg/sentinel-hub-api/internal/cli/status.go:45.43,49.87 2 1
github.com/divyang-garg/sentinel-hub-api/internal/cli/status.go:49.87,51.44 2 0
github.com/divyang-garg/sentinel-hub-api/internal/cli/status.go:51.44,53.5 1 0
github.com/divyang-garg/sentinel-hub-api/internal/cli/status.go:53.10,55.5 1 0
github.com/divyang-garg/sentinel-hub-api/internal/cli/status.go:57.8,59.3 1 1
github.com/divyang-garg/sentinel-hub-api/internal/cli/status.go:62.2,63.74 2 2
github.com/divyang-garg/sentinel-hub-api/internal/cli/status.go:63.74,64.17 1 579
github.com/divyang-garg/sentinel-hub-api/internal/cli/status.go:64.17,66.4 1 0
github.com/divyang-garg/sentinel-hub-api/internal/cli/status.go:67.3,67.83 1 579
github.com/divyang-garg/sentinel-hub-api/internal/cli/status.go:67.83,69.4 1 0
github.com/divyang-garg/sentinel-hub-api/internal/cli/status.go:70.3,71.93 1 579
github.com/divyang-garg/sentinel-hub-api/internal/cli/status.go:71.93,73.4 1 4
github.com/divyang-garg/sentinel-hub-api/internal/cli/status.go:74.3,74.13 1 579
github.com/divyang-garg/sentinel-hub-api/internal/cli/status.go:77.2,77.19 1 2
github.com/divyang-garg/sentinel-hub-api/internal/cli/status.go:77.19,79.3 1 1
github.com/divyang-garg/sentinel-hub-api/internal/cli/status.go:79.8,81.3 1 1
github.com/divyang-garg/sentinel-hub-api/internal/cli/status.go:84.2,84.62 1 2
github.com/divyang-garg/sentinel-hub-api/internal/cli/status.go:84.62,86.3 1 1
github.com/divyang-garg/sentinel-hub-api/internal/cli/status.go:86.8,88.3 1 1
github.com/divyang-garg/sentinel-hub-api/internal/cli/status.go:91.2,91.52 1 2
github.com/divyang-garg/sentinel-hub-api/internal/cli/status.go:91.52,93.3 1 2
github.com/divyang-garg/sentinel-hub-api/internal/cli/status.go:93.8,95.3 1 0
github.com/divyang-garg/sentinel-hub-api/internal/cli/status.go:97.2,99.26 3 2
github.com/divyang-garg/sentinel-hub-api/internal/cli/status.go:99.26,101.3 1 2
github.com/divyang-garg/sentinel-hub-api/internal/cli/status.go:102.2,102.20 1 2
github.com/divyang-garg/sentinel-hub-api/internal/cli/status.go:102.20,104.3 1 1
github.com/divyang-garg/sentinel-hub-api/internal/cli/status.go:105.2,106.70 2 2
github.com/divyang-garg/sentinel-hub-api/internal/cli/status.go:106.70,108.3 1 1
github.com/divyang-garg/sentinel-hub-api/internal/cli/status.go:110.2,110.12 1 2
github.com/divyang-garg/sentinel-hub-api/internal/cli/update.go:16.42,21.27 3 2
github.com/divyang-garg/sentinel-hub-api/internal/cli/update.go:21.27,22.38 1 1
github.com/divyang-garg/sentinel-hub-api/internal/cli/update.go:22.38,24.4 1 0
github.com/divyang-garg/sentinel-hub-api/internal/cli/update.go:27.2,30.53 2 2
github.com/divyang-garg/sentinel-hub-api/internal/cli/update.go:30.53,33.3 2 0
github.com/divyang-garg/sentinel-hub-api/internal/cli/update.go:36.2,40.27 4 2
github.com/divyang-garg/sentinel-hub-api/internal/cli/update.go:40.27,43.3 2 0
github.com/divyang-garg/sentinel-hub-api/internal/cli/update.go:45.2,49.49 4 2
github.com/divyang-garg/sentinel-hub-api/internal/cli/update.go:53.65,56.12 2 2
github.com/divyang-garg/sentinel-hub-api/internal/cli/update.go:56.12,58.54 2 2
github.com/divyang-garg/sentinel-hub-api/internal/cli/update.go:58.54,60.4 1 0
github.com/divyang-garg/sentinel-hub-api/internal/cli/update.go:63.3,64.17 2 2
github.com/divyang-garg/sentinel-hub-api/internal/cli/update.go:64.17,65.34 1 2
github.com/divyang-garg/sentinel-hub-api/internal/cli/update.go:65.34,66.61 1 6
github.com/divyang-garg/sentinel-hub-api/internal/cli/update.go:66.61,67.14 1 2
github.com/divyang-garg/sentinel-hub-api/internal/cli/update.go:69.5,72.19 4 4
github.com/divyang-garg/sentinel-hub-api/internal/cli/update.go:72.19,74.6 1 4
github.com/divyang-garg/sentinel-hub-api/internal/cli/update.go:81.2,87.39 3 2
github.com/divyang-garg/sentinel-hub-api/internal/cli/update.go:87.39,89.71 2 4
github.com/divyang-garg/sentinel-hub-api/internal/cli/update.go:89.71,91.4 1 0
github.com/divyang-garg/sentinel-hub-api/internal/cli/update.go:91.9,94.4 2 4
github.com/divyang-garg/sentinel-hub-api/internal/cli/update.go:97.2,99.27 2 2
github.com/divyang-garg/sentinel-hub-api/internal/cli/update.go:99.27,102.3 2 2
github.com/divyang-garg/sentinel-hub-api/internal/cli/update.go:104.2,104.12 1 2
github.com/divyang-garg/sentinel-hub-api/internal/cli/validate.go:13.44,17.53 2 2
github.com/divyang-garg/sentinel-hub-api/internal/cli/validate.go:17.53,19.3 1 0
github.com/divyang-garg/sentinel-hub-api/internal/cli/validate.go:21.2,25.16 3 2
github.com/divyang-garg/sentinel-hub-api/internal/cli/validate.go:25.16,27.3 1 0
github.com/divyang-garg/sentinel-hub-api/internal/cli/validate.go:29.2,32.32 3 2
github.com/divyang-garg/sentinel-hub-api/internal/cli/validate.go:32.32,33.63 1 4
github.com/divyang-garg/sentinel-hub-api/internal/cli/validate.go:33.63,34.12 1 0
github.com/divyang-garg/sentinel-hub-api/internal/cli/validate.go:37.3,38.52 2 4
github.com/divyang-garg/sentinel-hub-api/internal/cli/validate.go:38.52,41.4 2 2
github.com/divyang-garg/sentinel-hub-api/internal/cli/validate.go:41.9,44.4 2 2
github.com/divyang-garg/sentinel-hub-api/internal/cli/validate.go:47.2,49.22 2 2
github.com/divyang-garg/sentinel-hub-api/internal/cli/validate.go:49.22,51.3 1 2
github.com/divyang-garg/sentinel-hub-api/internal/cli/validate.go:53.2,53.12 1 0
github.com/divyang-garg/sentinel-hub-api/internal/cli/validate.go:57.42,59.16 2 4
github.com/divyang-garg/sentinel-hub-api/internal/cli/validate.go:59.16,61.3 1 0
github.com/divyang-garg/sentinel-hub-api/internal/cli/validate.go:63.2,66.42 2 4
github.com/divyang-garg/sentinel-hub-api/internal/cli/validate.go:66.42,68.3 1 1
github.com/divyang-garg/sentinel-hub-api/internal/cli/validate.go:71.2,72.20 2 3
github.com/divyang-garg/sentinel-hub-api/internal/cli/validate.go:72.20,74.3 1 0
github.com/divyang-garg/sentinel-hub-api/internal/cli/validate.go:76.2,80.39 3 3
github.com/divyang-garg/sentinel-hub-api/internal/cli/validate.go:80.39,81.44 1 9
github.com/divyang-garg/sentinel-hub-api/internal/cli/validate.go:81.44,83.4 1 1
github.com/divyang-garg/sentinel-hub-api/internal/cli/validate.go:86.2,86.12 1 2
